Using pre-set license
Built from '2021.3/staging' branch; Version is '2021.3.0f1 (6eacc8284459) revision 7253192'; Using compiler version '192829333'; Build Type 'Release'
OS: 'Windows 10  (10.0.19044) 64bit Core' Language: 'fr' Physical Memory: 16231 MB
BatchMode: 1, IsHumanControllingUs: 0, StartBugReporterOnCrash: 0, Is64bit: 1, IsPro: 1

COMMAND LINE ARGUMENTS:
C:\Infomatique\Unity\2021.3.0f1\Editor\Unity.exe
-adb2
-batchMode
-noUpm
-name
AssetImportWorker7
-projectPath
C:/Infomatique/Unity/Projects/Personal Projects/DFL/DFL
-logFile
Logs/AssetImportWorker7.log
-srvPort
60418
Successfully changed project path to: C:/Infomatique/Unity/Projects/Personal Projects/DFL/DFL
C:/Infomatique/Unity/Projects/Personal Projects/DFL/DFL
[UnityMemory] Configuration Parameters - Can be set up in boot.config
    "memorysetup-bucket-allocator-granularity=16"
    "memorysetup-bucket-allocator-bucket-count=8"
    "memorysetup-bucket-allocator-block-size=33554432"
    "memorysetup-bucket-allocator-block-count=8"
    "memorysetup-main-allocator-block-size=16777216"
    "memorysetup-thread-allocator-block-size=16777216"
    "memorysetup-gfx-main-allocator-block-size=16777216"
    "memorysetup-gfx-thread-allocator-block-size=16777216"
    "memorysetup-cache-allocator-block-size=4194304"
    "memorysetup-typetree-allocator-block-size=2097152"
    "memorysetup-profiler-bucket-allocator-granularity=16"
    "memorysetup-profiler-bucket-allocator-bucket-count=8"
    "memorysetup-profiler-bucket-allocator-block-size=33554432"
    "memorysetup-profiler-bucket-allocator-block-count=8"
    "memorysetup-profiler-allocator-block-size=16777216"
    "memorysetup-profiler-editor-allocator-block-size=1048576"
    "memorysetup-temp-allocator-size-main=16777216"
    "memorysetup-job-temp-allocator-block-size=2097152"
    "memorysetup-job-temp-allocator-block-size-background=1048576"
    "memorysetup-job-temp-allocator-reduction-small-platforms=262144"
    "memorysetup-temp-allocator-size-background-worker=32768"
    "memorysetup-temp-allocator-size-job-worker=262144"
    "memorysetup-temp-allocator-size-preload-manager=33554432"
    "memorysetup-temp-allocator-size-nav-mesh-worker=65536"
    "memorysetup-temp-allocator-size-audio-worker=65536"
    "memorysetup-temp-allocator-size-cloud-worker=32768"
    "memorysetup-temp-allocator-size-gi-baking-worker=262144"
    "memorysetup-temp-allocator-size-gfx=262144"
Refreshing native plugins compatible for Editor in 106.72 ms, found 2 plugins.
Preloading 0 native plugins for Editor in 0.00 ms.
Initialize engine version: 2021.3.0f1 (6eacc8284459)
[Subsystems] Discovering subsystems at path C:/Infomatique/Unity/2021.3.0f1/Editor/Data/Resources/UnitySubsystems
[Subsystems] Discovering subsystems at path C:/Infomatique/Unity/Projects/Personal Projects/DFL/DFL/Assets
GfxDevice: creating device client; threaded=0; jobified=0
Direct3D:
    Version:  Direct3D 11.0 [level 11.1]
    Renderer: NVIDIA GeForce GTX 1660 Ti (ID=0x2191)
    Vendor:   NVIDIA
    VRAM:     5991 MB
    Driver:   26.21.14.4137
Initialize mono
Mono path[0] = 'C:/Infomatique/Unity/2021.3.0f1/Editor/Data/Managed'
Mono path[1] = 'C:/Infomatique/Unity/2021.3.0f1/Editor/Data/MonoBleedingEdge/lib/mono/unityjit-win32'
Mono config path = 'C:/Infomatique/Unity/2021.3.0f1/Editor/Data/MonoBleedingEdge/etc'
Using monoOptions --debugger-agent=transport=dt_socket,embedding=1,server=y,suspend=n,address=127.0.0.1:56512
Begin MonoManager ReloadAssembly
Registering precompiled unity dll's ...
Register platform support module: C:/Infomatique/Unity/2021.3.0f1/Editor/Data/PlaybackEngines/WebGLSupport/UnityEditor.WebGL.Extensions.dll
Register platform support module: C:/Infomatique/Unity/2021.3.0f1/Editor/Data/PlaybackEngines/WindowsStandaloneSupport/UnityEditor.WindowsStandalone.Extensions.dll
Registered in 0.007863 seconds.
Native extension for WindowsStandalone target not found
Native extension for WebGL target not found
Refreshing native plugins compatible for Editor in 91.72 ms, found 2 plugins.
Preloading 0 native plugins for Editor in 0.00 ms.
Mono: successfully reloaded assembly
- Completed reload, in  0.723 seconds
Domain Reload Profiling:
	ReloadAssembly (723ms)
		BeginReloadAssembly (88ms)
			ExecutionOrderSort (0ms)
			DisableScriptedObjects (0ms)
			BackupInstance (0ms)
			ReleaseScriptingObjects (0ms)
			CreateAndSetChildDomain (1ms)
		EndReloadAssembly (502ms)
			LoadAssemblies (84ms)
			RebuildTransferFunctionScriptingTraits (0ms)
			SetupTypeCache (124ms)
			ReleaseScriptCaches (0ms)
			RebuildScriptCaches (28ms)
			SetupLoadedEditorAssemblies (297ms)
				LogAssemblyErrors (0ms)
				InitializePlatformSupportModulesInManaged (10ms)
				SetLoadedEditorAssemblies (0ms)
				RefreshPlugins (92ms)
				BeforeProcessingInitializeOnLoad (1ms)
				ProcessInitializeOnLoadAttributes (148ms)
				ProcessInitializeOnLoadMethodAttributes (45ms)
				AfterProcessingInitializeOnLoad (0ms)
				EditorAssembliesLoaded (0ms)
			ExecutionOrderSort2 (0ms)
			AwakeInstancesAfterBackupRestoration (0ms)
Platform modules already initialized, skipping
Registering precompiled user dll's ...
Registered in 0.005852 seconds.
Begin MonoManager ReloadAssembly
Symbol file LoadedFromMemory is not a mono symbol file
Native extension for WindowsStandalone target not found
Native extension for WebGL target not found
Refreshing native plugins compatible for Editor in 77.51 ms, found 2 plugins.
Preloading 0 native plugins for Editor in 0.00 ms.
Mono: successfully reloaded assembly
- Completed reload, in  1.249 seconds
Domain Reload Profiling:
	ReloadAssembly (1249ms)
		BeginReloadAssembly (108ms)
			ExecutionOrderSort (0ms)
			DisableScriptedObjects (5ms)
			BackupInstance (0ms)
			ReleaseScriptingObjects (0ms)
			CreateAndSetChildDomain (18ms)
		EndReloadAssembly (1031ms)
			LoadAssemblies (95ms)
			RebuildTransferFunctionScriptingTraits (0ms)
			SetupTypeCache (210ms)
			ReleaseScriptCaches (1ms)
			RebuildScriptCaches (50ms)
			SetupLoadedEditorAssemblies (633ms)
				LogAssemblyErrors (0ms)
				InitializePlatformSupportModulesInManaged (6ms)
				SetLoadedEditorAssemblies (0ms)
				RefreshPlugins (78ms)
				BeforeProcessingInitializeOnLoad (89ms)
				ProcessInitializeOnLoadAttributes (375ms)
				ProcessInitializeOnLoadMethodAttributes (77ms)
				AfterProcessingInitializeOnLoad (9ms)
				EditorAssembliesLoaded (0ms)
			ExecutionOrderSort2 (0ms)
			AwakeInstancesAfterBackupRestoration (8ms)
Platform modules already initialized, skipping
========================================================================
Worker process is ready to serve import requests
Launched and connected shader compiler UnityShaderCompiler.exe after 0.07 seconds
Refreshing native plugins compatible for Editor in 0.96 ms, found 2 plugins.
Preloading 0 native plugins for Editor in 0.00 ms.
Unloading 3801 Unused Serialized files (Serialized files now loaded: 0)
Unloading 129 unused Assets / (465.4 KB). Loaded Objects now: 4252.
Memory consumption went from 183.5 MB to 183.1 MB.
Total: 4.269800 ms (FindLiveObjects: 0.335400 ms CreateObjectMapping: 0.220900 ms MarkObjects: 3.332400 ms  DeleteObjects: 0.380400 ms)

AssetImportParameters requested are different than current active one (requested -> active):
  custom:video-decoder-ogg-theora: a1e56fd34408186e4bbccfd4996cb3dc -> 
  custom:container-muxer-webm: aa71ff27fc2769a1b78a27578f13a17b -> 
  custom:container-demuxer-webm: 4f35f7cbe854078d1ac9338744f61a02 -> 
  custom:video-encoder-webm-vp8: eb34c28f22e8b96e1ab97ce403110664 -> 
  custom:audio-encoder-webm-vorbis: bf7c407c2cedff20999df2af8eb42d56 -> 
  custom:framework-win-MediaFoundation: 216162199b28c13a410421893ffa2e32 -> 
  custom:container-demuxer-ogg: 62fdf1f143b41e24485cea50d1cbac27 -> 
  custom:video-decoder-webm-vp8: 9c59270c3fd7afecdb556c50c9e8de78 -> 
  custom:audio-decoder-ogg-vorbis: bf7c407c2cedff20999df2af8eb42d56 -> 
========================================================================
Received Prepare
Registering precompiled user dll's ...
Registered in 0.005706 seconds.
Begin MonoManager ReloadAssembly
Symbol file LoadedFromMemory is not a mono symbol file
Native extension for WindowsStandalone target not found
Native extension for WebGL target not found
Refreshing native plugins compatible for Editor in 1.69 ms, found 2 plugins.
Preloading 0 native plugins for Editor in 0.00 ms.
Warning: Annotation not found!
UnityEngine.StackTraceUtility:ExtractStackTrace ()
UnityEditor.ProBuilder.EditorUtility:SetGizmoIconEnabled (System.Type,bool) (at Library/PackageCache/com.unity.probuilder@5.0.3/Editor/EditorCore/EditorUtility.cs:575)
UnityEditor.ProBuilder.HierarchyListener:.cctor () (at Library/PackageCache/com.unity.probuilder@5.0.3/Editor/EditorCore/HierarchyListener.cs:21)
System.Runtime.CompilerServices.RuntimeHelpers:RunClassConstructor (System.RuntimeTypeHandle)
UnityEditor.EditorAssemblies:ProcessInitializeOnLoadAttributes (System.Type[])

[Library/PackageCache/com.unity.probuilder@5.0.3/Editor/EditorCore/EditorUtility.cs line 575]

Mono: successfully reloaded assembly
- Completed reload, in  1.440 seconds
Domain Reload Profiling:
	ReloadAssembly (1441ms)
		BeginReloadAssembly (147ms)
			ExecutionOrderSort (0ms)
			DisableScriptedObjects (5ms)
			BackupInstance (0ms)
			ReleaseScriptingObjects (0ms)
			CreateAndSetChildDomain (38ms)
		EndReloadAssembly (1193ms)
			LoadAssemblies (98ms)
			RebuildTransferFunctionScriptingTraits (0ms)
			SetupTypeCache (246ms)
			ReleaseScriptCaches (3ms)
			RebuildScriptCaches (69ms)
			SetupLoadedEditorAssemblies (681ms)
				LogAssemblyErrors (0ms)
				InitializePlatformSupportModulesInManaged (21ms)
				SetLoadedEditorAssemblies (1ms)
				RefreshPlugins (2ms)
				BeforeProcessingInitializeOnLoad (114ms)
				ProcessInitializeOnLoadAttributes (412ms)
				ProcessInitializeOnLoadMethodAttributes (118ms)
				AfterProcessingInitializeOnLoad (13ms)
				EditorAssembliesLoaded (0ms)
			ExecutionOrderSort2 (0ms)
			AwakeInstancesAfterBackupRestoration (16ms)
Platform modules already initialized, skipping
Refreshing native plugins compatible for Editor in 3.94 ms, found 2 plugins.
Preloading 0 native plugins for Editor in 0.00 ms.
Unloading 3626 Unused Serialized files (Serialized files now loaded: 0)
Unloading 21 unused Assets / (461.6 KB). Loaded Objects now: 4255.
Memory consumption went from 176.5 MB to 176.0 MB.
Total: 4.723500 ms (FindLiveObjects: 0.498600 ms CreateObjectMapping: 0.263400 ms MarkObjects: 3.605700 ms  DeleteObjects: 0.352700 ms)

AssetImportParameters requested are different than current active one (requested -> active):
  custom:video-decoder-ogg-theora: a1e56fd34408186e4bbccfd4996cb3dc -> 
  custom:container-muxer-webm: aa71ff27fc2769a1b78a27578f13a17b -> 
  custom:container-demuxer-webm: 4f35f7cbe854078d1ac9338744f61a02 -> 
  custom:video-encoder-webm-vp8: eb34c28f22e8b96e1ab97ce403110664 -> 
  custom:audio-encoder-webm-vorbis: bf7c407c2cedff20999df2af8eb42d56 -> 
  custom:framework-win-MediaFoundation: 216162199b28c13a410421893ffa2e32 -> 
  custom:container-demuxer-ogg: 62fdf1f143b41e24485cea50d1cbac27 -> 
  custom:video-decoder-webm-vp8: 9c59270c3fd7afecdb556c50c9e8de78 -> 
  custom:audio-decoder-ogg-vorbis: bf7c407c2cedff20999df2af8eb42d56 -> 
========================================================================
Received Prepare
Registering precompiled user dll's ...
Registered in 0.005823 seconds.
Begin MonoManager ReloadAssembly
Symbol file LoadedFromMemory is not a mono symbol file
Native extension for WindowsStandalone target not found
Native extension for WebGL target not found
Refreshing native plugins compatible for Editor in 1.12 ms, found 2 plugins.
Preloading 0 native plugins for Editor in 0.00 ms.
Warning: Annotation not found!
UnityEngine.StackTraceUtility:ExtractStackTrace ()
UnityEditor.ProBuilder.EditorUtility:SetGizmoIconEnabled (System.Type,bool) (at Library/PackageCache/com.unity.probuilder@5.0.3/Editor/EditorCore/EditorUtility.cs:575)
UnityEditor.ProBuilder.HierarchyListener:.cctor () (at Library/PackageCache/com.unity.probuilder@5.0.3/Editor/EditorCore/HierarchyListener.cs:21)
System.Runtime.CompilerServices.RuntimeHelpers:RunClassConstructor (System.RuntimeTypeHandle)
UnityEditor.EditorAssemblies:ProcessInitializeOnLoadAttributes (System.Type[])

[Library/PackageCache/com.unity.probuilder@5.0.3/Editor/EditorCore/EditorUtility.cs line 575]

Mono: successfully reloaded assembly
- Completed reload, in  1.513 seconds
Domain Reload Profiling:
	ReloadAssembly (1515ms)
		BeginReloadAssembly (137ms)
			ExecutionOrderSort (0ms)
			DisableScriptedObjects (5ms)
			BackupInstance (0ms)
			ReleaseScriptingObjects (0ms)
			CreateAndSetChildDomain (33ms)
		EndReloadAssembly (1277ms)
			LoadAssemblies (98ms)
			RebuildTransferFunctionScriptingTraits (0ms)
			SetupTypeCache (301ms)
			ReleaseScriptCaches (2ms)
			RebuildScriptCaches (72ms)
			SetupLoadedEditorAssemblies (710ms)
				LogAssemblyErrors (0ms)
				InitializePlatformSupportModulesInManaged (21ms)
				SetLoadedEditorAssemblies (1ms)
				RefreshPlugins (1ms)
				BeforeProcessingInitializeOnLoad (119ms)
				ProcessInitializeOnLoadAttributes (425ms)
				ProcessInitializeOnLoadMethodAttributes (130ms)
				AfterProcessingInitializeOnLoad (13ms)
				EditorAssembliesLoaded (0ms)
			ExecutionOrderSort2 (0ms)
			AwakeInstancesAfterBackupRestoration (16ms)
Platform modules already initialized, skipping
Refreshing native plugins compatible for Editor in 3.28 ms, found 2 plugins.
Preloading 0 native plugins for Editor in 0.00 ms.
Unloading 3626 Unused Serialized files (Serialized files now loaded: 0)
Unloading 21 unused Assets / (462.1 KB). Loaded Objects now: 4258.
Memory consumption went from 176.5 MB to 176.0 MB.
Total: 5.976500 ms (FindLiveObjects: 0.536900 ms CreateObjectMapping: 0.381200 ms MarkObjects: 4.253700 ms  DeleteObjects: 0.803600 ms)

AssetImportParameters requested are different than current active one (requested -> active):
  custom:video-decoder-ogg-theora: a1e56fd34408186e4bbccfd4996cb3dc -> 
  custom:container-muxer-webm: aa71ff27fc2769a1b78a27578f13a17b -> 
  custom:container-demuxer-webm: 4f35f7cbe854078d1ac9338744f61a02 -> 
  custom:video-encoder-webm-vp8: eb34c28f22e8b96e1ab97ce403110664 -> 
  custom:audio-encoder-webm-vorbis: bf7c407c2cedff20999df2af8eb42d56 -> 
  custom:framework-win-MediaFoundation: 216162199b28c13a410421893ffa2e32 -> 
  custom:container-demuxer-ogg: 62fdf1f143b41e24485cea50d1cbac27 -> 
  custom:video-decoder-webm-vp8: 9c59270c3fd7afecdb556c50c9e8de78 -> 
  custom:audio-decoder-ogg-vorbis: bf7c407c2cedff20999df2af8eb42d56 -> 
========================================================================
Received Prepare
Registering precompiled user dll's ...
Registered in 0.006503 seconds.
Begin MonoManager ReloadAssembly
Symbol file LoadedFromMemory is not a mono symbol file
Native extension for WindowsStandalone target not found
Native extension for WebGL target not found
Refreshing native plugins compatible for Editor in 1.42 ms, found 2 plugins.
Preloading 0 native plugins for Editor in 0.00 ms.
Warning: Annotation not found!
UnityEngine.StackTraceUtility:ExtractStackTrace ()
UnityEditor.ProBuilder.EditorUtility:SetGizmoIconEnabled (System.Type,bool) (at Library/PackageCache/com.unity.probuilder@5.0.3/Editor/EditorCore/EditorUtility.cs:575)
UnityEditor.ProBuilder.HierarchyListener:.cctor () (at Library/PackageCache/com.unity.probuilder@5.0.3/Editor/EditorCore/HierarchyListener.cs:21)
System.Runtime.CompilerServices.RuntimeHelpers:RunClassConstructor (System.RuntimeTypeHandle)
UnityEditor.EditorAssemblies:ProcessInitializeOnLoadAttributes (System.Type[])

[Library/PackageCache/com.unity.probuilder@5.0.3/Editor/EditorCore/EditorUtility.cs line 575]

Mono: successfully reloaded assembly
- Completed reload, in  1.206 seconds
Domain Reload Profiling:
	ReloadAssembly (1206ms)
		BeginReloadAssembly (138ms)
			ExecutionOrderSort (0ms)
			DisableScriptedObjects (6ms)
			BackupInstance (0ms)
			ReleaseScriptingObjects (0ms)
			CreateAndSetChildDomain (37ms)
		EndReloadAssembly (968ms)
			LoadAssemblies (96ms)
			RebuildTransferFunctionScriptingTraits (0ms)
			SetupTypeCache (243ms)
			ReleaseScriptCaches (2ms)
			RebuildScriptCaches (51ms)
			SetupLoadedEditorAssemblies (515ms)
				LogAssemblyErrors (0ms)
				InitializePlatformSupportModulesInManaged (15ms)
				SetLoadedEditorAssemblies (1ms)
				RefreshPlugins (2ms)
				BeforeProcessingInitializeOnLoad (83ms)
				ProcessInitializeOnLoadAttributes (314ms)
				ProcessInitializeOnLoadMethodAttributes (88ms)
				AfterProcessingInitializeOnLoad (11ms)
				EditorAssembliesLoaded (0ms)
			ExecutionOrderSort2 (0ms)
			AwakeInstancesAfterBackupRestoration (12ms)
Platform modules already initialized, skipping
Refreshing native plugins compatible for Editor in 2.73 ms, found 2 plugins.
Preloading 0 native plugins for Editor in 0.00 ms.
Unloading 3626 Unused Serialized files (Serialized files now loaded: 0)
Unloading 21 unused Assets / (445.9 KB). Loaded Objects now: 4261.
Memory consumption went from 176.5 MB to 176.0 MB.
Total: 6.480500 ms (FindLiveObjects: 0.411700 ms CreateObjectMapping: 0.263100 ms MarkObjects: 5.283500 ms  DeleteObjects: 0.521100 ms)

AssetImportParameters requested are different than current active one (requested -> active):
  custom:video-decoder-ogg-theora: a1e56fd34408186e4bbccfd4996cb3dc -> 
  custom:container-muxer-webm: aa71ff27fc2769a1b78a27578f13a17b -> 
  custom:container-demuxer-webm: 4f35f7cbe854078d1ac9338744f61a02 -> 
  custom:video-encoder-webm-vp8: eb34c28f22e8b96e1ab97ce403110664 -> 
  custom:audio-encoder-webm-vorbis: bf7c407c2cedff20999df2af8eb42d56 -> 
  custom:framework-win-MediaFoundation: 216162199b28c13a410421893ffa2e32 -> 
  custom:container-demuxer-ogg: 62fdf1f143b41e24485cea50d1cbac27 -> 
  custom:video-decoder-webm-vp8: 9c59270c3fd7afecdb556c50c9e8de78 -> 
  custom:audio-decoder-ogg-vorbis: bf7c407c2cedff20999df2af8eb42d56 -> 
========================================================================
Received Import Request.
  Time since last request: 272254.385389 seconds.
  path: Assets/Import/Audio/Voices - Essentials/Voice_Male/Voice_Male_Breath/Voice_Male_V1_Breath_Gasp_Mono_01.wav
  artifactKey: Guid(4be9f25858e33b04da0638106aeb97aa) Importer(815301076,1909f56bfc062723c751e8b465ee728b)
Start importing Assets/Import/Audio/Voices - Essentials/Voice_Male/Voice_Male_Breath/Voice_Male_V1_Breath_Gasp_Mono_01.wav using Guid(4be9f25858e33b04da0638106aeb97aa) Importer(815301076,1909f56bfc062723c751e8b465ee728b)  -> (artifact id: '47208034813de9be96aaab1185bc0fc3') in 0.133899 seconds 
========================================================================
Received Import Request.
  Time since last request: 0.000037 seconds.
  path: Assets/Import/Audio/Voices - Essentials/Voice_Male/Voice_Male_Breath/Voice_Male_V1_Breath_Shocked_Mono_01.wav
  artifactKey: Guid(f9144b9a3e0e56c42bf371ed3354b33f) Importer(815301076,1909f56bfc062723c751e8b465ee728b)
Start importing Assets/Import/Audio/Voices - Essentials/Voice_Male/Voice_Male_Breath/Voice_Male_V1_Breath_Shocked_Mono_01.wav using Guid(f9144b9a3e0e56c42bf371ed3354b33f) Importer(815301076,1909f56bfc062723c751e8b465ee728b)  -> (artifact id: '0c8b4a8d343b406852eeb071b2349877') in 0.017490 seconds 
========================================================================
Received Import Request.
  Time since last request: 0.000074 seconds.
  path: Assets/Import/Audio/Voices - Essentials/Voice_Male/Voice_Male_Breath/Voice_Male_V2_Breath_Gasp_Mono_01.wav
  artifactKey: Guid(7a9ef8f3c6b6fe04a8d5c1a98db865af) Importer(815301076,1909f56bfc062723c751e8b465ee728b)
Start importing Assets/Import/Audio/Voices - Essentials/Voice_Male/Voice_Male_Breath/Voice_Male_V2_Breath_Gasp_Mono_01.wav using Guid(7a9ef8f3c6b6fe04a8d5c1a98db865af) Importer(815301076,1909f56bfc062723c751e8b465ee728b)  -> (artifact id: 'c23f736c9d372b39b20a38dcd695515a') in 0.015673 seconds 
========================================================================
Received Import Request.
  Time since last request: 0.000073 seconds.
  path: Assets/Import/Audio/Voices - Essentials/Voice_Male/Voice_Male_Breath/Voice_Male_V1_Breath_Shocked_Mono_05.wav
  artifactKey: Guid(67e86c150cf366a41b07eb0f39c42f08) Importer(815301076,1909f56bfc062723c751e8b465ee728b)
Start importing Assets/Import/Audio/Voices - Essentials/Voice_Male/Voice_Male_Breath/Voice_Male_V1_Breath_Shocked_Mono_05.wav using Guid(67e86c150cf366a41b07eb0f39c42f08) Importer(815301076,1909f56bfc062723c751e8b465ee728b)  -> (artifact id: '7c52141b8409e876ad1dd55933a18262') in 0.015453 seconds 
========================================================================
Received Import Request.
  Time since last request: 0.000041 seconds.
  path: Assets/Import/Audio/Voices - Essentials/Voice_Male/Voice_Male_Breath/Voice_Male_V2_Breath_Gasp_Mono_04.wav
  artifactKey: Guid(293e5ad8a2634224cb03671706bc604b) Importer(815301076,1909f56bfc062723c751e8b465ee728b)
Start importing Assets/Import/Audio/Voices - Essentials/Voice_Male/Voice_Male_Breath/Voice_Male_V2_Breath_Gasp_Mono_04.wav using Guid(293e5ad8a2634224cb03671706bc604b) Importer(815301076,1909f56bfc062723c751e8b465ee728b)  -> (artifact id: '438bcdd929ba32a361a424a247034474') in 0.014055 seconds 
========================================================================
Received Import Request.
  Time since last request: 0.000050 seconds.
  path: Assets/Import/Audio/Voices - Essentials/Voice_Male/Voice_Male_Breath/Voice_Male_V2_Breath_Gasp_Mono_03.wav
  artifactKey: Guid(e207efdc8ff247340a6b3ef0e40c2a4d) Importer(815301076,1909f56bfc062723c751e8b465ee728b)
Start importing Assets/Import/Audio/Voices - Essentials/Voice_Male/Voice_Male_Breath/Voice_Male_V2_Breath_Gasp_Mono_03.wav using Guid(e207efdc8ff247340a6b3ef0e40c2a4d) Importer(815301076,1909f56bfc062723c751e8b465ee728b)  -> (artifact id: 'd2c097a9e8825445e681b6483aa79aa1') in 0.012590 seconds 
========================================================================
Received Import Request.
  Time since last request: 0.000041 seconds.
  path: Assets/Import/Audio/Voices - Essentials/Voice_Male/Voice_Male_Breath/Voice_Male_V1_Breath_Shocked_Mono_04.wav
  artifactKey: Guid(f7c7d16a93d34a84cab48246236dbd73) Importer(815301076,1909f56bfc062723c751e8b465ee728b)
Start importing Assets/Import/Audio/Voices - Essentials/Voice_Male/Voice_Male_Breath/Voice_Male_V1_Breath_Shocked_Mono_04.wav using Guid(f7c7d16a93d34a84cab48246236dbd73) Importer(815301076,1909f56bfc062723c751e8b465ee728b)  -> (artifact id: '685376ca9a4c7072ad610cbc4fa4582e') in 0.014129 seconds 
========================================================================
Received Import Request.
  Time since last request: 0.000023 seconds.
  path: Assets/Import/Audio/Voices - Essentials/Voice_Male/Voice_Male_Breath/Voice_Male_V2_Breath_Gasp_Mono_05.wav
  artifactKey: Guid(327cc991f1c622141aacd5bc31ef6976) Importer(815301076,1909f56bfc062723c751e8b465ee728b)
Start importing Assets/Import/Audio/Voices - Essentials/Voice_Male/Voice_Male_Breath/Voice_Male_V2_Breath_Gasp_Mono_05.wav using Guid(327cc991f1c622141aacd5bc31ef6976) Importer(815301076,1909f56bfc062723c751e8b465ee728b)  -> (artifact id: 'b2fbe241fe5ac2d11032509ab8b49492') in 0.014598 seconds 
========================================================================
Received Import Request.
  Time since last request: 0.000027 seconds.
  path: Assets/Import/Audio/Voices - Essentials/Voice_Male/Voice_Male_Breath/Voice_Male_V2_Breath_Shocked_Mono_02.wav
  artifactKey: Guid(785fa179fdb8e5f43af0c576c8795563) Importer(815301076,1909f56bfc062723c751e8b465ee728b)
Start importing Assets/Import/Audio/Voices - Essentials/Voice_Male/Voice_Male_Breath/Voice_Male_V2_Breath_Shocked_Mono_02.wav using Guid(785fa179fdb8e5f43af0c576c8795563) Importer(815301076,1909f56bfc062723c751e8b465ee728b)  -> (artifact id: '5c9a84528593b9c865e6130b78c2a333') in 0.013113 seconds 
========================================================================
Received Import Request.
  Time since last request: 0.000056 seconds.
  path: Assets/Import/Audio/Voices - Essentials/Voice_Male/Voice_Male_Breath/Voice_Male_V2_Breath_Shocked_Mono_01.wav
  artifactKey: Guid(89a2317617535bf46bb762627aa0f7e9) Importer(815301076,1909f56bfc062723c751e8b465ee728b)
Start importing Assets/Import/Audio/Voices - Essentials/Voice_Male/Voice_Male_Breath/Voice_Male_V2_Breath_Shocked_Mono_01.wav using Guid(89a2317617535bf46bb762627aa0f7e9) Importer(815301076,1909f56bfc062723c751e8b465ee728b)  -> (artifact id: '0c926f000c31d79f62246f7d95b067b7') in 0.015096 seconds 
========================================================================
Received Import Request.
  Time since last request: 0.000036 seconds.
  path: Assets/Import/Audio/Voices - Essentials/Voice_Male/Voice_Male_Breath/Voice_Male_V2_Breath_Gasp_Mono_02.wav
  artifactKey: Guid(edd54b8fd12caa04db01edae2a78e454) Importer(815301076,1909f56bfc062723c751e8b465ee728b)
Start importing Assets/Import/Audio/Voices - Essentials/Voice_Male/Voice_Male_Breath/Voice_Male_V2_Breath_Gasp_Mono_02.wav using Guid(edd54b8fd12caa04db01edae2a78e454) Importer(815301076,1909f56bfc062723c751e8b465ee728b)  -> (artifact id: '73a72c3c84dd3d1d56dd8f45fcd31ea8') in 0.015476 seconds 
========================================================================
Received Import Request.
  Time since last request: 0.000031 seconds.
  path: Assets/Import/Audio/Voices - Essentials/Voice_Male/Voice_Male_Breath/Voice_Male_V1_Breath_Gasp_Mono_04.wav
  artifactKey: Guid(9fafd9236e5dc4148a207978214a3900) Importer(815301076,1909f56bfc062723c751e8b465ee728b)
Start importing Assets/Import/Audio/Voices - Essentials/Voice_Male/Voice_Male_Breath/Voice_Male_V1_Breath_Gasp_Mono_04.wav using Guid(9fafd9236e5dc4148a207978214a3900) Importer(815301076,1909f56bfc062723c751e8b465ee728b)  -> (artifact id: '2c74103bdf0a0ba2879b76290097ccfb') in 0.013509 seconds 
========================================================================
Received Import Request.
  Time since last request: 0.000046 seconds.
  path: Assets/Import/Audio/Voices - Essentials/Voice_Male/Voice_Male_Breath/Voice_Male_V1_Breath_Gasp_Mono_05.wav
  artifactKey: Guid(b8237eb0746eb4e45b36bcac52548532) Importer(815301076,1909f56bfc062723c751e8b465ee728b)
Start importing Assets/Import/Audio/Voices - Essentials/Voice_Male/Voice_Male_Breath/Voice_Male_V1_Breath_Gasp_Mono_05.wav using Guid(b8237eb0746eb4e45b36bcac52548532) Importer(815301076,1909f56bfc062723c751e8b465ee728b)  -> (artifact id: '492f3dd8b11d7f4b242cf36f18a016a3') in 0.014767 seconds 
Editor requested this worker to shutdown with reason: Scaling down because of idle timeout
AssetImportWorker is now disconnected from the server
Process exiting
Exiting without the bug reporter. Application will terminate with return code 0