Using pre-set license
Built from '2021.3/staging' branch; Version is '2021.3.0f1 (6eacc8284459) revision 7253192'; Using compiler version '192829333'; Build Type 'Release'
OS: 'Windows 10  (10.0.19044) 64bit Core' Language: 'fr' Physical Memory: 16231 MB
BatchMode: 1, IsHumanControllingUs: 0, StartBugReporterOnCrash: 0, Is64bit: 1, IsPro: 1

COMMAND LINE ARGUMENTS:
C:\Infomatique\Unity\2021.3.0f1\Editor\Unity.exe
-adb2
-batchMode
-noUpm
-name
AssetImportWorker3
-projectPath
C:/Infomatique/Unity/Projects/Personal Projects/DFL/DFL
-logFile
Logs/AssetImportWorker3.log
-srvPort
63413
Successfully changed project path to: C:/Infomatique/Unity/Projects/Personal Projects/DFL/DFL
C:/Infomatique/Unity/Projects/Personal Projects/DFL/DFL
[UnityMemory] Configuration Parameters - Can be set up in boot.config
    "memorysetup-bucket-allocator-granularity=16"
    "memorysetup-bucket-allocator-bucket-count=8"
    "memorysetup-bucket-allocator-block-size=33554432"
    "memorysetup-bucket-allocator-block-count=8"
    "memorysetup-main-allocator-block-size=16777216"
    "memorysetup-thread-allocator-block-size=16777216"
    "memorysetup-gfx-main-allocator-block-size=16777216"
    "memorysetup-gfx-thread-allocator-block-size=16777216"
    "memorysetup-cache-allocator-block-size=4194304"
    "memorysetup-typetree-allocator-block-size=2097152"
    "memorysetup-profiler-bucket-allocator-granularity=16"
    "memorysetup-profiler-bucket-allocator-bucket-count=8"
    "memorysetup-profiler-bucket-allocator-block-size=33554432"
    "memorysetup-profiler-bucket-allocator-block-count=8"
    "memorysetup-profiler-allocator-block-size=16777216"
    "memorysetup-profiler-editor-allocator-block-size=1048576"
    "memorysetup-temp-allocator-size-main=16777216"
    "memorysetup-job-temp-allocator-block-size=2097152"
    "memorysetup-job-temp-allocator-block-size-background=1048576"
    "memorysetup-job-temp-allocator-reduction-small-platforms=262144"
    "memorysetup-temp-allocator-size-background-worker=32768"
    "memorysetup-temp-allocator-size-job-worker=262144"
    "memorysetup-temp-allocator-size-preload-manager=33554432"
    "memorysetup-temp-allocator-size-nav-mesh-worker=65536"
    "memorysetup-temp-allocator-size-audio-worker=65536"
    "memorysetup-temp-allocator-size-cloud-worker=32768"
    "memorysetup-temp-allocator-size-gi-baking-worker=262144"
    "memorysetup-temp-allocator-size-gfx=262144"
Refreshing native plugins compatible for Editor in 143.30 ms, found 2 plugins.
Preloading 0 native plugins for Editor in 0.00 ms.
Initialize engine version: 2021.3.0f1 (6eacc8284459)
[Subsystems] Discovering subsystems at path C:/Infomatique/Unity/2021.3.0f1/Editor/Data/Resources/UnitySubsystems
[Subsystems] Discovering subsystems at path C:/Infomatique/Unity/Projects/Personal Projects/DFL/DFL/Assets
GfxDevice: creating device client; threaded=0; jobified=0
Direct3D:
    Version:  Direct3D 11.0 [level 11.1]
    Renderer: NVIDIA GeForce GTX 1660 Ti (ID=0x2191)
    Vendor:   NVIDIA
    VRAM:     5991 MB
    Driver:   26.21.14.4137
Initialize mono
Mono path[0] = 'C:/Infomatique/Unity/2021.3.0f1/Editor/Data/Managed'
Mono path[1] = 'C:/Infomatique/Unity/2021.3.0f1/Editor/Data/MonoBleedingEdge/lib/mono/unityjit-win32'
Mono config path = 'C:/Infomatique/Unity/2021.3.0f1/Editor/Data/MonoBleedingEdge/etc'
Using monoOptions --debugger-agent=transport=dt_socket,embedding=1,server=y,suspend=n,address=127.0.0.1:56272
Begin MonoManager ReloadAssembly
Registering precompiled unity dll's ...
Register platform support module: C:/Infomatique/Unity/2021.3.0f1/Editor/Data/PlaybackEngines/WebGLSupport/UnityEditor.WebGL.Extensions.dll
Register platform support module: C:/Infomatique/Unity/2021.3.0f1/Editor/Data/PlaybackEngines/WindowsStandaloneSupport/UnityEditor.WindowsStandalone.Extensions.dll
Registered in 0.009985 seconds.
Native extension for WindowsStandalone target not found
Native extension for WebGL target not found
Refreshing native plugins compatible for Editor in 110.78 ms, found 2 plugins.
Preloading 0 native plugins for Editor in 0.00 ms.
Mono: successfully reloaded assembly
- Completed reload, in  0.866 seconds
Domain Reload Profiling:
	ReloadAssembly (866ms)
		BeginReloadAssembly (98ms)
			ExecutionOrderSort (0ms)
			DisableScriptedObjects (0ms)
			BackupInstance (0ms)
			ReleaseScriptingObjects (0ms)
			CreateAndSetChildDomain (1ms)
		EndReloadAssembly (601ms)
			LoadAssemblies (95ms)
			RebuildTransferFunctionScriptingTraits (0ms)
			SetupTypeCache (135ms)
			ReleaseScriptCaches (0ms)
			RebuildScriptCaches (34ms)
			SetupLoadedEditorAssemblies (366ms)
				LogAssemblyErrors (0ms)
				InitializePlatformSupportModulesInManaged (12ms)
				SetLoadedEditorAssemblies (0ms)
				RefreshPlugins (111ms)
				BeforeProcessingInitializeOnLoad (1ms)
				ProcessInitializeOnLoadAttributes (176ms)
				ProcessInitializeOnLoadMethodAttributes (65ms)
				AfterProcessingInitializeOnLoad (0ms)
				EditorAssembliesLoaded (0ms)
			ExecutionOrderSort2 (0ms)
			AwakeInstancesAfterBackupRestoration (0ms)
Platform modules already initialized, skipping
Registering precompiled user dll's ...
Registered in 0.007071 seconds.
Begin MonoManager ReloadAssembly
Symbol file LoadedFromMemory is not a mono symbol file
Native extension for WindowsStandalone target not found
Native extension for WebGL target not found
Refreshing native plugins compatible for Editor in 86.73 ms, found 2 plugins.
Preloading 0 native plugins for Editor in 0.00 ms.
Mono: successfully reloaded assembly
- Completed reload, in  1.339 seconds
Domain Reload Profiling:
	ReloadAssembly (1340ms)
		BeginReloadAssembly (112ms)
			ExecutionOrderSort (0ms)
			DisableScriptedObjects (5ms)
			BackupInstance (0ms)
			ReleaseScriptingObjects (0ms)
			CreateAndSetChildDomain (20ms)
		EndReloadAssembly (1107ms)
			LoadAssemblies (115ms)
			RebuildTransferFunctionScriptingTraits (0ms)
			SetupTypeCache (212ms)
			ReleaseScriptCaches (1ms)
			RebuildScriptCaches (54ms)
			SetupLoadedEditorAssemblies (687ms)
				LogAssemblyErrors (0ms)
				InitializePlatformSupportModulesInManaged (6ms)
				SetLoadedEditorAssemblies (0ms)
				RefreshPlugins (87ms)
				BeforeProcessingInitializeOnLoad (99ms)
				ProcessInitializeOnLoadAttributes (413ms)
				ProcessInitializeOnLoadMethodAttributes (74ms)
				AfterProcessingInitializeOnLoad (9ms)
				EditorAssembliesLoaded (0ms)
			ExecutionOrderSort2 (0ms)
			AwakeInstancesAfterBackupRestoration (9ms)
Platform modules already initialized, skipping
========================================================================
Worker process is ready to serve import requests
Launched and connected shader compiler UnityShaderCompiler.exe after 0.10 seconds
Refreshing native plugins compatible for Editor in 1.02 ms, found 2 plugins.
Preloading 0 native plugins for Editor in 0.00 ms.
Unloading 3801 Unused Serialized files (Serialized files now loaded: 0)
Unloading 129 unused Assets / (456.0 KB). Loaded Objects now: 4254.
Memory consumption went from 184.3 MB to 183.8 MB.
Total: 4.200900 ms (FindLiveObjects: 0.318200 ms CreateObjectMapping: 0.217500 ms MarkObjects: 3.296300 ms  DeleteObjects: 0.368000 ms)

AssetImportParameters requested are different than current active one (requested -> active):
  custom:video-decoder-ogg-theora: a1e56fd34408186e4bbccfd4996cb3dc -> 
  custom:container-muxer-webm: aa71ff27fc2769a1b78a27578f13a17b -> 
  custom:container-demuxer-webm: 4f35f7cbe854078d1ac9338744f61a02 -> 
  custom:video-encoder-webm-vp8: eb34c28f22e8b96e1ab97ce403110664 -> 
  custom:audio-encoder-webm-vorbis: bf7c407c2cedff20999df2af8eb42d56 -> 
  custom:framework-win-MediaFoundation: 216162199b28c13a410421893ffa2e32 -> 
  custom:container-demuxer-ogg: 62fdf1f143b41e24485cea50d1cbac27 -> 
  custom:video-decoder-webm-vp8: 9c59270c3fd7afecdb556c50c9e8de78 -> 
  custom:audio-decoder-ogg-vorbis: bf7c407c2cedff20999df2af8eb42d56 -> 
========================================================================
Received Import Request.
  Time since last request: 271134.746585 seconds.
  path: Assets/Fonts/Ferocity/Ferocity-Italic SDF.asset
  artifactKey: Guid(44584f538e181ea4b92be715634fdb47) Importer(815301076,1909f56bfc062723c751e8b465ee728b)
Start importing Assets/Fonts/Ferocity/Ferocity-Italic SDF.asset using Guid(44584f538e181ea4b92be715634fdb47) Importer(815301076,1909f56bfc062723c751e8b465ee728b)  -> (artifact id: '5d780d8b44ae93a10420d16a64a4094f') in 0.371603 seconds 
========================================================================
Received Prepare
Registering precompiled user dll's ...
Registered in 0.006113 seconds.
Begin MonoManager ReloadAssembly
Symbol file LoadedFromMemory is not a mono symbol file
Native extension for WindowsStandalone target not found
Native extension for WebGL target not found
Refreshing native plugins compatible for Editor in 1.38 ms, found 2 plugins.
Preloading 0 native plugins for Editor in 0.00 ms.
Warning: Annotation not found!
UnityEngine.StackTraceUtility:ExtractStackTrace ()
UnityEditor.ProBuilder.EditorUtility:SetGizmoIconEnabled (System.Type,bool) (at Library/PackageCache/com.unity.probuilder@5.0.3/Editor/EditorCore/EditorUtility.cs:575)
UnityEditor.ProBuilder.HierarchyListener:.cctor () (at Library/PackageCache/com.unity.probuilder@5.0.3/Editor/EditorCore/HierarchyListener.cs:21)
System.Runtime.CompilerServices.RuntimeHelpers:RunClassConstructor (System.RuntimeTypeHandle)
UnityEditor.EditorAssemblies:ProcessInitializeOnLoadAttributes (System.Type[])

[Library/PackageCache/com.unity.probuilder@5.0.3/Editor/EditorCore/EditorUtility.cs line 575]

Mono: successfully reloaded assembly
- Completed reload, in  1.529 seconds
Domain Reload Profiling:
	ReloadAssembly (1529ms)
		BeginReloadAssembly (154ms)
			ExecutionOrderSort (0ms)
			DisableScriptedObjects (7ms)
			BackupInstance (0ms)
			ReleaseScriptingObjects (0ms)
			CreateAndSetChildDomain (40ms)
		EndReloadAssembly (1250ms)
			LoadAssemblies (108ms)
			RebuildTransferFunctionScriptingTraits (0ms)
			SetupTypeCache (304ms)
			ReleaseScriptCaches (2ms)
			RebuildScriptCaches (65ms)
			SetupLoadedEditorAssemblies (647ms)
				LogAssemblyErrors (0ms)
				InitializePlatformSupportModulesInManaged (19ms)
				SetLoadedEditorAssemblies (1ms)
				RefreshPlugins (1ms)
				BeforeProcessingInitializeOnLoad (103ms)
				ProcessInitializeOnLoadAttributes (403ms)
				ProcessInitializeOnLoadMethodAttributes (107ms)
				AfterProcessingInitializeOnLoad (12ms)
				EditorAssembliesLoaded (0ms)
			ExecutionOrderSort2 (0ms)
			AwakeInstancesAfterBackupRestoration (21ms)
Platform modules already initialized, skipping
Refreshing native plugins compatible for Editor in 3.05 ms, found 2 plugins.
Preloading 0 native plugins for Editor in 0.00 ms.
Unloading 3633 Unused Serialized files (Serialized files now loaded: 0)
Unloading 21 unused Assets / (460.6 KB). Loaded Objects now: 4344.
Memory consumption went from 183.4 MB to 182.9 MB.
Total: 4.036300 ms (FindLiveObjects: 0.322900 ms CreateObjectMapping: 0.256900 ms MarkObjects: 3.141900 ms  DeleteObjects: 0.313500 ms)

AssetImportParameters requested are different than current active one (requested -> active):
  custom:video-decoder-ogg-theora: a1e56fd34408186e4bbccfd4996cb3dc -> 
  custom:container-muxer-webm: aa71ff27fc2769a1b78a27578f13a17b -> 
  custom:container-demuxer-webm: 4f35f7cbe854078d1ac9338744f61a02 -> 
  custom:video-encoder-webm-vp8: eb34c28f22e8b96e1ab97ce403110664 -> 
  custom:audio-encoder-webm-vorbis: bf7c407c2cedff20999df2af8eb42d56 -> 
  custom:framework-win-MediaFoundation: 216162199b28c13a410421893ffa2e32 -> 
  custom:container-demuxer-ogg: 62fdf1f143b41e24485cea50d1cbac27 -> 
  custom:video-decoder-webm-vp8: 9c59270c3fd7afecdb556c50c9e8de78 -> 
  custom:audio-decoder-ogg-vorbis: bf7c407c2cedff20999df2af8eb42d56 -> 
========================================================================
Received Prepare
Registering precompiled user dll's ...
Registered in 0.006132 seconds.
Begin MonoManager ReloadAssembly
Symbol file LoadedFromMemory is not a mono symbol file
Native extension for WindowsStandalone target not found
Native extension for WebGL target not found
Refreshing native plugins compatible for Editor in 1.11 ms, found 2 plugins.
Preloading 0 native plugins for Editor in 0.00 ms.
Warning: Annotation not found!
UnityEngine.StackTraceUtility:ExtractStackTrace ()
UnityEditor.ProBuilder.EditorUtility:SetGizmoIconEnabled (System.Type,bool) (at Library/PackageCache/com.unity.probuilder@5.0.3/Editor/EditorCore/EditorUtility.cs:575)
UnityEditor.ProBuilder.HierarchyListener:.cctor () (at Library/PackageCache/com.unity.probuilder@5.0.3/Editor/EditorCore/HierarchyListener.cs:21)
System.Runtime.CompilerServices.RuntimeHelpers:RunClassConstructor (System.RuntimeTypeHandle)
UnityEditor.EditorAssemblies:ProcessInitializeOnLoadAttributes (System.Type[])

[Library/PackageCache/com.unity.probuilder@5.0.3/Editor/EditorCore/EditorUtility.cs line 575]

Mono: successfully reloaded assembly
- Completed reload, in  1.105 seconds
Domain Reload Profiling:
	ReloadAssembly (1106ms)
		BeginReloadAssembly (151ms)
			ExecutionOrderSort (0ms)
			DisableScriptedObjects (9ms)
			BackupInstance (0ms)
			ReleaseScriptingObjects (0ms)
			CreateAndSetChildDomain (37ms)
		EndReloadAssembly (858ms)
			LoadAssemblies (104ms)
			RebuildTransferFunctionScriptingTraits (0ms)
			SetupTypeCache (203ms)
			ReleaseScriptCaches (1ms)
			RebuildScriptCaches (41ms)
			SetupLoadedEditorAssemblies (449ms)
				LogAssemblyErrors (0ms)
				InitializePlatformSupportModulesInManaged (14ms)
				SetLoadedEditorAssemblies (0ms)
				RefreshPlugins (1ms)
				BeforeProcessingInitializeOnLoad (86ms)
				ProcessInitializeOnLoadAttributes (268ms)
				ProcessInitializeOnLoadMethodAttributes (70ms)
				AfterProcessingInitializeOnLoad (9ms)
				EditorAssembliesLoaded (0ms)
			ExecutionOrderSort2 (0ms)
			AwakeInstancesAfterBackupRestoration (15ms)
Platform modules already initialized, skipping
Refreshing native plugins compatible for Editor in 2.00 ms, found 2 plugins.
Preloading 0 native plugins for Editor in 0.00 ms.
Unloading 3634 Unused Serialized files (Serialized files now loaded: 0)
Unloading 21 unused Assets / (460.0 KB). Loaded Objects now: 4347.
Memory consumption went from 183.4 MB to 183.0 MB.
Total: 3.336300 ms (FindLiveObjects: 0.280700 ms CreateObjectMapping: 0.163400 ms MarkObjects: 2.632900 ms  DeleteObjects: 0.258400 ms)

AssetImportParameters requested are different than current active one (requested -> active):
  custom:video-decoder-ogg-theora: a1e56fd34408186e4bbccfd4996cb3dc -> 
  custom:container-muxer-webm: aa71ff27fc2769a1b78a27578f13a17b -> 
  custom:container-demuxer-webm: 4f35f7cbe854078d1ac9338744f61a02 -> 
  custom:video-encoder-webm-vp8: eb34c28f22e8b96e1ab97ce403110664 -> 
  custom:audio-encoder-webm-vorbis: bf7c407c2cedff20999df2af8eb42d56 -> 
  custom:framework-win-MediaFoundation: 216162199b28c13a410421893ffa2e32 -> 
  custom:container-demuxer-ogg: 62fdf1f143b41e24485cea50d1cbac27 -> 
  custom:video-decoder-webm-vp8: 9c59270c3fd7afecdb556c50c9e8de78 -> 
  custom:audio-decoder-ogg-vorbis: bf7c407c2cedff20999df2af8eb42d56 -> 
========================================================================
Received Import Request.
  Time since last request: 226.958508 seconds.
  path: Assets/Import/UI/resource/style01/shape002_style01_color08.png
  artifactKey: Guid(f445dd123df9a7b46a5995dd69691819) Importer(815301076,1909f56bfc062723c751e8b465ee728b)
Start importing Assets/Import/UI/resource/style01/shape002_style01_color08.png using Guid(f445dd123df9a7b46a5995dd69691819) Importer(815301076,1909f56bfc062723c751e8b465ee728b)  -> (artifact id: '646a47702ad9928093e649453f37f197') in 0.100577 seconds 
========================================================================
Received Import Request.
  Time since last request: 0.000027 seconds.
  path: Assets/Import/UI/resource/style01/shape002_style01_color09.png
  artifactKey: Guid(b272739447f0b534c8b4fcbdadc4cca2) Importer(815301076,1909f56bfc062723c751e8b465ee728b)
Start importing Assets/Import/UI/resource/style01/shape002_style01_color09.png using Guid(b272739447f0b534c8b4fcbdadc4cca2) Importer(815301076,1909f56bfc062723c751e8b465ee728b)  -> (artifact id: 'fd4028bb750b1f58293abc224798c38e') in 0.028260 seconds 
========================================================================
Received Import Request.
  Time since last request: 0.000079 seconds.
  path: Assets/Import/UI/resource/style01/shape003_style01_color02.png
  artifactKey: Guid(ef6723d4b5884df49b87a4e0bb8f926b) Importer(815301076,1909f56bfc062723c751e8b465ee728b)
Start importing Assets/Import/UI/resource/style01/shape003_style01_color02.png using Guid(ef6723d4b5884df49b87a4e0bb8f926b) Importer(815301076,1909f56bfc062723c751e8b465ee728b)  -> (artifact id: '6231d03bd89aad32822fd6fa6f2ada49') in 0.029966 seconds 
========================================================================
Received Import Request.
  Time since last request: 0.000033 seconds.
  path: Assets/Import/UI/resource/style01/shape003_style01_color06.png
  artifactKey: Guid(2b7f53afca04af141952a94c66ee43c7) Importer(815301076,1909f56bfc062723c751e8b465ee728b)
Start importing Assets/Import/UI/resource/style01/shape003_style01_color06.png using Guid(2b7f53afca04af141952a94c66ee43c7) Importer(815301076,1909f56bfc062723c751e8b465ee728b)  -> (artifact id: '48ab7466cb2a0d66b15344dfb0a1ef37') in 0.030456 seconds 
========================================================================
Received Import Request.
  Time since last request: 0.000029 seconds.
  path: Assets/Import/UI/resource/style03/shape002_style03_color08.png
  artifactKey: Guid(4e3e657c35c6a5943bd3c1c68046b7dc) Importer(815301076,1909f56bfc062723c751e8b465ee728b)
Start importing Assets/Import/UI/resource/style03/shape002_style03_color08.png using Guid(4e3e657c35c6a5943bd3c1c68046b7dc) Importer(815301076,1909f56bfc062723c751e8b465ee728b)  -> (artifact id: '056bf7396fe4520f38c33e36fc5f03ed') in 0.028566 seconds 
========================================================================
Received Import Request.
  Time since last request: 0.000022 seconds.
  path: Assets/Import/UI/resource/style03/shape002_style03_color02.png
  artifactKey: Guid(2b80af14dff8886449b6fe9200bfe467) Importer(815301076,1909f56bfc062723c751e8b465ee728b)
Start importing Assets/Import/UI/resource/style03/shape002_style03_color02.png using Guid(2b80af14dff8886449b6fe9200bfe467) Importer(815301076,1909f56bfc062723c751e8b465ee728b)  -> (artifact id: 'a349068c1e078c61957de840dd73d954') in 0.027415 seconds 
========================================================================
Received Import Request.
  Time since last request: 0.000021 seconds.
  path: Assets/Import/UI/resource/style01/shape003_style01_color11.png
  artifactKey: Guid(71dd2583b603b154b8296bad7df9b7c7) Importer(815301076,1909f56bfc062723c751e8b465ee728b)
Start importing Assets/Import/UI/resource/style01/shape003_style01_color11.png using Guid(71dd2583b603b154b8296bad7df9b7c7) Importer(815301076,1909f56bfc062723c751e8b465ee728b)  -> (artifact id: 'aa997bfe221c2e61ba547c213d657d8e') in 0.026315 seconds 
========================================================================
Received Import Request.
  Time since last request: 0.000019 seconds.
  path: Assets/Import/UI/resource/style01/shape002_style01_color12.png
  artifactKey: Guid(1df5c3f2afc93144eb30695db620c3e8) Importer(815301076,1909f56bfc062723c751e8b465ee728b)
Start importing Assets/Import/UI/resource/style01/shape002_style01_color12.png using Guid(1df5c3f2afc93144eb30695db620c3e8) Importer(815301076,1909f56bfc062723c751e8b465ee728b)  -> (artifact id: 'be45dd5ca1876d80d7d6696c18ad3f8b') in 0.031029 seconds 
========================================================================
Received Import Request.
  Time since last request: 0.000025 seconds.
  path: Assets/Import/UI/resource/style03/shape002_style03_color10.png
  artifactKey: Guid(809b66d756c989f4fa3a09f1644100ee) Importer(815301076,1909f56bfc062723c751e8b465ee728b)
Start importing Assets/Import/UI/resource/style03/shape002_style03_color10.png using Guid(809b66d756c989f4fa3a09f1644100ee) Importer(815301076,1909f56bfc062723c751e8b465ee728b)  -> (artifact id: '6ce9de91cce180725e5054798da85b1f') in 0.027925 seconds 
========================================================================
Received Import Request.
  Time since last request: 0.000031 seconds.
  path: Assets/Import/UI/resource/style01/shape002_style01_color11.png
  artifactKey: Guid(7de077c5d9e768240bed9c5966fa1e62) Importer(815301076,1909f56bfc062723c751e8b465ee728b)
Start importing Assets/Import/UI/resource/style01/shape002_style01_color11.png using Guid(7de077c5d9e768240bed9c5966fa1e62) Importer(815301076,1909f56bfc062723c751e8b465ee728b)  -> (artifact id: '030146cff7475a9bd1be4e15563df217') in 0.035686 seconds 
========================================================================
Received Import Request.
  Time since last request: 0.000033 seconds.
  path: Assets/Import/UI/resource/style02/shape002_style02_color03.png
  artifactKey: Guid(195363cbaa057be4e9601f96d7648894) Importer(815301076,1909f56bfc062723c751e8b465ee728b)
Start importing Assets/Import/UI/resource/style02/shape002_style02_color03.png using Guid(195363cbaa057be4e9601f96d7648894) Importer(815301076,1909f56bfc062723c751e8b465ee728b)  -> (artifact id: '1df6fd28ee15958cd5108bf1ed4ca5fc') in 0.028763 seconds 
========================================================================
Received Import Request.
  Time since last request: 0.000019 seconds.
  path: Assets/Import/UI/resource/style02/shape002_style02_color07.png
  artifactKey: Guid(450c385b635746041b997758ba34bc7c) Importer(815301076,1909f56bfc062723c751e8b465ee728b)
Start importing Assets/Import/UI/resource/style02/shape002_style02_color07.png using Guid(450c385b635746041b997758ba34bc7c) Importer(815301076,1909f56bfc062723c751e8b465ee728b)  -> (artifact id: '3a4e73b5ae5675e662188de1e903893e') in 0.027209 seconds 
========================================================================
Received Import Request.
  Time since last request: 0.000020 seconds.
  path: Assets/Import/UI/resource/style02/shape002_style02_color02.png
  artifactKey: Guid(4c3395563e0dd7c439a7946e011effeb) Importer(815301076,1909f56bfc062723c751e8b465ee728b)
Start importing Assets/Import/UI/resource/style02/shape002_style02_color02.png using Guid(4c3395563e0dd7c439a7946e011effeb) Importer(815301076,1909f56bfc062723c751e8b465ee728b)  -> (artifact id: '69d2ea5fbdd4b2736a6594e2247cab9b') in 0.036153 seconds 
========================================================================
Received Import Request.
  Time since last request: 0.000022 seconds.
  path: Assets/Import/UI/resource/style02/shape003_style02_color04.png
  artifactKey: Guid(94621459b8eac5f4d85e4a097a685e66) Importer(815301076,1909f56bfc062723c751e8b465ee728b)
Start importing Assets/Import/UI/resource/style02/shape003_style02_color04.png using Guid(94621459b8eac5f4d85e4a097a685e66) Importer(815301076,1909f56bfc062723c751e8b465ee728b)  -> (artifact id: '553da3e69d228bc30c274032773e46b4') in 0.034893 seconds 
========================================================================
Received Import Request.
  Time since last request: 0.000024 seconds.
  path: Assets/Import/UI/resource/style01/shape003_style01_color03.png
  artifactKey: Guid(864815dac3aeae645817d8cfef5b3cae) Importer(815301076,1909f56bfc062723c751e8b465ee728b)
Start importing Assets/Import/UI/resource/style01/shape003_style01_color03.png using Guid(864815dac3aeae645817d8cfef5b3cae) Importer(815301076,1909f56bfc062723c751e8b465ee728b)  -> (artifact id: 'b68da2f9207f2055a18d84e05636d99b') in 0.028492 seconds 
========================================================================
Received Import Request.
  Time since last request: 0.000022 seconds.
  path: Assets/Import/UI/resource/style02/shape002_style02_color06.png
  artifactKey: Guid(eddd084282e8b0142bf88c545e7de8a8) Importer(815301076,1909f56bfc062723c751e8b465ee728b)
Start importing Assets/Import/UI/resource/style02/shape002_style02_color06.png using Guid(eddd084282e8b0142bf88c545e7de8a8) Importer(815301076,1909f56bfc062723c751e8b465ee728b)  -> (artifact id: '81305621ed68248676b5d7b1e1f1e83d') in 0.025919 seconds 
========================================================================
Received Import Request.
  Time since last request: 0.000033 seconds.
  path: Assets/Import/UI/resource/style01/shape003_style01_color01.png
  artifactKey: Guid(fcc3beee2def5584695a668ebf132104) Importer(815301076,1909f56bfc062723c751e8b465ee728b)
Start importing Assets/Import/UI/resource/style01/shape003_style01_color01.png using Guid(fcc3beee2def5584695a668ebf132104) Importer(815301076,1909f56bfc062723c751e8b465ee728b)  -> (artifact id: '41b4cf8637dac13f309c0ce99f3bad61') in 0.034723 seconds 
========================================================================
Received Import Request.
  Time since last request: 0.000032 seconds.
  path: Assets/Import/UI/resource/style02/shape003_style02_color07.png
  artifactKey: Guid(391ff999ab5f321498168d6e37eb8a8b) Importer(815301076,1909f56bfc062723c751e8b465ee728b)
Start importing Assets/Import/UI/resource/style02/shape003_style02_color07.png using Guid(391ff999ab5f321498168d6e37eb8a8b) Importer(815301076,1909f56bfc062723c751e8b465ee728b)  -> (artifact id: 'c5867874ab511e3c12f7ab03823424ff') in 0.024631 seconds 
========================================================================
Received Import Request.
  Time since last request: 0.000030 seconds.
  path: Assets/Import/UI/resource/style02/shape002_style02_color10.png
  artifactKey: Guid(b6682b80d060f0b48a6c8f0874ca937a) Importer(815301076,1909f56bfc062723c751e8b465ee728b)
Start importing Assets/Import/UI/resource/style02/shape002_style02_color10.png using Guid(b6682b80d060f0b48a6c8f0874ca937a) Importer(815301076,1909f56bfc062723c751e8b465ee728b)  -> (artifact id: '2692a1dab754999f16667a16c1520b7d') in 0.029461 seconds 
========================================================================
Received Import Request.
  Time since last request: 0.000026 seconds.
  path: Assets/Import/UI/resource/style03/shape002_style03_color05.png
  artifactKey: Guid(8f6fa922935ccc04194ecfc79dcd4657) Importer(815301076,1909f56bfc062723c751e8b465ee728b)
Start importing Assets/Import/UI/resource/style03/shape002_style03_color05.png using Guid(8f6fa922935ccc04194ecfc79dcd4657) Importer(815301076,1909f56bfc062723c751e8b465ee728b)  -> (artifact id: '884ac13232577c2738223b3741748e88') in 0.026400 seconds 
========================================================================
Received Import Request.
  Time since last request: 0.000022 seconds.
  path: Assets/Import/UI/resource/style02/shape002_style02_color12.png
  artifactKey: Guid(a60d85e19fe3877488e4db36214d7281) Importer(815301076,1909f56bfc062723c751e8b465ee728b)
Start importing Assets/Import/UI/resource/style02/shape002_style02_color12.png using Guid(a60d85e19fe3877488e4db36214d7281) Importer(815301076,1909f56bfc062723c751e8b465ee728b)  -> (artifact id: 'cec67eaebe4a39d4b72c806467b1ee7d') in 0.024205 seconds 
========================================================================
Received Import Request.
  Time since last request: 0.000029 seconds.
  path: Assets/Import/UI/resource/style02/shape003_style02_color03.png
  artifactKey: Guid(b676b8d264f91b942b08b32f25dc0836) Importer(815301076,1909f56bfc062723c751e8b465ee728b)
Start importing Assets/Import/UI/resource/style02/shape003_style02_color03.png using Guid(b676b8d264f91b942b08b32f25dc0836) Importer(815301076,1909f56bfc062723c751e8b465ee728b)  -> (artifact id: 'c5facecd5ca5840eede64951ebd3211a') in 0.028204 seconds 
========================================================================
Received Import Request.
  Time since last request: 0.000034 seconds.
  path: Assets/Import/UI/resource/style01/shape003_style01_color05.png
  artifactKey: Guid(1cba3b2c12d8cd748b2c667241858833) Importer(815301076,1909f56bfc062723c751e8b465ee728b)
Start importing Assets/Import/UI/resource/style01/shape003_style01_color05.png using Guid(1cba3b2c12d8cd748b2c667241858833) Importer(815301076,1909f56bfc062723c751e8b465ee728b)  -> (artifact id: '1d01c0aae35811fa041e8d9b4f9ab87e') in 0.027792 seconds 
========================================================================
Received Import Request.
  Time since last request: 0.000039 seconds.
  path: Assets/Import/UI/resource/style01/shape003_style01_color12.png
  artifactKey: Guid(008626a5aa6e20948a78a985f3ce9241) Importer(815301076,1909f56bfc062723c751e8b465ee728b)
Start importing Assets/Import/UI/resource/style01/shape003_style01_color12.png using Guid(008626a5aa6e20948a78a985f3ce9241) Importer(815301076,1909f56bfc062723c751e8b465ee728b)  -> (artifact id: 'f19c467295a13e0be2321af9003c5a61') in 0.029273 seconds 
========================================================================
Received Import Request.
  Time since last request: 0.000034 seconds.
  path: Assets/Import/UI/resource/style02/shape003_style02_color01.png
  artifactKey: Guid(ed2094dff565e3241a473f261b600987) Importer(815301076,1909f56bfc062723c751e8b465ee728b)
Start importing Assets/Import/UI/resource/style02/shape003_style02_color01.png using Guid(ed2094dff565e3241a473f261b600987) Importer(815301076,1909f56bfc062723c751e8b465ee728b)  -> (artifact id: '5783026d05507770dc2f13aadfcdf14b') in 0.030773 seconds 
========================================================================
Received Prepare
Registering precompiled user dll's ...
Registered in 0.007878 seconds.
Begin MonoManager ReloadAssembly
Symbol file LoadedFromMemory is not a mono symbol file
Native extension for WindowsStandalone target not found
Native extension for WebGL target not found
Refreshing native plugins compatible for Editor in 1.51 ms, found 2 plugins.
Preloading 0 native plugins for Editor in 0.00 ms.
Warning: Annotation not found!
UnityEngine.StackTraceUtility:ExtractStackTrace ()
UnityEditor.ProBuilder.EditorUtility:SetGizmoIconEnabled (System.Type,bool) (at Library/PackageCache/com.unity.probuilder@5.0.3/Editor/EditorCore/EditorUtility.cs:575)
UnityEditor.ProBuilder.HierarchyListener:.cctor () (at Library/PackageCache/com.unity.probuilder@5.0.3/Editor/EditorCore/HierarchyListener.cs:21)
System.Runtime.CompilerServices.RuntimeHelpers:RunClassConstructor (System.RuntimeTypeHandle)
UnityEditor.EditorAssemblies:ProcessInitializeOnLoadAttributes (System.Type[])

[Library/PackageCache/com.unity.probuilder@5.0.3/Editor/EditorCore/EditorUtility.cs line 575]

Mono: successfully reloaded assembly
- Completed reload, in  1.609 seconds
Domain Reload Profiling:
	ReloadAssembly (1610ms)
		BeginReloadAssembly (156ms)
			ExecutionOrderSort (0ms)
			DisableScriptedObjects (6ms)
			BackupInstance (0ms)
			ReleaseScriptingObjects (0ms)
			CreateAndSetChildDomain (39ms)
		EndReloadAssembly (1324ms)
			LoadAssemblies (126ms)
			RebuildTransferFunctionScriptingTraits (0ms)
			SetupTypeCache (313ms)
			ReleaseScriptCaches (2ms)
			RebuildScriptCaches (74ms)
			SetupLoadedEditorAssemblies (672ms)
				LogAssemblyErrors (0ms)
				InitializePlatformSupportModulesInManaged (21ms)
				SetLoadedEditorAssemblies (1ms)
				RefreshPlugins (2ms)
				BeforeProcessingInitializeOnLoad (114ms)
				ProcessInitializeOnLoadAttributes (413ms)
				ProcessInitializeOnLoadMethodAttributes (109ms)
				AfterProcessingInitializeOnLoad (13ms)
				EditorAssembliesLoaded (0ms)
			ExecutionOrderSort2 (0ms)
			AwakeInstancesAfterBackupRestoration (21ms)
Platform modules already initialized, skipping
Refreshing native plugins compatible for Editor in 3.20 ms, found 2 plugins.
Preloading 0 native plugins for Editor in 0.00 ms.
Unloading 3634 Unused Serialized files (Serialized files now loaded: 0)
Unloading 21 unused Assets / (468.0 KB). Loaded Objects now: 4353.
Memory consumption went from 183.5 MB to 183.0 MB.
Total: 4.448800 ms (FindLiveObjects: 0.394800 ms CreateObjectMapping: 0.242000 ms MarkObjects: 3.440300 ms  DeleteObjects: 0.370000 ms)

AssetImportParameters requested are different than current active one (requested -> active):
  custom:video-decoder-ogg-theora: a1e56fd34408186e4bbccfd4996cb3dc -> 
  custom:container-muxer-webm: aa71ff27fc2769a1b78a27578f13a17b -> 
  custom:container-demuxer-webm: 4f35f7cbe854078d1ac9338744f61a02 -> 
  custom:video-encoder-webm-vp8: eb34c28f22e8b96e1ab97ce403110664 -> 
  custom:audio-encoder-webm-vorbis: bf7c407c2cedff20999df2af8eb42d56 -> 
  custom:framework-win-MediaFoundation: 216162199b28c13a410421893ffa2e32 -> 
  custom:container-demuxer-ogg: 62fdf1f143b41e24485cea50d1cbac27 -> 
  custom:video-decoder-webm-vp8: 9c59270c3fd7afecdb556c50c9e8de78 -> 
  custom:audio-decoder-ogg-vorbis: bf7c407c2cedff20999df2af8eb42d56 -> 
Editor requested this worker to shutdown with reason: Scaling down because of idle timeout
AssetImportWorker is now disconnected from the server
Process exiting
Exiting without the bug reporter. Application will terminate with return code 0