Using pre-set license
Built from '2021.3/staging' branch; Version is '2021.3.0f1 (6eacc8284459) revision 7253192'; Using compiler version '192829333'; Build Type 'Release'
OS: 'Windows 10  (10.0.19044) 64bit Core' Language: 'fr' Physical Memory: 16231 MB
BatchMode: 1, IsHumanControllingUs: 0, StartBugReporterOnCrash: 0, Is64bit: 1, IsPro: 1

COMMAND LINE ARGUMENTS:
C:\Infomatique\Unity\2021.3.0f1\Editor\Unity.exe
-adb2
-batchMode
-noUpm
-name
AssetImportWorker2
-projectPath
C:/Infomatique/Unity/Projects/Personal Projects/DFL/DFL
-logFile
Logs/AssetImportWorker2.log
-srvPort
53403
Successfully changed project path to: C:/Infomatique/Unity/Projects/Personal Projects/DFL/DFL
C:/Infomatique/Unity/Projects/Personal Projects/DFL/DFL
[UnityMemory] Configuration Parameters - Can be set up in boot.config
    "memorysetup-bucket-allocator-granularity=16"
    "memorysetup-bucket-allocator-bucket-count=8"
    "memorysetup-bucket-allocator-block-size=33554432"
    "memorysetup-bucket-allocator-block-count=8"
    "memorysetup-main-allocator-block-size=16777216"
    "memorysetup-thread-allocator-block-size=16777216"
    "memorysetup-gfx-main-allocator-block-size=16777216"
    "memorysetup-gfx-thread-allocator-block-size=16777216"
    "memorysetup-cache-allocator-block-size=4194304"
    "memorysetup-typetree-allocator-block-size=2097152"
    "memorysetup-profiler-bucket-allocator-granularity=16"
    "memorysetup-profiler-bucket-allocator-bucket-count=8"
    "memorysetup-profiler-bucket-allocator-block-size=33554432"
    "memorysetup-profiler-bucket-allocator-block-count=8"
    "memorysetup-profiler-allocator-block-size=16777216"
    "memorysetup-profiler-editor-allocator-block-size=1048576"
    "memorysetup-temp-allocator-size-main=16777216"
    "memorysetup-job-temp-allocator-block-size=2097152"
    "memorysetup-job-temp-allocator-block-size-background=1048576"
    "memorysetup-job-temp-allocator-reduction-small-platforms=262144"
    "memorysetup-temp-allocator-size-background-worker=32768"
    "memorysetup-temp-allocator-size-job-worker=262144"
    "memorysetup-temp-allocator-size-preload-manager=33554432"
    "memorysetup-temp-allocator-size-nav-mesh-worker=65536"
    "memorysetup-temp-allocator-size-audio-worker=65536"
    "memorysetup-temp-allocator-size-cloud-worker=32768"
    "memorysetup-temp-allocator-size-gi-baking-worker=262144"
    "memorysetup-temp-allocator-size-gfx=262144"
Refreshing native plugins compatible for Editor in 127.89 ms, found 2 plugins.
Preloading 0 native plugins for Editor in 0.00 ms.
Initialize engine version: 2021.3.0f1 (6eacc8284459)
[Subsystems] Discovering subsystems at path C:/Infomatique/Unity/2021.3.0f1/Editor/Data/Resources/UnitySubsystems
[Subsystems] Discovering subsystems at path C:/Infomatique/Unity/Projects/Personal Projects/DFL/DFL/Assets
GfxDevice: creating device client; threaded=0; jobified=0
Direct3D:
    Version:  Direct3D 11.0 [level 11.1]
    Renderer: NVIDIA GeForce GTX 1660 Ti (ID=0x2191)
    Vendor:   NVIDIA
    VRAM:     5991 MB
    Driver:   26.21.14.4137
Initialize mono
Mono path[0] = 'C:/Infomatique/Unity/2021.3.0f1/Editor/Data/Managed'
Mono path[1] = 'C:/Infomatique/Unity/2021.3.0f1/Editor/Data/MonoBleedingEdge/lib/mono/unityjit-win32'
Mono config path = 'C:/Infomatique/Unity/2021.3.0f1/Editor/Data/MonoBleedingEdge/etc'
Using monoOptions --debugger-agent=transport=dt_socket,embedding=1,server=y,suspend=n,address=127.0.0.1:56380
Begin MonoManager ReloadAssembly
Registering precompiled unity dll's ...
Register platform support module: C:/Infomatique/Unity/2021.3.0f1/Editor/Data/PlaybackEngines/WebGLSupport/UnityEditor.WebGL.Extensions.dll
Register platform support module: C:/Infomatique/Unity/2021.3.0f1/Editor/Data/PlaybackEngines/WindowsStandaloneSupport/UnityEditor.WindowsStandalone.Extensions.dll
Registered in 0.007681 seconds.
Native extension for WindowsStandalone target not found
Native extension for WebGL target not found
Refreshing native plugins compatible for Editor in 84.87 ms, found 2 plugins.
Preloading 0 native plugins for Editor in 0.00 ms.
Mono: successfully reloaded assembly
- Completed reload, in  0.629 seconds
Domain Reload Profiling:
	ReloadAssembly (630ms)
		BeginReloadAssembly (73ms)
			ExecutionOrderSort (0ms)
			DisableScriptedObjects (0ms)
			BackupInstance (0ms)
			ReleaseScriptingObjects (0ms)
			CreateAndSetChildDomain (1ms)
		EndReloadAssembly (447ms)
			LoadAssemblies (70ms)
			RebuildTransferFunctionScriptingTraits (0ms)
			SetupTypeCache (96ms)
			ReleaseScriptCaches (0ms)
			RebuildScriptCaches (26ms)
			SetupLoadedEditorAssemblies (277ms)
				LogAssemblyErrors (0ms)
				InitializePlatformSupportModulesInManaged (9ms)
				SetLoadedEditorAssemblies (0ms)
				RefreshPlugins (85ms)
				BeforeProcessingInitializeOnLoad (1ms)
				ProcessInitializeOnLoadAttributes (134ms)
				ProcessInitializeOnLoadMethodAttributes (48ms)
				AfterProcessingInitializeOnLoad (0ms)
				EditorAssembliesLoaded (0ms)
			ExecutionOrderSort2 (0ms)
			AwakeInstancesAfterBackupRestoration (0ms)
Platform modules already initialized, skipping
Registering precompiled user dll's ...
Registered in 0.006335 seconds.
Begin MonoManager ReloadAssembly
Symbol file LoadedFromMemory is not a mono symbol file
Native extension for WindowsStandalone target not found
Native extension for WebGL target not found
Refreshing native plugins compatible for Editor in 91.03 ms, found 2 plugins.
Preloading 0 native plugins for Editor in 0.00 ms.
Mono: successfully reloaded assembly
- Completed reload, in  1.352 seconds
Domain Reload Profiling:
	ReloadAssembly (1353ms)
		BeginReloadAssembly (113ms)
			ExecutionOrderSort (0ms)
			DisableScriptedObjects (6ms)
			BackupInstance (0ms)
			ReleaseScriptingObjects (0ms)
			CreateAndSetChildDomain (19ms)
		EndReloadAssembly (1121ms)
			LoadAssemblies (94ms)
			RebuildTransferFunctionScriptingTraits (0ms)
			SetupTypeCache (231ms)
			ReleaseScriptCaches (1ms)
			RebuildScriptCaches (56ms)
			SetupLoadedEditorAssemblies (690ms)
				LogAssemblyErrors (0ms)
				InitializePlatformSupportModulesInManaged (6ms)
				SetLoadedEditorAssemblies (0ms)
				RefreshPlugins (91ms)
				BeforeProcessingInitializeOnLoad (98ms)
				ProcessInitializeOnLoadAttributes (399ms)
				ProcessInitializeOnLoadMethodAttributes (85ms)
				AfterProcessingInitializeOnLoad (11ms)
				EditorAssembliesLoaded (0ms)
			ExecutionOrderSort2 (0ms)
			AwakeInstancesAfterBackupRestoration (8ms)
Platform modules already initialized, skipping
========================================================================
Worker process is ready to serve import requests
Launched and connected shader compiler UnityShaderCompiler.exe after 0.07 seconds
Refreshing native plugins compatible for Editor in 1.49 ms, found 2 plugins.
Preloading 0 native plugins for Editor in 0.00 ms.
Unloading 3801 Unused Serialized files (Serialized files now loaded: 0)
Unloading 129 unused Assets / (457.0 KB). Loaded Objects now: 4254.
Memory consumption went from 184.4 MB to 183.9 MB.
Total: 3.560600 ms (FindLiveObjects: 0.322800 ms CreateObjectMapping: 0.267600 ms MarkObjects: 2.599000 ms  DeleteObjects: 0.370200 ms)

AssetImportParameters requested are different than current active one (requested -> active):
  custom:video-decoder-ogg-theora: a1e56fd34408186e4bbccfd4996cb3dc -> 
  custom:container-muxer-webm: aa71ff27fc2769a1b78a27578f13a17b -> 
  custom:container-demuxer-webm: 4f35f7cbe854078d1ac9338744f61a02 -> 
  custom:video-encoder-webm-vp8: eb34c28f22e8b96e1ab97ce403110664 -> 
  custom:audio-encoder-webm-vorbis: bf7c407c2cedff20999df2af8eb42d56 -> 
  custom:framework-win-MediaFoundation: 216162199b28c13a410421893ffa2e32 -> 
  custom:container-demuxer-ogg: 62fdf1f143b41e24485cea50d1cbac27 -> 
  custom:video-decoder-webm-vp8: 9c59270c3fd7afecdb556c50c9e8de78 -> 
  custom:audio-decoder-ogg-vorbis: bf7c407c2cedff20999df2af8eb42d56 -> 
========================================================================
Received Import Request.
  Time since last request: 194294.002754 seconds.
  path: Assets/Prefabs/Players/Player1.prefab
  artifactKey: Guid(954c6aefe33bdf948af105d130cc7e30) Importer(815301076,1909f56bfc062723c751e8b465ee728b)
Start importing Assets/Prefabs/Players/Player1.prefab using Guid(954c6aefe33bdf948af105d130cc7e30) Importer(815301076,1909f56bfc062723c751e8b465ee728b)  -> (artifact id: 'e5a03f9a212efe90e100d4941a9b0224') in 0.277213 seconds 
========================================================================
Received Import Request.
  Time since last request: 100.720862 seconds.
  path: Assets/Import/Audio/Footsteps - Essentials/Footsteps_Grass/Footsteps_Grass_Walk/Footsteps_Walk_Grass_Mono_01.wav
  artifactKey: Guid(551d550ab98e3cc4bb7793e752fe8628) Importer(815301076,1909f56bfc062723c751e8b465ee728b)
Start importing Assets/Import/Audio/Footsteps - Essentials/Footsteps_Grass/Footsteps_Grass_Walk/Footsteps_Walk_Grass_Mono_01.wav using Guid(551d550ab98e3cc4bb7793e752fe8628) Importer(815301076,1909f56bfc062723c751e8b465ee728b)  -> (artifact id: '7a8c763c10936c2ec271364bcb38dfc0') in 0.051894 seconds 
========================================================================
Received Import Request.
  Time since last request: 0.000047 seconds.
  path: Assets/Import/Audio/Footsteps - Essentials/Footsteps_Grass/Footsteps_Grass_Walk/Footsteps_Walk_Grass_Mono_23.wav
  artifactKey: Guid(c73956075c85d384a891d9da3762e5c9) Importer(815301076,1909f56bfc062723c751e8b465ee728b)
Start importing Assets/Import/Audio/Footsteps - Essentials/Footsteps_Grass/Footsteps_Grass_Walk/Footsteps_Walk_Grass_Mono_23.wav using Guid(c73956075c85d384a891d9da3762e5c9) Importer(815301076,1909f56bfc062723c751e8b465ee728b)  -> (artifact id: '5c1a66b5a82ba0b170b9adc6b548a8e0') in 0.022187 seconds 
========================================================================
Received Import Request.
  Time since last request: 0.000050 seconds.
  path: Assets/Import/Audio/Footsteps - Essentials/Footsteps_Grass/Footsteps_Grass_Walk/Footsteps_Walk_Grass_Mono_10.wav
  artifactKey: Guid(5799109e817d3704889f0499d06a23be) Importer(815301076,1909f56bfc062723c751e8b465ee728b)
Start importing Assets/Import/Audio/Footsteps - Essentials/Footsteps_Grass/Footsteps_Grass_Walk/Footsteps_Walk_Grass_Mono_10.wav using Guid(5799109e817d3704889f0499d06a23be) Importer(815301076,1909f56bfc062723c751e8b465ee728b)  -> (artifact id: '61218a1cdadfb613f48320ae833059cd') in 0.017637 seconds 
========================================================================
Received Import Request.
  Time since last request: 0.000029 seconds.
  path: Assets/Import/Audio/Footsteps - Essentials/Footsteps_Grass/Footsteps_Grass_Walk/Footsteps_Walk_Grass_Mono_32.wav
  artifactKey: Guid(e41709e0fc1f25449a1e6290e3da9b87) Importer(815301076,1909f56bfc062723c751e8b465ee728b)
Start importing Assets/Import/Audio/Footsteps - Essentials/Footsteps_Grass/Footsteps_Grass_Walk/Footsteps_Walk_Grass_Mono_32.wav using Guid(e41709e0fc1f25449a1e6290e3da9b87) Importer(815301076,1909f56bfc062723c751e8b465ee728b)  -> (artifact id: 'a7d5e5e3dadae26552306d1e58f92eb7') in 0.016159 seconds 
========================================================================
Received Import Request.
  Time since last request: 0.000026 seconds.
  path: Assets/Import/Audio/Footsteps - Essentials/Footsteps_Grass/Footsteps_Grass_Walk/Footsteps_Walk_Grass_Mono_04.wav
  artifactKey: Guid(38cb68a2a49e89c46bea091d75b27976) Importer(815301076,1909f56bfc062723c751e8b465ee728b)
Start importing Assets/Import/Audio/Footsteps - Essentials/Footsteps_Grass/Footsteps_Grass_Walk/Footsteps_Walk_Grass_Mono_04.wav using Guid(38cb68a2a49e89c46bea091d75b27976) Importer(815301076,1909f56bfc062723c751e8b465ee728b)  -> (artifact id: '9234c961c6cb0d81c57e85e87bfe4fb1') in 0.020290 seconds 
========================================================================
Received Import Request.
  Time since last request: 0.000024 seconds.
  path: Assets/Import/Audio/Footsteps - Essentials/Footsteps_Grass/Footsteps_Grass_Walk/Footsteps_Walk_Grass_Mono_31.wav
  artifactKey: Guid(c79fa9a699dd93647a0729d726adb632) Importer(815301076,1909f56bfc062723c751e8b465ee728b)
Start importing Assets/Import/Audio/Footsteps - Essentials/Footsteps_Grass/Footsteps_Grass_Walk/Footsteps_Walk_Grass_Mono_31.wav using Guid(c79fa9a699dd93647a0729d726adb632) Importer(815301076,1909f56bfc062723c751e8b465ee728b)  -> (artifact id: '1f3c93336d7b23df49698806d3409778') in 0.016321 seconds 
========================================================================
Received Import Request.
  Time since last request: 0.000045 seconds.
  path: Assets/Import/Audio/Footsteps - Essentials/Footsteps_Grass/Footsteps_Grass_Walk/Footsteps_Walk_Grass_Mono_37.wav
  artifactKey: Guid(326f222e206f8d84bbced6f9d6a0f08e) Importer(815301076,1909f56bfc062723c751e8b465ee728b)
Start importing Assets/Import/Audio/Footsteps - Essentials/Footsteps_Grass/Footsteps_Grass_Walk/Footsteps_Walk_Grass_Mono_37.wav using Guid(326f222e206f8d84bbced6f9d6a0f08e) Importer(815301076,1909f56bfc062723c751e8b465ee728b)  -> (artifact id: 'c98e8d14051f5ef350321e42160866b6') in 0.021202 seconds 
========================================================================
Received Import Request.
  Time since last request: 0.000030 seconds.
  path: Assets/Import/Audio/Footsteps - Essentials/Footsteps_Grass/Footsteps_Grass_Walk/Footsteps_Walk_Grass_Mono_28.wav
  artifactKey: Guid(ba6029ca248ff2247a1a9ca238be48ff) Importer(815301076,1909f56bfc062723c751e8b465ee728b)
Start importing Assets/Import/Audio/Footsteps - Essentials/Footsteps_Grass/Footsteps_Grass_Walk/Footsteps_Walk_Grass_Mono_28.wav using Guid(ba6029ca248ff2247a1a9ca238be48ff) Importer(815301076,1909f56bfc062723c751e8b465ee728b)  -> (artifact id: '57b1ffdfd21d04976bbc14f653f12d31') in 0.017548 seconds 
========================================================================
Received Import Request.
  Time since last request: 0.000027 seconds.
  path: Assets/Import/Audio/Footsteps - Essentials/Footsteps_Grass/Footsteps_Grass_Walk/Footsteps_Walk_Grass_Mono_05.wav
  artifactKey: Guid(a62172e6f7275ff4f94c17edc8dfdd0d) Importer(815301076,1909f56bfc062723c751e8b465ee728b)
Start importing Assets/Import/Audio/Footsteps - Essentials/Footsteps_Grass/Footsteps_Grass_Walk/Footsteps_Walk_Grass_Mono_05.wav using Guid(a62172e6f7275ff4f94c17edc8dfdd0d) Importer(815301076,1909f56bfc062723c751e8b465ee728b)  -> (artifact id: '870fa9f274fa782a52b7883c1a25f46d') in 0.015523 seconds 
========================================================================
Received Import Request.
  Time since last request: 0.000024 seconds.
  path: Assets/Import/Audio/Footsteps - Essentials/Footsteps_Grass/Footsteps_Grass_Walk/Footsteps_Walk_Grass_Mono_38.wav
  artifactKey: Guid(fbb8ee09f6d45f54d84383b81ca5a5cd) Importer(815301076,1909f56bfc062723c751e8b465ee728b)
Start importing Assets/Import/Audio/Footsteps - Essentials/Footsteps_Grass/Footsteps_Grass_Walk/Footsteps_Walk_Grass_Mono_38.wav using Guid(fbb8ee09f6d45f54d84383b81ca5a5cd) Importer(815301076,1909f56bfc062723c751e8b465ee728b)  -> (artifact id: '16f995644eb348da1c1d997b96597e1c') in 0.018409 seconds 
========================================================================
Received Import Request.
  Time since last request: 0.000026 seconds.
  path: Assets/Import/Audio/Footsteps - Essentials/Footsteps_Grass/Footsteps_Grass_Walk/Footsteps_Walk_Grass_Mono_06.wav
  artifactKey: Guid(6a0b4267ac8ee8448b619bc9a3bca6d9) Importer(815301076,1909f56bfc062723c751e8b465ee728b)
Start importing Assets/Import/Audio/Footsteps - Essentials/Footsteps_Grass/Footsteps_Grass_Walk/Footsteps_Walk_Grass_Mono_06.wav using Guid(6a0b4267ac8ee8448b619bc9a3bca6d9) Importer(815301076,1909f56bfc062723c751e8b465ee728b)  -> (artifact id: 'fc673b1004ec6715ad6a9db051da235a') in 0.017724 seconds 
========================================================================
Received Import Request.
  Time since last request: 0.000035 seconds.
  path: Assets/Import/Audio/Footsteps - Essentials/Footsteps_Grass/Footsteps_Grass_Walk/Footsteps_Walk_Grass_Mono_14.wav
  artifactKey: Guid(cee5e6c416359ef4cbb722f0cd3a5a14) Importer(815301076,1909f56bfc062723c751e8b465ee728b)
Start importing Assets/Import/Audio/Footsteps - Essentials/Footsteps_Grass/Footsteps_Grass_Walk/Footsteps_Walk_Grass_Mono_14.wav using Guid(cee5e6c416359ef4cbb722f0cd3a5a14) Importer(815301076,1909f56bfc062723c751e8b465ee728b)  -> (artifact id: '644e9da56b10a7020cfeb75683a1b9d1') in 0.016677 seconds 
========================================================================
Received Import Request.
  Time since last request: 0.000023 seconds.
  path: Assets/Import/Audio/Footsteps - Essentials/Footsteps_Grass/Footsteps_Grass_Walk/Footsteps_Walk_Grass_Mono_44.wav
  artifactKey: Guid(dffb2ef44d2dd254aa89c2546475cf3c) Importer(815301076,1909f56bfc062723c751e8b465ee728b)
Start importing Assets/Import/Audio/Footsteps - Essentials/Footsteps_Grass/Footsteps_Grass_Walk/Footsteps_Walk_Grass_Mono_44.wav using Guid(dffb2ef44d2dd254aa89c2546475cf3c) Importer(815301076,1909f56bfc062723c751e8b465ee728b)  -> (artifact id: '3f48d13473e40793e18f2cca3c544935') in 0.016957 seconds 
========================================================================
Received Import Request.
  Time since last request: 0.000020 seconds.
  path: Assets/Import/Audio/Footsteps - Essentials/Footsteps_Grass/Footsteps_Grass_Walk/Footsteps_Walk_Grass_Mono_16.wav
  artifactKey: Guid(f3a60c89c8456614895e7e11520a19d5) Importer(815301076,1909f56bfc062723c751e8b465ee728b)
Start importing Assets/Import/Audio/Footsteps - Essentials/Footsteps_Grass/Footsteps_Grass_Walk/Footsteps_Walk_Grass_Mono_16.wav using Guid(f3a60c89c8456614895e7e11520a19d5) Importer(815301076,1909f56bfc062723c751e8b465ee728b)  -> (artifact id: '93de55375ef937d57f76bb28eb01577d') in 0.018058 seconds 
========================================================================
Received Import Request.
  Time since last request: 0.000020 seconds.
  path: Assets/Import/Audio/Footsteps - Essentials/Footsteps_Grass/Footsteps_Grass_Walk/Footsteps_Walk_Grass_Mono_13.wav
  artifactKey: Guid(ba6466c0db2d12649a51ba73749902d3) Importer(815301076,1909f56bfc062723c751e8b465ee728b)
Start importing Assets/Import/Audio/Footsteps - Essentials/Footsteps_Grass/Footsteps_Grass_Walk/Footsteps_Walk_Grass_Mono_13.wav using Guid(ba6466c0db2d12649a51ba73749902d3) Importer(815301076,1909f56bfc062723c751e8b465ee728b)  -> (artifact id: 'ca4ace881473e51a93223673babc30dc') in 0.019479 seconds 
========================================================================
Received Import Request.
  Time since last request: 0.000034 seconds.
  path: Assets/Import/Audio/Footsteps - Essentials/Footsteps_Grass/Footsteps_Grass_Walk/Footsteps_Walk_Grass_Mono_42.wav
  artifactKey: Guid(837b2ac0dee4b2e49b7c4229129a2cd2) Importer(815301076,1909f56bfc062723c751e8b465ee728b)
Start importing Assets/Import/Audio/Footsteps - Essentials/Footsteps_Grass/Footsteps_Grass_Walk/Footsteps_Walk_Grass_Mono_42.wav using Guid(837b2ac0dee4b2e49b7c4229129a2cd2) Importer(815301076,1909f56bfc062723c751e8b465ee728b)  -> (artifact id: '8a000374839b24f54ab0b5ff8d887687') in 0.019169 seconds 
========================================================================
Received Import Request.
  Time since last request: 0.000042 seconds.
  path: Assets/Import/Audio/Footsteps - Essentials/Footsteps_Grass/Footsteps_Grass_Walk/Footsteps_Walk_Grass_Mono_30.wav
  artifactKey: Guid(b4b126977b28e1d499d8f7f7c580d488) Importer(815301076,1909f56bfc062723c751e8b465ee728b)
Start importing Assets/Import/Audio/Footsteps - Essentials/Footsteps_Grass/Footsteps_Grass_Walk/Footsteps_Walk_Grass_Mono_30.wav using Guid(b4b126977b28e1d499d8f7f7c580d488) Importer(815301076,1909f56bfc062723c751e8b465ee728b)  -> (artifact id: '63ad6af668c3969f0d744edee17fd102') in 0.017569 seconds 
========================================================================
Received Import Request.
  Time since last request: 0.000100 seconds.
  path: Assets/Import/Audio/Footsteps - Essentials/Footsteps_Grass/Footsteps_Grass_Walk/Footsteps_Walk_Grass_Mono_09.wav
  artifactKey: Guid(56ea356e65429294f9098ef523fdb70b) Importer(815301076,1909f56bfc062723c751e8b465ee728b)
Start importing Assets/Import/Audio/Footsteps - Essentials/Footsteps_Grass/Footsteps_Grass_Walk/Footsteps_Walk_Grass_Mono_09.wav using Guid(56ea356e65429294f9098ef523fdb70b) Importer(815301076,1909f56bfc062723c751e8b465ee728b)  -> (artifact id: '8246549288929cfa2716ad613f7b6efa') in 0.016338 seconds 
========================================================================
Received Import Request.
  Time since last request: 0.000034 seconds.
  path: Assets/Import/Audio/Footsteps - Essentials/Footsteps_Grass/Footsteps_Grass_Walk/Footsteps_Walk_Grass_Mono_18.wav
  artifactKey: Guid(e4f1c11a5b7fd27468ea8b131669f3a5) Importer(815301076,1909f56bfc062723c751e8b465ee728b)
Start importing Assets/Import/Audio/Footsteps - Essentials/Footsteps_Grass/Footsteps_Grass_Walk/Footsteps_Walk_Grass_Mono_18.wav using Guid(e4f1c11a5b7fd27468ea8b131669f3a5) Importer(815301076,1909f56bfc062723c751e8b465ee728b)  -> (artifact id: '770fc9898f2c4638a2822cd932496955') in 0.018312 seconds 
========================================================================
Received Import Request.
  Time since last request: 0.000026 seconds.
  path: Assets/Import/Audio/Footsteps - Essentials/Footsteps_Grass/Footsteps_Grass_Walk/Footsteps_Walk_Grass_Mono_35.wav
  artifactKey: Guid(c98c6b4375d0b1e4193f9e678966559a) Importer(815301076,1909f56bfc062723c751e8b465ee728b)
Start importing Assets/Import/Audio/Footsteps - Essentials/Footsteps_Grass/Footsteps_Grass_Walk/Footsteps_Walk_Grass_Mono_35.wav using Guid(c98c6b4375d0b1e4193f9e678966559a) Importer(815301076,1909f56bfc062723c751e8b465ee728b)  -> (artifact id: 'b1710099d9a2aa2161b22c95d59305d6') in 0.015854 seconds 
========================================================================
Received Import Request.
  Time since last request: 0.000040 seconds.
  path: Assets/Import/Audio/Footsteps - Essentials/Footsteps_Grass/Footsteps_Grass_Walk/Footsteps_Walk_Grass_Mono_15.wav
  artifactKey: Guid(be378a7ab9654eb41ab1e85da1701672) Importer(815301076,1909f56bfc062723c751e8b465ee728b)
Start importing Assets/Import/Audio/Footsteps - Essentials/Footsteps_Grass/Footsteps_Grass_Walk/Footsteps_Walk_Grass_Mono_15.wav using Guid(be378a7ab9654eb41ab1e85da1701672) Importer(815301076,1909f56bfc062723c751e8b465ee728b)  -> (artifact id: '8799d513633b47ef0ad66cfa1bdc243a') in 0.015255 seconds 
========================================================================
Received Import Request.
  Time since last request: 0.000031 seconds.
  path: Assets/Import/Audio/Footsteps - Essentials/Footsteps_Grass/Footsteps_Grass_Walk/Footsteps_Walk_Grass_Mono_43.wav
  artifactKey: Guid(55a810a67df804d4487e8f990523255b) Importer(815301076,1909f56bfc062723c751e8b465ee728b)
Start importing Assets/Import/Audio/Footsteps - Essentials/Footsteps_Grass/Footsteps_Grass_Walk/Footsteps_Walk_Grass_Mono_43.wav using Guid(55a810a67df804d4487e8f990523255b) Importer(815301076,1909f56bfc062723c751e8b465ee728b)  -> (artifact id: '52b97c619b29a7037386346fbee9b7f8') in 0.017618 seconds 
========================================================================
Received Import Request.
  Time since last request: 0.000035 seconds.
  path: Assets/Import/Audio/Footsteps - Essentials/Footsteps_Grass/Footsteps_Grass_Walk/Footsteps_Walk_Grass_Mono_24.wav
  artifactKey: Guid(a9e685e1af34121498a651c484426703) Importer(815301076,1909f56bfc062723c751e8b465ee728b)
Start importing Assets/Import/Audio/Footsteps - Essentials/Footsteps_Grass/Footsteps_Grass_Walk/Footsteps_Walk_Grass_Mono_24.wav using Guid(a9e685e1af34121498a651c484426703) Importer(815301076,1909f56bfc062723c751e8b465ee728b)  -> (artifact id: 'baa2ec75f93dcf256bbd6929f5caf738') in 0.017254 seconds 
========================================================================
Received Import Request.
  Time since last request: 0.000043 seconds.
  path: Assets/Import/Audio/Footsteps - Essentials/Footsteps_Grass/Footsteps_Grass_Walk/Footsteps_Walk_Grass_Mono_26.wav
  artifactKey: Guid(a1d0e2d83ca2030428f1c772f47b9087) Importer(815301076,1909f56bfc062723c751e8b465ee728b)
Start importing Assets/Import/Audio/Footsteps - Essentials/Footsteps_Grass/Footsteps_Grass_Walk/Footsteps_Walk_Grass_Mono_26.wav using Guid(a1d0e2d83ca2030428f1c772f47b9087) Importer(815301076,1909f56bfc062723c751e8b465ee728b)  -> (artifact id: 'ee7f81e35dcc5ae3e1ad2938260b0633') in 0.015945 seconds 
========================================================================
Received Import Request.
  Time since last request: 79.573310 seconds.
  path: Assets/Import/Audio/Footsteps - Essentials/Footsteps_Grass/Footsteps_Grass_Walk/Footsteps_Walk_Grass_Mono_50.wav
  artifactKey: Guid(96860d4e7cdc1f746906da7b7bc7a388) Importer(815301076,1909f56bfc062723c751e8b465ee728b)
Start importing Assets/Import/Audio/Footsteps - Essentials/Footsteps_Grass/Footsteps_Grass_Walk/Footsteps_Walk_Grass_Mono_50.wav using Guid(96860d4e7cdc1f746906da7b7bc7a388) Importer(815301076,1909f56bfc062723c751e8b465ee728b)  -> (artifact id: '6e32479e94e16ab04df37c66c60dfc5e') in 0.012287 seconds 
========================================================================
Received Import Request.
  Time since last request: 91.856775 seconds.
  path: Assets/Import/Audio/Footsteps - Essentials/Footsteps_Grass/Footsteps_Grass_Jump/Footsteps_Grass_Jump_Land_01.wav
  artifactKey: Guid(6aeefb601c305f64487cebdfacae5b6c) Importer(815301076,1909f56bfc062723c751e8b465ee728b)
Start importing Assets/Import/Audio/Footsteps - Essentials/Footsteps_Grass/Footsteps_Grass_Jump/Footsteps_Grass_Jump_Land_01.wav using Guid(6aeefb601c305f64487cebdfacae5b6c) Importer(815301076,1909f56bfc062723c751e8b465ee728b)  -> (artifact id: 'a607df19a1e152668e62e340aaef0e57') in 0.023959 seconds 
========================================================================
Received Import Request.
  Time since last request: 0.000034 seconds.
  path: Assets/Import/Audio/Footsteps - Essentials/Footsteps_Grass/Footsteps_Grass_Jump/Footsteps_Grass_Jump_Start_07.wav
  artifactKey: Guid(0f4dd9cb929f5ac4f82b43558fde29c6) Importer(815301076,1909f56bfc062723c751e8b465ee728b)
Start importing Assets/Import/Audio/Footsteps - Essentials/Footsteps_Grass/Footsteps_Grass_Jump/Footsteps_Grass_Jump_Start_07.wav using Guid(0f4dd9cb929f5ac4f82b43558fde29c6) Importer(815301076,1909f56bfc062723c751e8b465ee728b)  -> (artifact id: '687df161752d0117dd64af704d66e8bb') in 0.016417 seconds 
========================================================================
Received Import Request.
  Time since last request: 0.000034 seconds.
  path: Assets/Import/Audio/Footsteps - Essentials/Footsteps_Grass/Footsteps_Grass_Jump/Footsteps_Grass_Jump_Land_07.wav
  artifactKey: Guid(8e0c586341010324fadd73453569f0aa) Importer(815301076,1909f56bfc062723c751e8b465ee728b)
Start importing Assets/Import/Audio/Footsteps - Essentials/Footsteps_Grass/Footsteps_Grass_Jump/Footsteps_Grass_Jump_Land_07.wav using Guid(8e0c586341010324fadd73453569f0aa) Importer(815301076,1909f56bfc062723c751e8b465ee728b)  -> (artifact id: 'e8d9fa468110f8bf52343a456e6da867') in 0.018645 seconds 
========================================================================
Received Import Request.
  Time since last request: 0.000039 seconds.
  path: Assets/Import/Audio/Footsteps - Essentials/Footsteps_Grass/Footsteps_Grass_Jump/Footsteps_Grass_Jump_Land_08.wav
  artifactKey: Guid(eb491a4de6595a246bbef0f211e2bd73) Importer(815301076,1909f56bfc062723c751e8b465ee728b)
Start importing Assets/Import/Audio/Footsteps - Essentials/Footsteps_Grass/Footsteps_Grass_Jump/Footsteps_Grass_Jump_Land_08.wav using Guid(eb491a4de6595a246bbef0f211e2bd73) Importer(815301076,1909f56bfc062723c751e8b465ee728b)  -> (artifact id: '55f779d2863da7a27a977a42db05effe') in 0.018070 seconds 
========================================================================
Received Import Request.
  Time since last request: 0.000031 seconds.
  path: Assets/Import/Audio/Footsteps - Essentials/Footsteps_Grass/Footsteps_Grass_Jump/Footsteps_Grass_Jump_Land_05.wav
  artifactKey: Guid(09226248e570c904a900ec2ecb767a68) Importer(815301076,1909f56bfc062723c751e8b465ee728b)
Start importing Assets/Import/Audio/Footsteps - Essentials/Footsteps_Grass/Footsteps_Grass_Jump/Footsteps_Grass_Jump_Land_05.wav using Guid(09226248e570c904a900ec2ecb767a68) Importer(815301076,1909f56bfc062723c751e8b465ee728b)  -> (artifact id: 'dcc407c6a9e61af871df38fdf0dc1712') in 0.016587 seconds 
========================================================================
Received Import Request.
  Time since last request: 0.000019 seconds.
  path: Assets/Import/Audio/Footsteps - Essentials/Footsteps_Grass/Footsteps_Grass_Jump/Footsteps_Grass_Jump_Start_05.wav
  artifactKey: Guid(2642ca70ae8c186489090a89cce4e395) Importer(815301076,1909f56bfc062723c751e8b465ee728b)
Start importing Assets/Import/Audio/Footsteps - Essentials/Footsteps_Grass/Footsteps_Grass_Jump/Footsteps_Grass_Jump_Start_05.wav using Guid(2642ca70ae8c186489090a89cce4e395) Importer(815301076,1909f56bfc062723c751e8b465ee728b)  -> (artifact id: 'cc44efc0f521c82ba10f192f4c189632') in 0.019428 seconds 
========================================================================
Received Import Request.
  Time since last request: 0.000033 seconds.
  path: Assets/Import/Audio/Footsteps - Essentials/Footsteps_Grass/Footsteps_Grass_Jump/Footsteps_Grass_Jump_Land_10.wav
  artifactKey: Guid(7d65afb5fe7bb7e41a03b001f5acfbde) Importer(815301076,1909f56bfc062723c751e8b465ee728b)
Start importing Assets/Import/Audio/Footsteps - Essentials/Footsteps_Grass/Footsteps_Grass_Jump/Footsteps_Grass_Jump_Land_10.wav using Guid(7d65afb5fe7bb7e41a03b001f5acfbde) Importer(815301076,1909f56bfc062723c751e8b465ee728b)  -> (artifact id: 'cb5666d021601264a487ce57cf6a92c6') in 0.017060 seconds 
========================================================================
Received Import Request.
  Time since last request: 0.000029 seconds.
  path: Assets/Import/Audio/Footsteps - Essentials/Footsteps_Grass/Footsteps_Grass_Jump/Footsteps_Grass_Jump_Land_04.wav
  artifactKey: Guid(f2bc9c36f73ea50419060ec6eb40c246) Importer(815301076,1909f56bfc062723c751e8b465ee728b)
Start importing Assets/Import/Audio/Footsteps - Essentials/Footsteps_Grass/Footsteps_Grass_Jump/Footsteps_Grass_Jump_Land_04.wav using Guid(f2bc9c36f73ea50419060ec6eb40c246) Importer(815301076,1909f56bfc062723c751e8b465ee728b)  -> (artifact id: '4d1dd47bd6eeae225f28cfdc723fd249') in 0.019075 seconds 
========================================================================
Received Import Request.
  Time since last request: 0.000028 seconds.
  path: Assets/Import/Audio/Footsteps - Essentials/Footsteps_Grass/Footsteps_Grass_Jump/Footsteps_Grass_Jump_Land_06.wav
  artifactKey: Guid(ccfb18eb53b37384b9632ae00f725881) Importer(815301076,1909f56bfc062723c751e8b465ee728b)
Start importing Assets/Import/Audio/Footsteps - Essentials/Footsteps_Grass/Footsteps_Grass_Jump/Footsteps_Grass_Jump_Land_06.wav using Guid(ccfb18eb53b37384b9632ae00f725881) Importer(815301076,1909f56bfc062723c751e8b465ee728b)  -> (artifact id: '2afcdd9734eef9edfda7343722bc68dc') in 0.018126 seconds 
========================================================================
Received Import Request.
  Time since last request: 0.000042 seconds.
  path: Assets/Import/Audio/Footsteps - Essentials/Footsteps_Grass/Footsteps_Grass_Jump/Footsteps_Grass_Jump_Start_06.wav
  artifactKey: Guid(f193a8bae58928946916aab1c2068cf1) Importer(815301076,1909f56bfc062723c751e8b465ee728b)
Start importing Assets/Import/Audio/Footsteps - Essentials/Footsteps_Grass/Footsteps_Grass_Jump/Footsteps_Grass_Jump_Start_06.wav using Guid(f193a8bae58928946916aab1c2068cf1) Importer(815301076,1909f56bfc062723c751e8b465ee728b)  -> (artifact id: 'a4a69481f02fa90386469d536d87f485') in 0.021378 seconds 
========================================================================
Received Import Request.
  Time since last request: 0.000039 seconds.
  path: Assets/Import/Audio/Footsteps - Essentials/Footsteps_Grass/Footsteps_Grass_Jump/Footsteps_Grass_Jump_Start_04.wav
  artifactKey: Guid(d3d29f80378ba8e4e9c00f92fc5b5d4e) Importer(815301076,1909f56bfc062723c751e8b465ee728b)
Start importing Assets/Import/Audio/Footsteps - Essentials/Footsteps_Grass/Footsteps_Grass_Jump/Footsteps_Grass_Jump_Start_04.wav using Guid(d3d29f80378ba8e4e9c00f92fc5b5d4e) Importer(815301076,1909f56bfc062723c751e8b465ee728b)  -> (artifact id: 'd4a81522d01d8e0890d0f500c544ebb0') in 0.018163 seconds 
========================================================================
Received Import Request.
  Time since last request: 0.000031 seconds.
  path: Assets/Import/Audio/Footsteps - Essentials/Footsteps_Grass/Footsteps_Grass_Jump/Footsteps_Grass_Jump_Start_01.wav
  artifactKey: Guid(984d316ed8be3ac4da9e31768a8b1fa9) Importer(815301076,1909f56bfc062723c751e8b465ee728b)
Start importing Assets/Import/Audio/Footsteps - Essentials/Footsteps_Grass/Footsteps_Grass_Jump/Footsteps_Grass_Jump_Start_01.wav using Guid(984d316ed8be3ac4da9e31768a8b1fa9) Importer(815301076,1909f56bfc062723c751e8b465ee728b)  -> (artifact id: '115b44dac530cff42879e184e31dd579') in 0.021076 seconds 
========================================================================
Received Import Request.
  Time since last request: 0.000031 seconds.
  path: Assets/Import/Audio/Footsteps - Essentials/Footsteps_Grass/Footsteps_Grass_Jump/Footsteps_Grass_Jump_Land_03.wav
  artifactKey: Guid(856b6d74addb9ad4ab2b7b47bae3e839) Importer(815301076,1909f56bfc062723c751e8b465ee728b)
Start importing Assets/Import/Audio/Footsteps - Essentials/Footsteps_Grass/Footsteps_Grass_Jump/Footsteps_Grass_Jump_Land_03.wav using Guid(856b6d74addb9ad4ab2b7b47bae3e839) Importer(815301076,1909f56bfc062723c751e8b465ee728b)  -> (artifact id: 'fe56889fc5b04a0b3106fb2efb4761ab') in 0.017674 seconds 
Editor requested this worker to shutdown with reason: Scaling down because of idle timeout
AssetImportWorker is now disconnected from the server
Process exiting
Exiting without the bug reporter. Application will terminate with return code 0