Using pre-set license
Built from '2021.3/staging' branch; Version is '2021.3.0f1 (6eacc8284459) revision 7253192'; Using compiler version '192829333'; Build Type 'Release'
OS: 'Windows 10  (10.0.19044) 64bit Core' Language: 'fr' Physical Memory: 16231 MB
BatchMode: 1, IsHumanControllingUs: 0, StartBugReporterOnCrash: 0, Is64bit: 1, IsPro: 1

COMMAND LINE ARGUMENTS:
C:\Infomatique\Unity\2021.3.0f1\Editor\Unity.exe
-adb2
-batchMode
-noUpm
-name
AssetImportWorker11
-projectPath
C:/Infomatique/Unity/Projects/Personal Projects/DFL/DFL
-logFile
Logs/AssetImportWorker11.log
-srvPort
60418
Successfully changed project path to: C:/Infomatique/Unity/Projects/Personal Projects/DFL/DFL
C:/Infomatique/Unity/Projects/Personal Projects/DFL/DFL
[UnityMemory] Configuration Parameters - Can be set up in boot.config
    "memorysetup-bucket-allocator-granularity=16"
    "memorysetup-bucket-allocator-bucket-count=8"
    "memorysetup-bucket-allocator-block-size=33554432"
    "memorysetup-bucket-allocator-block-count=8"
    "memorysetup-main-allocator-block-size=16777216"
    "memorysetup-thread-allocator-block-size=16777216"
    "memorysetup-gfx-main-allocator-block-size=16777216"
    "memorysetup-gfx-thread-allocator-block-size=16777216"
    "memorysetup-cache-allocator-block-size=4194304"
    "memorysetup-typetree-allocator-block-size=2097152"
    "memorysetup-profiler-bucket-allocator-granularity=16"
    "memorysetup-profiler-bucket-allocator-bucket-count=8"
    "memorysetup-profiler-bucket-allocator-block-size=33554432"
    "memorysetup-profiler-bucket-allocator-block-count=8"
    "memorysetup-profiler-allocator-block-size=16777216"
    "memorysetup-profiler-editor-allocator-block-size=1048576"
    "memorysetup-temp-allocator-size-main=16777216"
    "memorysetup-job-temp-allocator-block-size=2097152"
    "memorysetup-job-temp-allocator-block-size-background=1048576"
    "memorysetup-job-temp-allocator-reduction-small-platforms=262144"
    "memorysetup-temp-allocator-size-background-worker=32768"
    "memorysetup-temp-allocator-size-job-worker=262144"
    "memorysetup-temp-allocator-size-preload-manager=33554432"
    "memorysetup-temp-allocator-size-nav-mesh-worker=65536"
    "memorysetup-temp-allocator-size-audio-worker=65536"
    "memorysetup-temp-allocator-size-cloud-worker=32768"
    "memorysetup-temp-allocator-size-gi-baking-worker=262144"
    "memorysetup-temp-allocator-size-gfx=262144"
Refreshing native plugins compatible for Editor in 91.24 ms, found 2 plugins.
Preloading 0 native plugins for Editor in 0.00 ms.
Initialize engine version: 2021.3.0f1 (6eacc8284459)
[Subsystems] Discovering subsystems at path C:/Infomatique/Unity/2021.3.0f1/Editor/Data/Resources/UnitySubsystems
[Subsystems] Discovering subsystems at path C:/Infomatique/Unity/Projects/Personal Projects/DFL/DFL/Assets
GfxDevice: creating device client; threaded=0; jobified=0
Direct3D:
    Version:  Direct3D 11.0 [level 11.1]
    Renderer: NVIDIA GeForce GTX 1660 Ti (ID=0x2191)
    Vendor:   NVIDIA
    VRAM:     5991 MB
    Driver:   26.21.14.4137
Initialize mono
Mono path[0] = 'C:/Infomatique/Unity/2021.3.0f1/Editor/Data/Managed'
Mono path[1] = 'C:/Infomatique/Unity/2021.3.0f1/Editor/Data/MonoBleedingEdge/lib/mono/unityjit-win32'
Mono config path = 'C:/Infomatique/Unity/2021.3.0f1/Editor/Data/MonoBleedingEdge/etc'
Using monoOptions --debugger-agent=transport=dt_socket,embedding=1,server=y,suspend=n,address=127.0.0.1:56712
Begin MonoManager ReloadAssembly
Registering precompiled unity dll's ...
Register platform support module: C:/Infomatique/Unity/2021.3.0f1/Editor/Data/PlaybackEngines/WebGLSupport/UnityEditor.WebGL.Extensions.dll
Register platform support module: C:/Infomatique/Unity/2021.3.0f1/Editor/Data/PlaybackEngines/WindowsStandaloneSupport/UnityEditor.WindowsStandalone.Extensions.dll
Registered in 0.007713 seconds.
Native extension for WindowsStandalone target not found
Native extension for WebGL target not found
Refreshing native plugins compatible for Editor in 83.59 ms, found 2 plugins.
Preloading 0 native plugins for Editor in 0.00 ms.
Mono: successfully reloaded assembly
- Completed reload, in  0.674 seconds
Domain Reload Profiling:
	ReloadAssembly (674ms)
		BeginReloadAssembly (78ms)
			ExecutionOrderSort (0ms)
			DisableScriptedObjects (0ms)
			BackupInstance (0ms)
			ReleaseScriptingObjects (0ms)
			CreateAndSetChildDomain (1ms)
		EndReloadAssembly (480ms)
			LoadAssemblies (75ms)
			RebuildTransferFunctionScriptingTraits (0ms)
			SetupTypeCache (105ms)
			ReleaseScriptCaches (0ms)
			RebuildScriptCaches (29ms)
			SetupLoadedEditorAssemblies (289ms)
				LogAssemblyErrors (0ms)
				InitializePlatformSupportModulesInManaged (10ms)
				SetLoadedEditorAssemblies (0ms)
				RefreshPlugins (84ms)
				BeforeProcessingInitializeOnLoad (1ms)
				ProcessInitializeOnLoadAttributes (142ms)
				ProcessInitializeOnLoadMethodAttributes (52ms)
				AfterProcessingInitializeOnLoad (0ms)
				EditorAssembliesLoaded (0ms)
			ExecutionOrderSort2 (0ms)
			AwakeInstancesAfterBackupRestoration (0ms)
Platform modules already initialized, skipping
Registering precompiled user dll's ...
Registered in 0.005968 seconds.
Begin MonoManager ReloadAssembly
Symbol file LoadedFromMemory is not a mono symbol file
Native extension for WindowsStandalone target not found
Native extension for WebGL target not found
Refreshing native plugins compatible for Editor in 85.80 ms, found 2 plugins.
Preloading 0 native plugins for Editor in 0.00 ms.
Mono: successfully reloaded assembly
- Completed reload, in  1.354 seconds
Domain Reload Profiling:
	ReloadAssembly (1355ms)
		BeginReloadAssembly (115ms)
			ExecutionOrderSort (0ms)
			DisableScriptedObjects (5ms)
			BackupInstance (0ms)
			ReleaseScriptingObjects (0ms)
			CreateAndSetChildDomain (20ms)
		EndReloadAssembly (1116ms)
			LoadAssemblies (102ms)
			RebuildTransferFunctionScriptingTraits (0ms)
			SetupTypeCache (230ms)
			ReleaseScriptCaches (1ms)
			RebuildScriptCaches (56ms)
			SetupLoadedEditorAssemblies (686ms)
				LogAssemblyErrors (0ms)
				InitializePlatformSupportModulesInManaged (6ms)
				SetLoadedEditorAssemblies (0ms)
				RefreshPlugins (86ms)
				BeforeProcessingInitializeOnLoad (97ms)
				ProcessInitializeOnLoadAttributes (409ms)
				ProcessInitializeOnLoadMethodAttributes (79ms)
				AfterProcessingInitializeOnLoad (9ms)
				EditorAssembliesLoaded (0ms)
			ExecutionOrderSort2 (0ms)
			AwakeInstancesAfterBackupRestoration (8ms)
Platform modules already initialized, skipping
========================================================================
Worker process is ready to serve import requests
Launched and connected shader compiler UnityShaderCompiler.exe after 0.09 seconds
Refreshing native plugins compatible for Editor in 0.96 ms, found 2 plugins.
Preloading 0 native plugins for Editor in 0.00 ms.
Unloading 3801 Unused Serialized files (Serialized files now loaded: 0)
Unloading 129 unused Assets / (466.5 KB). Loaded Objects now: 4252.
Memory consumption went from 183.7 MB to 183.2 MB.
Total: 4.474600 ms (FindLiveObjects: 0.372500 ms CreateObjectMapping: 0.262100 ms MarkObjects: 3.445800 ms  DeleteObjects: 0.393200 ms)

AssetImportParameters requested are different than current active one (requested -> active):
  custom:video-decoder-ogg-theora: a1e56fd34408186e4bbccfd4996cb3dc -> 
  custom:container-muxer-webm: aa71ff27fc2769a1b78a27578f13a17b -> 
  custom:container-demuxer-webm: 4f35f7cbe854078d1ac9338744f61a02 -> 
  custom:video-encoder-webm-vp8: eb34c28f22e8b96e1ab97ce403110664 -> 
  custom:audio-encoder-webm-vorbis: bf7c407c2cedff20999df2af8eb42d56 -> 
  custom:framework-win-MediaFoundation: 216162199b28c13a410421893ffa2e32 -> 
  custom:container-demuxer-ogg: 62fdf1f143b41e24485cea50d1cbac27 -> 
  custom:video-decoder-webm-vp8: 9c59270c3fd7afecdb556c50c9e8de78 -> 
  custom:audio-decoder-ogg-vorbis: bf7c407c2cedff20999df2af8eb42d56 -> 
========================================================================
Received Import Request.
  Time since last request: 272825.909029 seconds.
  path: Assets/Prefabs/Enemies/Defenders/Lineman 0.prefab
  artifactKey: Guid(f43c4947c8d2d834cb2ddf47f9cf4d83) Importer(815301076,1909f56bfc062723c751e8b465ee728b)
Start importing Assets/Prefabs/Enemies/Defenders/Lineman 0.prefab using Guid(f43c4947c8d2d834cb2ddf47f9cf4d83) Importer(815301076,1909f56bfc062723c751e8b465ee728b)  -> (artifact id: '315fe70b43b95143e59fa5f727388fa9') in 0.319118 seconds 
========================================================================
Received Import Request.
  Time since last request: 1.517844 seconds.
  path: Assets/Prefabs/Enemies/Defenders/Lineman 0.prefab
  artifactKey: Guid(f43c4947c8d2d834cb2ddf47f9cf4d83) Importer(815301076,1909f56bfc062723c751e8b465ee728b)
Start importing Assets/Prefabs/Enemies/Defenders/Lineman 0.prefab using Guid(f43c4947c8d2d834cb2ddf47f9cf4d83) Importer(815301076,1909f56bfc062723c751e8b465ee728b)  -> (artifact id: '9ea8aa5064a90dc7b89678a35baec09c') in 0.021679 seconds 
========================================================================
Received Import Request.
  Time since last request: 0.000023 seconds.
  path: Assets/Prefabs/Enemies/Defenders/Wingman 4.prefab
  artifactKey: Guid(bbb2eaecead75294886b881616ca1a93) Importer(815301076,1909f56bfc062723c751e8b465ee728b)
Start importing Assets/Prefabs/Enemies/Defenders/Wingman 4.prefab using Guid(bbb2eaecead75294886b881616ca1a93) Importer(815301076,1909f56bfc062723c751e8b465ee728b)  -> (artifact id: '72b58f1c22eabe1b9bcd41b46ec77b55') in 0.020512 seconds 
========================================================================
Received Import Request.
  Time since last request: 0.000023 seconds.
  path: Assets/Prefabs/Enemies/Defenders/Wingman 7.prefab
  artifactKey: Guid(8aa6c826ded9ced49809944ee1a19bdb) Importer(815301076,1909f56bfc062723c751e8b465ee728b)
Start importing Assets/Prefabs/Enemies/Defenders/Wingman 7.prefab using Guid(8aa6c826ded9ced49809944ee1a19bdb) Importer(815301076,1909f56bfc062723c751e8b465ee728b)  -> (artifact id: 'c7b83f8a2113a6a079eaf09860f6d3e2') in 0.019554 seconds 
========================================================================
Received Import Request.
  Time since last request: 0.000026 seconds.
  path: Assets/Prefabs/Enemies/Defenders/Lineman 4.prefab
  artifactKey: Guid(5554b1bd4f149424fa97a27f4900998e) Importer(815301076,1909f56bfc062723c751e8b465ee728b)
Start importing Assets/Prefabs/Enemies/Defenders/Lineman 4.prefab using Guid(5554b1bd4f149424fa97a27f4900998e) Importer(815301076,1909f56bfc062723c751e8b465ee728b)  -> (artifact id: 'd4b2c1c4cee1963ad7e6d56ae4218d65') in 0.019278 seconds 
========================================================================
Received Import Request.
  Time since last request: 0.000035 seconds.
  path: Assets/Prefabs/Enemies/Defenders/Lineman 5.prefab
  artifactKey: Guid(6ed910e13f31a404c8fd58febc3e5a78) Importer(815301076,1909f56bfc062723c751e8b465ee728b)
Start importing Assets/Prefabs/Enemies/Defenders/Lineman 5.prefab using Guid(6ed910e13f31a404c8fd58febc3e5a78) Importer(815301076,1909f56bfc062723c751e8b465ee728b)  -> (artifact id: 'ba9c0d790509ae1f4d7198adcc33e138') in 0.018691 seconds 
========================================================================
Received Import Request.
  Time since last request: 0.000030 seconds.
  path: Assets/Prefabs/Enemies/Defenders/Lineman 3.prefab
  artifactKey: Guid(90746c78e9e662b4fb00169aa613cf37) Importer(815301076,1909f56bfc062723c751e8b465ee728b)
Start importing Assets/Prefabs/Enemies/Defenders/Lineman 3.prefab using Guid(90746c78e9e662b4fb00169aa613cf37) Importer(815301076,1909f56bfc062723c751e8b465ee728b)  -> (artifact id: 'ed0ee861f5fd847b0845de08a65eb59b') in 0.016934 seconds 
========================================================================
Received Import Request.
  Time since last request: 0.646142 seconds.
  path: Assets/Prefabs/Enemies/Defenders/Lineman 0.prefab
  artifactKey: Guid(f43c4947c8d2d834cb2ddf47f9cf4d83) Importer(815301076,1909f56bfc062723c751e8b465ee728b)
Start importing Assets/Prefabs/Enemies/Defenders/Lineman 0.prefab using Guid(f43c4947c8d2d834cb2ddf47f9cf4d83) Importer(815301076,1909f56bfc062723c751e8b465ee728b)  -> (artifact id: '28f1675ab4e7cd43edaa6bb28b160ef1') in 0.020901 seconds 
========================================================================
Received Import Request.
  Time since last request: 0.000053 seconds.
  path: Assets/Prefabs/Enemies/Defenders/Wingman 3.prefab
  artifactKey: Guid(2bcdd6bf69280934b810231427f70198) Importer(815301076,1909f56bfc062723c751e8b465ee728b)
Start importing Assets/Prefabs/Enemies/Defenders/Wingman 3.prefab using Guid(2bcdd6bf69280934b810231427f70198) Importer(815301076,1909f56bfc062723c751e8b465ee728b)  -> (artifact id: 'f35f220113d412a5104c85be720c9f60') in 0.020074 seconds 
========================================================================
Received Import Request.
  Time since last request: 0.000036 seconds.
  path: Assets/Prefabs/Enemies/Defenders/Wingman 7.prefab
  artifactKey: Guid(8aa6c826ded9ced49809944ee1a19bdb) Importer(815301076,1909f56bfc062723c751e8b465ee728b)
Start importing Assets/Prefabs/Enemies/Defenders/Wingman 7.prefab using Guid(8aa6c826ded9ced49809944ee1a19bdb) Importer(815301076,1909f56bfc062723c751e8b465ee728b)  -> (artifact id: '972af2dfd5b947e727188ae6246acd1e') in 0.020066 seconds 
========================================================================
Received Import Request.
  Time since last request: 0.000034 seconds.
  path: Assets/Prefabs/Enemies/Defenders/Wingman 1.prefab
  artifactKey: Guid(b6516d198970a8c4cac0735eef04682e) Importer(815301076,1909f56bfc062723c751e8b465ee728b)
Start importing Assets/Prefabs/Enemies/Defenders/Wingman 1.prefab using Guid(b6516d198970a8c4cac0735eef04682e) Importer(815301076,1909f56bfc062723c751e8b465ee728b)  -> (artifact id: '223b5f8f886d56877113f0636b22b834') in 0.019642 seconds 
========================================================================
Received Import Request.
  Time since last request: 0.000029 seconds.
  path: Assets/Prefabs/Enemies/Defenders/Lineman 5.prefab
  artifactKey: Guid(6ed910e13f31a404c8fd58febc3e5a78) Importer(815301076,1909f56bfc062723c751e8b465ee728b)
Start importing Assets/Prefabs/Enemies/Defenders/Lineman 5.prefab using Guid(6ed910e13f31a404c8fd58febc3e5a78) Importer(815301076,1909f56bfc062723c751e8b465ee728b)  -> (artifact id: 'a889c54dc1fc9b18e0126a4084b29b7f') in 0.019143 seconds 
========================================================================
Received Import Request.
  Time since last request: 0.000034 seconds.
  path: Assets/Prefabs/Enemies/Defenders/Lineman 3.prefab
  artifactKey: Guid(90746c78e9e662b4fb00169aa613cf37) Importer(815301076,1909f56bfc062723c751e8b465ee728b)
Start importing Assets/Prefabs/Enemies/Defenders/Lineman 3.prefab using Guid(90746c78e9e662b4fb00169aa613cf37) Importer(815301076,1909f56bfc062723c751e8b465ee728b)  -> (artifact id: 'afd0c274c45740ed4555c2768d6b6cc6') in 0.016316 seconds 
========================================================================
Received Import Request.
  Time since last request: 2.112151 seconds.
  path: Assets/Prefabs/Enemies/Defenders/Lineman 0.prefab
  artifactKey: Guid(f43c4947c8d2d834cb2ddf47f9cf4d83) Importer(815301076,1909f56bfc062723c751e8b465ee728b)
Start importing Assets/Prefabs/Enemies/Defenders/Lineman 0.prefab using Guid(f43c4947c8d2d834cb2ddf47f9cf4d83) Importer(815301076,1909f56bfc062723c751e8b465ee728b)  -> (artifact id: 'e1d56a572679b31e1f6a52549bc79a99') in 0.022993 seconds 
========================================================================
Received Import Request.
  Time since last request: 0.000033 seconds.
  path: Assets/Prefabs/Enemies/Defenders/Wingman 4.prefab
  artifactKey: Guid(bbb2eaecead75294886b881616ca1a93) Importer(815301076,1909f56bfc062723c751e8b465ee728b)
Start importing Assets/Prefabs/Enemies/Defenders/Wingman 4.prefab using Guid(bbb2eaecead75294886b881616ca1a93) Importer(815301076,1909f56bfc062723c751e8b465ee728b)  -> (artifact id: '654251c1411eaffb97118e2189cbfc89') in 0.021799 seconds 
========================================================================
Received Import Request.
  Time since last request: 0.000028 seconds.
  path: Assets/Prefabs/Enemies/Defenders/Wingman 5.prefab
  artifactKey: Guid(670793b8dd32e554390fe2cbccd54173) Importer(815301076,1909f56bfc062723c751e8b465ee728b)
Start importing Assets/Prefabs/Enemies/Defenders/Wingman 5.prefab using Guid(670793b8dd32e554390fe2cbccd54173) Importer(815301076,1909f56bfc062723c751e8b465ee728b)  -> (artifact id: 'f17b72d79aeaf1d725945f88e9035446') in 0.023483 seconds 
========================================================================
Received Import Request.
  Time since last request: 0.000029 seconds.
  path: Assets/Prefabs/Enemies/Defenders/Wingman 1.prefab
  artifactKey: Guid(b6516d198970a8c4cac0735eef04682e) Importer(815301076,1909f56bfc062723c751e8b465ee728b)
Start importing Assets/Prefabs/Enemies/Defenders/Wingman 1.prefab using Guid(b6516d198970a8c4cac0735eef04682e) Importer(815301076,1909f56bfc062723c751e8b465ee728b)  -> (artifact id: 'aad9beba8a7b0a77a38607808dc8d6ca') in 0.026553 seconds 
========================================================================
Received Import Request.
  Time since last request: 0.000030 seconds.
  path: Assets/Prefabs/Enemies/Defenders/Lineman 7.prefab
  artifactKey: Guid(450a7f29cdde4f0409b8de7cf0044c93) Importer(815301076,1909f56bfc062723c751e8b465ee728b)
Start importing Assets/Prefabs/Enemies/Defenders/Lineman 7.prefab using Guid(450a7f29cdde4f0409b8de7cf0044c93) Importer(815301076,1909f56bfc062723c751e8b465ee728b)  -> (artifact id: '543ba60b2d198c186a3b00065e3c8e6b') in 0.022707 seconds 
========================================================================
Received Import Request.
  Time since last request: 4.207915 seconds.
  path: Assets/Prefabs/Enemies/Defenders/Lineman 0.prefab
  artifactKey: Guid(f43c4947c8d2d834cb2ddf47f9cf4d83) Importer(815301076,1909f56bfc062723c751e8b465ee728b)
Start importing Assets/Prefabs/Enemies/Defenders/Lineman 0.prefab using Guid(f43c4947c8d2d834cb2ddf47f9cf4d83) Importer(815301076,1909f56bfc062723c751e8b465ee728b)  -> (artifact id: '4660ca7b790e7596d0b5f08903e41a21') in 0.022172 seconds 
========================================================================
Received Import Request.
  Time since last request: 0.000032 seconds.
  path: Assets/Prefabs/Enemies/Defenders/Wingman 3.prefab
  artifactKey: Guid(2bcdd6bf69280934b810231427f70198) Importer(815301076,1909f56bfc062723c751e8b465ee728b)
Start importing Assets/Prefabs/Enemies/Defenders/Wingman 3.prefab using Guid(2bcdd6bf69280934b810231427f70198) Importer(815301076,1909f56bfc062723c751e8b465ee728b)  -> (artifact id: '048c0a958a483aba4db017cb836a6c8f') in 0.025774 seconds 
========================================================================
Received Import Request.
  Time since last request: 0.000030 seconds.
  path: Assets/Prefabs/Enemies/Defenders/Wingman 5.prefab
  artifactKey: Guid(670793b8dd32e554390fe2cbccd54173) Importer(815301076,1909f56bfc062723c751e8b465ee728b)
Start importing Assets/Prefabs/Enemies/Defenders/Wingman 5.prefab using Guid(670793b8dd32e554390fe2cbccd54173) Importer(815301076,1909f56bfc062723c751e8b465ee728b)  -> (artifact id: '305f6607d306164fab743436ac9823ef') in 0.021615 seconds 
========================================================================
Received Import Request.
  Time since last request: 0.000025 seconds.
  path: Assets/Prefabs/Enemies/Defenders/Wingman 1.prefab
  artifactKey: Guid(b6516d198970a8c4cac0735eef04682e) Importer(815301076,1909f56bfc062723c751e8b465ee728b)
Start importing Assets/Prefabs/Enemies/Defenders/Wingman 1.prefab using Guid(b6516d198970a8c4cac0735eef04682e) Importer(815301076,1909f56bfc062723c751e8b465ee728b)  -> (artifact id: '72e4bee1038dd09744478d8739846726') in 0.024810 seconds 
========================================================================
Received Import Request.
  Time since last request: 0.000027 seconds.
  path: Assets/Prefabs/Enemies/Defenders/Lineman 7.prefab
  artifactKey: Guid(450a7f29cdde4f0409b8de7cf0044c93) Importer(815301076,1909f56bfc062723c751e8b465ee728b)
Start importing Assets/Prefabs/Enemies/Defenders/Lineman 7.prefab using Guid(450a7f29cdde4f0409b8de7cf0044c93) Importer(815301076,1909f56bfc062723c751e8b465ee728b)  -> (artifact id: '64392698367cda0e6f8c338e9e0cdc0c') in 0.027054 seconds 
========================================================================
Received Import Request.
  Time since last request: 2.128151 seconds.
  path: Assets/Prefabs/Enemies/Defenders/Lineman 0.prefab
  artifactKey: Guid(f43c4947c8d2d834cb2ddf47f9cf4d83) Importer(815301076,1909f56bfc062723c751e8b465ee728b)
Start importing Assets/Prefabs/Enemies/Defenders/Lineman 0.prefab using Guid(f43c4947c8d2d834cb2ddf47f9cf4d83) Importer(815301076,1909f56bfc062723c751e8b465ee728b)  -> (artifact id: '20490c159e4bd53a18afbb2571b51ef4') in 0.023092 seconds 
========================================================================
Received Import Request.
  Time since last request: 0.000031 seconds.
  path: Assets/Prefabs/Enemies/Defenders/Wingman 4.prefab
  artifactKey: Guid(bbb2eaecead75294886b881616ca1a93) Importer(815301076,1909f56bfc062723c751e8b465ee728b)
Start importing Assets/Prefabs/Enemies/Defenders/Wingman 4.prefab using Guid(bbb2eaecead75294886b881616ca1a93) Importer(815301076,1909f56bfc062723c751e8b465ee728b)  -> (artifact id: '72540acc213a1529ff04d94c82e429b2') in 0.020971 seconds 
========================================================================
Received Import Request.
  Time since last request: 0.000028 seconds.
  path: Assets/Prefabs/Enemies/Defenders/Wingman 5.prefab
  artifactKey: Guid(670793b8dd32e554390fe2cbccd54173) Importer(815301076,1909f56bfc062723c751e8b465ee728b)
Start importing Assets/Prefabs/Enemies/Defenders/Wingman 5.prefab using Guid(670793b8dd32e554390fe2cbccd54173) Importer(815301076,1909f56bfc062723c751e8b465ee728b)  -> (artifact id: '14569d53f20b7f86e82c8121f99f1ded') in 0.022407 seconds 
========================================================================
Received Import Request.
  Time since last request: 0.000032 seconds.
  path: Assets/Prefabs/Enemies/Defenders/Wingman 1.prefab
  artifactKey: Guid(b6516d198970a8c4cac0735eef04682e) Importer(815301076,1909f56bfc062723c751e8b465ee728b)
Start importing Assets/Prefabs/Enemies/Defenders/Wingman 1.prefab using Guid(b6516d198970a8c4cac0735eef04682e) Importer(815301076,1909f56bfc062723c751e8b465ee728b)  -> (artifact id: '3ff1c81c0c484295101f72a0bfa7fe91') in 0.024618 seconds 
========================================================================
Received Import Request.
  Time since last request: 0.000028 seconds.
  path: Assets/Prefabs/Enemies/Defenders/Lineman 7.prefab
  artifactKey: Guid(450a7f29cdde4f0409b8de7cf0044c93) Importer(815301076,1909f56bfc062723c751e8b465ee728b)
Start importing Assets/Prefabs/Enemies/Defenders/Lineman 7.prefab using Guid(450a7f29cdde4f0409b8de7cf0044c93) Importer(815301076,1909f56bfc062723c751e8b465ee728b)  -> (artifact id: '85d3ebced7a6e09fe52453c2cb928c1b') in 0.024177 seconds 
========================================================================
Received Import Request.
  Time since last request: 0.000023 seconds.
  path: Assets/Prefabs/Enemies/Defenders/Lineman 3.prefab
  artifactKey: Guid(90746c78e9e662b4fb00169aa613cf37) Importer(815301076,1909f56bfc062723c751e8b465ee728b)
Start importing Assets/Prefabs/Enemies/Defenders/Lineman 3.prefab using Guid(90746c78e9e662b4fb00169aa613cf37) Importer(815301076,1909f56bfc062723c751e8b465ee728b)  -> (artifact id: '071a5022a1452e3eb2ffa2be9b08baf2') in 0.016921 seconds 
========================================================================
Received Import Request.
  Time since last request: 6.696324 seconds.
  path: Assets/Prefabs/Enemies/Defenders/Lineman 0.prefab
  artifactKey: Guid(f43c4947c8d2d834cb2ddf47f9cf4d83) Importer(815301076,1909f56bfc062723c751e8b465ee728b)
Start importing Assets/Prefabs/Enemies/Defenders/Lineman 0.prefab using Guid(f43c4947c8d2d834cb2ddf47f9cf4d83) Importer(815301076,1909f56bfc062723c751e8b465ee728b)  -> (artifact id: 'a74d111720d85aafb8430b4de57540ec') in 0.020823 seconds 
========================================================================
Received Import Request.
  Time since last request: 0.000027 seconds.
  path: Assets/Prefabs/Enemies/Defenders/Wingman 3.prefab
  artifactKey: Guid(2bcdd6bf69280934b810231427f70198) Importer(815301076,1909f56bfc062723c751e8b465ee728b)
Start importing Assets/Prefabs/Enemies/Defenders/Wingman 3.prefab using Guid(2bcdd6bf69280934b810231427f70198) Importer(815301076,1909f56bfc062723c751e8b465ee728b)  -> (artifact id: '707d23e73ca2f53a42601f571d4773b9') in 0.023672 seconds 
========================================================================
Received Import Request.
  Time since last request: 0.000034 seconds.
  path: Assets/Prefabs/Enemies/Defenders/Wingman 5.prefab
  artifactKey: Guid(670793b8dd32e554390fe2cbccd54173) Importer(815301076,1909f56bfc062723c751e8b465ee728b)
Start importing Assets/Prefabs/Enemies/Defenders/Wingman 5.prefab using Guid(670793b8dd32e554390fe2cbccd54173) Importer(815301076,1909f56bfc062723c751e8b465ee728b)  -> (artifact id: '87b0abf4bce3712e954c10862940d66b') in 0.023182 seconds 
========================================================================
Received Import Request.
  Time since last request: 0.000028 seconds.
  path: Assets/Prefabs/Enemies/Defenders/Wingman 1.prefab
  artifactKey: Guid(b6516d198970a8c4cac0735eef04682e) Importer(815301076,1909f56bfc062723c751e8b465ee728b)
Start importing Assets/Prefabs/Enemies/Defenders/Wingman 1.prefab using Guid(b6516d198970a8c4cac0735eef04682e) Importer(815301076,1909f56bfc062723c751e8b465ee728b)  -> (artifact id: '89959e37d448c86695841c0047639268') in 0.020810 seconds 
========================================================================
Received Import Request.
  Time since last request: 0.000034 seconds.
  path: Assets/Prefabs/Enemies/Defenders/Lineman 5.prefab
  artifactKey: Guid(6ed910e13f31a404c8fd58febc3e5a78) Importer(815301076,1909f56bfc062723c751e8b465ee728b)
Start importing Assets/Prefabs/Enemies/Defenders/Lineman 5.prefab using Guid(6ed910e13f31a404c8fd58febc3e5a78) Importer(815301076,1909f56bfc062723c751e8b465ee728b)  -> (artifact id: '852fe97d9a08e640280e537f5294cd92') in 0.019997 seconds 
========================================================================
Received Import Request.
  Time since last request: 0.000046 seconds.
  path: Assets/Prefabs/Enemies/Defenders/Lineman 3.prefab
  artifactKey: Guid(90746c78e9e662b4fb00169aa613cf37) Importer(815301076,1909f56bfc062723c751e8b465ee728b)
Start importing Assets/Prefabs/Enemies/Defenders/Lineman 3.prefab using Guid(90746c78e9e662b4fb00169aa613cf37) Importer(815301076,1909f56bfc062723c751e8b465ee728b)  -> (artifact id: 'dc4b011ef41715b32188cafbddbdc0c3') in 0.019426 seconds 
========================================================================
Received Import Request.
  Time since last request: 18.967763 seconds.
  path: Assets/Prefabs/Enemies/Defenders/Lineman 0.prefab
  artifactKey: Guid(f43c4947c8d2d834cb2ddf47f9cf4d83) Importer(815301076,1909f56bfc062723c751e8b465ee728b)
Start importing Assets/Prefabs/Enemies/Defenders/Lineman 0.prefab using Guid(f43c4947c8d2d834cb2ddf47f9cf4d83) Importer(815301076,1909f56bfc062723c751e8b465ee728b)  -> (artifact id: '8f2bcca095192d0d0c85314dfa64a1d5') in 0.020550 seconds 
========================================================================
Received Import Request.
  Time since last request: 0.000057 seconds.
  path: Assets/Prefabs/Enemies/Defenders/Wingman 3.prefab
  artifactKey: Guid(2bcdd6bf69280934b810231427f70198) Importer(815301076,1909f56bfc062723c751e8b465ee728b)
Start importing Assets/Prefabs/Enemies/Defenders/Wingman 3.prefab using Guid(2bcdd6bf69280934b810231427f70198) Importer(815301076,1909f56bfc062723c751e8b465ee728b)  -> (artifact id: 'd57a4ab8edca232d9baff0f2ee9a35da') in 0.021657 seconds 
========================================================================
Received Import Request.
  Time since last request: 0.000034 seconds.
  path: Assets/Prefabs/Enemies/Defenders/Wingman 7.prefab
  artifactKey: Guid(8aa6c826ded9ced49809944ee1a19bdb) Importer(815301076,1909f56bfc062723c751e8b465ee728b)
Start importing Assets/Prefabs/Enemies/Defenders/Wingman 7.prefab using Guid(8aa6c826ded9ced49809944ee1a19bdb) Importer(815301076,1909f56bfc062723c751e8b465ee728b)  -> (artifact id: '1dfe555b4d991b2d1cfeda92dce4e79d') in 0.020290 seconds 
========================================================================
Received Import Request.
  Time since last request: 0.000028 seconds.
  path: Assets/Prefabs/Enemies/Defenders/Wingman 1.prefab
  artifactKey: Guid(b6516d198970a8c4cac0735eef04682e) Importer(815301076,1909f56bfc062723c751e8b465ee728b)
Start importing Assets/Prefabs/Enemies/Defenders/Wingman 1.prefab using Guid(b6516d198970a8c4cac0735eef04682e) Importer(815301076,1909f56bfc062723c751e8b465ee728b)  -> (artifact id: '93046698aa37432f45e25720f3a45abb') in 0.024497 seconds 
========================================================================
Received Import Request.
  Time since last request: 0.000033 seconds.
  path: Assets/Prefabs/Enemies/Defenders/Lineman 5.prefab
  artifactKey: Guid(6ed910e13f31a404c8fd58febc3e5a78) Importer(815301076,1909f56bfc062723c751e8b465ee728b)
Start importing Assets/Prefabs/Enemies/Defenders/Lineman 5.prefab using Guid(6ed910e13f31a404c8fd58febc3e5a78) Importer(815301076,1909f56bfc062723c751e8b465ee728b)  -> (artifact id: 'f5887524fd1535c1851f18f00cdea13d') in 0.024978 seconds 
========================================================================
Received Import Request.
  Time since last request: 0.000020 seconds.
  path: Assets/Prefabs/Enemies/Defenders/Lineman 3.prefab
  artifactKey: Guid(90746c78e9e662b4fb00169aa613cf37) Importer(815301076,1909f56bfc062723c751e8b465ee728b)
Start importing Assets/Prefabs/Enemies/Defenders/Lineman 3.prefab using Guid(90746c78e9e662b4fb00169aa613cf37) Importer(815301076,1909f56bfc062723c751e8b465ee728b)  -> (artifact id: 'dcacc033e50d0c90d47d1508e10d8c7b') in 0.018887 seconds 
========================================================================
Received Import Request.
  Time since last request: 4.611239 seconds.
  path: Assets/Prefabs/Enemies/Defenders/Lineman 0.prefab
  artifactKey: Guid(f43c4947c8d2d834cb2ddf47f9cf4d83) Importer(815301076,1909f56bfc062723c751e8b465ee728b)
Start importing Assets/Prefabs/Enemies/Defenders/Lineman 0.prefab using Guid(f43c4947c8d2d834cb2ddf47f9cf4d83) Importer(815301076,1909f56bfc062723c751e8b465ee728b)  -> (artifact id: '351f8b4f39a86fd3e8a9d17fd95dec82') in 0.024658 seconds 
========================================================================
Received Import Request.
  Time since last request: 0.000028 seconds.
  path: Assets/Prefabs/Enemies/Defenders/Wingman 6.prefab
  artifactKey: Guid(506d46024c271f34cbc7b90b9ec93a3c) Importer(815301076,1909f56bfc062723c751e8b465ee728b)
Start importing Assets/Prefabs/Enemies/Defenders/Wingman 6.prefab using Guid(506d46024c271f34cbc7b90b9ec93a3c) Importer(815301076,1909f56bfc062723c751e8b465ee728b)  -> (artifact id: '89a8bb81e7ec6b67ead24a0efb35fb9a') in 0.021765 seconds 
========================================================================
Received Import Request.
  Time since last request: 0.000021 seconds.
  path: Assets/Prefabs/Enemies/Defenders/Wingman 0.prefab
  artifactKey: Guid(fc4f55b0828e2e84a82c0e543d9d00d8) Importer(815301076,1909f56bfc062723c751e8b465ee728b)
Start importing Assets/Prefabs/Enemies/Defenders/Wingman 0.prefab using Guid(fc4f55b0828e2e84a82c0e543d9d00d8) Importer(815301076,1909f56bfc062723c751e8b465ee728b)  -> (artifact id: 'bc05f8735e4e041bac84d6a3fe42624a') in 0.024286 seconds 
========================================================================
Received Import Request.
  Time since last request: 0.000022 seconds.
  path: Assets/Prefabs/Enemies/Defenders/Wingman 2.prefab
  artifactKey: Guid(3a0653bd9f8373f4a8bb6c0fa1a4529b) Importer(815301076,1909f56bfc062723c751e8b465ee728b)
Start importing Assets/Prefabs/Enemies/Defenders/Wingman 2.prefab using Guid(3a0653bd9f8373f4a8bb6c0fa1a4529b) Importer(815301076,1909f56bfc062723c751e8b465ee728b)  -> (artifact id: '6098b60b0bb85b93fdb757f21eed68fa') in 0.025285 seconds 
========================================================================
Received Import Request.
  Time since last request: 0.000039 seconds.
  path: Assets/Prefabs/Enemies/Defenders/Lineman 6.prefab
  artifactKey: Guid(2daef5a63457e2249a66a9474cfca210) Importer(815301076,1909f56bfc062723c751e8b465ee728b)
Start importing Assets/Prefabs/Enemies/Defenders/Lineman 6.prefab using Guid(2daef5a63457e2249a66a9474cfca210) Importer(815301076,1909f56bfc062723c751e8b465ee728b)  -> (artifact id: 'd393dfdf99e3fc2dc86422a87214586c') in 0.020590 seconds 
========================================================================
Received Import Request.
  Time since last request: 3.185975 seconds.
  path: Assets/Prefabs/Enemies/Defenders/Lineman 0.prefab
  artifactKey: Guid(f43c4947c8d2d834cb2ddf47f9cf4d83) Importer(815301076,1909f56bfc062723c751e8b465ee728b)
Start importing Assets/Prefabs/Enemies/Defenders/Lineman 0.prefab using Guid(f43c4947c8d2d834cb2ddf47f9cf4d83) Importer(815301076,1909f56bfc062723c751e8b465ee728b)  -> (artifact id: 'aca067f9bf385367093e6d1da5cd6298') in 0.021886 seconds 
========================================================================
Received Import Request.
  Time since last request: 0.000026 seconds.
  path: Assets/Prefabs/Enemies/Defenders/Wingman 6.prefab
  artifactKey: Guid(506d46024c271f34cbc7b90b9ec93a3c) Importer(815301076,1909f56bfc062723c751e8b465ee728b)
Start importing Assets/Prefabs/Enemies/Defenders/Wingman 6.prefab using Guid(506d46024c271f34cbc7b90b9ec93a3c) Importer(815301076,1909f56bfc062723c751e8b465ee728b)  -> (artifact id: '5a3eca1a3de54b687f6feb39a0ac0b84') in 0.024240 seconds 
========================================================================
Received Import Request.
  Time since last request: 0.000035 seconds.
  path: Assets/Prefabs/Enemies/Defenders/Wingman 5.prefab
  artifactKey: Guid(670793b8dd32e554390fe2cbccd54173) Importer(815301076,1909f56bfc062723c751e8b465ee728b)
Start importing Assets/Prefabs/Enemies/Defenders/Wingman 5.prefab using Guid(670793b8dd32e554390fe2cbccd54173) Importer(815301076,1909f56bfc062723c751e8b465ee728b)  -> (artifact id: '7824f29ec74df8927e53b591671df71f') in 0.023733 seconds 
========================================================================
Received Import Request.
  Time since last request: 0.000029 seconds.
  path: Assets/Prefabs/Enemies/Defenders/Wingman 2.prefab
  artifactKey: Guid(3a0653bd9f8373f4a8bb6c0fa1a4529b) Importer(815301076,1909f56bfc062723c751e8b465ee728b)
Start importing Assets/Prefabs/Enemies/Defenders/Wingman 2.prefab using Guid(3a0653bd9f8373f4a8bb6c0fa1a4529b) Importer(815301076,1909f56bfc062723c751e8b465ee728b)  -> (artifact id: '06669659761398812e1e67f1b8cfd9ab') in 0.026172 seconds 
========================================================================
Received Import Request.
  Time since last request: 0.000031 seconds.
  path: Assets/Prefabs/Enemies/Defenders/Lineman 6.prefab
  artifactKey: Guid(2daef5a63457e2249a66a9474cfca210) Importer(815301076,1909f56bfc062723c751e8b465ee728b)
Start importing Assets/Prefabs/Enemies/Defenders/Lineman 6.prefab using Guid(2daef5a63457e2249a66a9474cfca210) Importer(815301076,1909f56bfc062723c751e8b465ee728b)  -> (artifact id: '140656fa6801433de3a2fbad51e3e664') in 0.024942 seconds 
========================================================================
Received Import Request.
  Time since last request: 1.899655 seconds.
  path: Assets/Prefabs/Enemies/Defenders/Lineman 0.prefab
  artifactKey: Guid(f43c4947c8d2d834cb2ddf47f9cf4d83) Importer(815301076,1909f56bfc062723c751e8b465ee728b)
Start importing Assets/Prefabs/Enemies/Defenders/Lineman 0.prefab using Guid(f43c4947c8d2d834cb2ddf47f9cf4d83) Importer(815301076,1909f56bfc062723c751e8b465ee728b)  -> (artifact id: 'b0533c7481cf5326bf918c60d4afac96') in 0.020924 seconds 
========================================================================
Received Import Request.
  Time since last request: 0.000024 seconds.
  path: Assets/Prefabs/Enemies/Defenders/Wingman 4.prefab
  artifactKey: Guid(bbb2eaecead75294886b881616ca1a93) Importer(815301076,1909f56bfc062723c751e8b465ee728b)
Start importing Assets/Prefabs/Enemies/Defenders/Wingman 4.prefab using Guid(bbb2eaecead75294886b881616ca1a93) Importer(815301076,1909f56bfc062723c751e8b465ee728b)  -> (artifact id: 'c1b4be6eb067bf966756c058db800b8d') in 0.020328 seconds 
========================================================================
Received Import Request.
  Time since last request: 0.000030 seconds.
  path: Assets/Prefabs/Enemies/Defenders/Wingman 5.prefab
  artifactKey: Guid(670793b8dd32e554390fe2cbccd54173) Importer(815301076,1909f56bfc062723c751e8b465ee728b)
Start importing Assets/Prefabs/Enemies/Defenders/Wingman 5.prefab using Guid(670793b8dd32e554390fe2cbccd54173) Importer(815301076,1909f56bfc062723c751e8b465ee728b)  -> (artifact id: '5bf6411b652835a91ea66b92ce3e60a7') in 0.019512 seconds 
========================================================================
Received Import Request.
  Time since last request: 0.000027 seconds.
  path: Assets/Prefabs/Enemies/Defenders/Wingman 1.prefab
  artifactKey: Guid(b6516d198970a8c4cac0735eef04682e) Importer(815301076,1909f56bfc062723c751e8b465ee728b)
Start importing Assets/Prefabs/Enemies/Defenders/Wingman 1.prefab using Guid(b6516d198970a8c4cac0735eef04682e) Importer(815301076,1909f56bfc062723c751e8b465ee728b)  -> (artifact id: '768d1416382a0edf4851fe05089f1354') in 0.020912 seconds 
========================================================================
Received Import Request.
  Time since last request: 0.000028 seconds.
  path: Assets/Prefabs/Enemies/Defenders/Lineman 5.prefab
  artifactKey: Guid(6ed910e13f31a404c8fd58febc3e5a78) Importer(815301076,1909f56bfc062723c751e8b465ee728b)
Start importing Assets/Prefabs/Enemies/Defenders/Lineman 5.prefab using Guid(6ed910e13f31a404c8fd58febc3e5a78) Importer(815301076,1909f56bfc062723c751e8b465ee728b)  -> (artifact id: '3d724b982270040dc55ca1a8583bd214') in 0.023077 seconds 
========================================================================
Received Import Request.
  Time since last request: 5.670103 seconds.
  path: Assets/Prefabs/Enemies/Defenders/Lineman 0.prefab
  artifactKey: Guid(f43c4947c8d2d834cb2ddf47f9cf4d83) Importer(815301076,1909f56bfc062723c751e8b465ee728b)
Start importing Assets/Prefabs/Enemies/Defenders/Lineman 0.prefab using Guid(f43c4947c8d2d834cb2ddf47f9cf4d83) Importer(815301076,1909f56bfc062723c751e8b465ee728b)  -> (artifact id: '6e5d74cc2faeebe9ffa0ce5e70b15c6d') in 0.020318 seconds 
========================================================================
Received Import Request.
  Time since last request: 0.000022 seconds.
  path: Assets/Prefabs/Enemies/Defenders/Wingman 3.prefab
  artifactKey: Guid(2bcdd6bf69280934b810231427f70198) Importer(815301076,1909f56bfc062723c751e8b465ee728b)
Start importing Assets/Prefabs/Enemies/Defenders/Wingman 3.prefab using Guid(2bcdd6bf69280934b810231427f70198) Importer(815301076,1909f56bfc062723c751e8b465ee728b)  -> (artifact id: 'c8c169bceaf35b55af1f2edfcc3122d9') in 0.021621 seconds 
========================================================================
Received Import Request.
  Time since last request: 0.000036 seconds.
  path: Assets/Prefabs/Enemies/Defenders/Wingman 7.prefab
  artifactKey: Guid(8aa6c826ded9ced49809944ee1a19bdb) Importer(815301076,1909f56bfc062723c751e8b465ee728b)
Start importing Assets/Prefabs/Enemies/Defenders/Wingman 7.prefab using Guid(8aa6c826ded9ced49809944ee1a19bdb) Importer(815301076,1909f56bfc062723c751e8b465ee728b)  -> (artifact id: '561e3c6dda65d93d58d7addbeb1948ae') in 0.019673 seconds 
========================================================================
Received Import Request.
  Time since last request: 0.000025 seconds.
  path: Assets/Prefabs/Enemies/Defenders/Wingman 1.prefab
  artifactKey: Guid(b6516d198970a8c4cac0735eef04682e) Importer(815301076,1909f56bfc062723c751e8b465ee728b)
Start importing Assets/Prefabs/Enemies/Defenders/Wingman 1.prefab using Guid(b6516d198970a8c4cac0735eef04682e) Importer(815301076,1909f56bfc062723c751e8b465ee728b)  -> (artifact id: '0635d48c8851c5f67c68d4ce7c43b1a6') in 0.020060 seconds 
========================================================================
Received Import Request.
  Time since last request: 0.000030 seconds.
  path: Assets/Prefabs/Enemies/Defenders/Lineman 5.prefab
  artifactKey: Guid(6ed910e13f31a404c8fd58febc3e5a78) Importer(815301076,1909f56bfc062723c751e8b465ee728b)
Start importing Assets/Prefabs/Enemies/Defenders/Lineman 5.prefab using Guid(6ed910e13f31a404c8fd58febc3e5a78) Importer(815301076,1909f56bfc062723c751e8b465ee728b)  -> (artifact id: '52e67d58c53bd9d0e6d949ce4b1f8930') in 0.024112 seconds 
========================================================================
Received Import Request.
  Time since last request: 0.000027 seconds.
  path: Assets/Prefabs/Enemies/Defenders/Lineman 3.prefab
  artifactKey: Guid(90746c78e9e662b4fb00169aa613cf37) Importer(815301076,1909f56bfc062723c751e8b465ee728b)
Start importing Assets/Prefabs/Enemies/Defenders/Lineman 3.prefab using Guid(90746c78e9e662b4fb00169aa613cf37) Importer(815301076,1909f56bfc062723c751e8b465ee728b)  -> (artifact id: 'b847d0b8175e906271ef98f94f0dca6d') in 0.017219 seconds 
========================================================================
Received Import Request.
  Time since last request: 5.001611 seconds.
  path: Assets/Prefabs/Enemies/Defenders/Lineman 0.prefab
  artifactKey: Guid(f43c4947c8d2d834cb2ddf47f9cf4d83) Importer(815301076,1909f56bfc062723c751e8b465ee728b)
Start importing Assets/Prefabs/Enemies/Defenders/Lineman 0.prefab using Guid(f43c4947c8d2d834cb2ddf47f9cf4d83) Importer(815301076,1909f56bfc062723c751e8b465ee728b)  -> (artifact id: '10b7611f8e2e40f049e2e5193dbaac49') in 0.022304 seconds 
========================================================================
Received Import Request.
  Time since last request: 0.000026 seconds.
  path: Assets/Prefabs/Enemies/Defenders/Wingman 3.prefab
  artifactKey: Guid(2bcdd6bf69280934b810231427f70198) Importer(815301076,1909f56bfc062723c751e8b465ee728b)
Start importing Assets/Prefabs/Enemies/Defenders/Wingman 3.prefab using Guid(2bcdd6bf69280934b810231427f70198) Importer(815301076,1909f56bfc062723c751e8b465ee728b)  -> (artifact id: '800a2548c912b55af6bc07cc30d76e87') in 0.024541 seconds 
========================================================================
Received Import Request.
  Time since last request: 0.000025 seconds.
  path: Assets/Prefabs/Enemies/Defenders/Wingman 5.prefab
  artifactKey: Guid(670793b8dd32e554390fe2cbccd54173) Importer(815301076,1909f56bfc062723c751e8b465ee728b)
Start importing Assets/Prefabs/Enemies/Defenders/Wingman 5.prefab using Guid(670793b8dd32e554390fe2cbccd54173) Importer(815301076,1909f56bfc062723c751e8b465ee728b)  -> (artifact id: '0bc2ad49ab82591223e342e9dd3febaf') in 0.019955 seconds 
========================================================================
Received Import Request.
  Time since last request: 0.000029 seconds.
  path: Assets/Prefabs/Enemies/Defenders/Wingman 2.prefab
  artifactKey: Guid(3a0653bd9f8373f4a8bb6c0fa1a4529b) Importer(815301076,1909f56bfc062723c751e8b465ee728b)
Start importing Assets/Prefabs/Enemies/Defenders/Wingman 2.prefab using Guid(3a0653bd9f8373f4a8bb6c0fa1a4529b) Importer(815301076,1909f56bfc062723c751e8b465ee728b)  -> (artifact id: 'd048076a1905a577f475df0c17fa78cc') in 0.018832 seconds 
========================================================================
Received Import Request.
  Time since last request: 0.000025 seconds.
  path: Assets/Prefabs/Enemies/Defenders/Lineman 6.prefab
  artifactKey: Guid(2daef5a63457e2249a66a9474cfca210) Importer(815301076,1909f56bfc062723c751e8b465ee728b)
Start importing Assets/Prefabs/Enemies/Defenders/Lineman 6.prefab using Guid(2daef5a63457e2249a66a9474cfca210) Importer(815301076,1909f56bfc062723c751e8b465ee728b)  -> (artifact id: '3973f8cd1fffb23142549d4fe05e62fe') in 0.019776 seconds 
========================================================================
Received Import Request.
  Time since last request: 0.674341 seconds.
  path: Assets/Prefabs/Enemies/Defenders/Lineman 0.prefab
  artifactKey: Guid(f43c4947c8d2d834cb2ddf47f9cf4d83) Importer(815301076,1909f56bfc062723c751e8b465ee728b)
Start importing Assets/Prefabs/Enemies/Defenders/Lineman 0.prefab using Guid(f43c4947c8d2d834cb2ddf47f9cf4d83) Importer(815301076,1909f56bfc062723c751e8b465ee728b)  -> (artifact id: 'cd57778526df01071b560619375f2cff') in 0.021499 seconds 
========================================================================
Received Import Request.
  Time since last request: 0.000022 seconds.
  path: Assets/Prefabs/Enemies/Defenders/Wingman 4.prefab
  artifactKey: Guid(bbb2eaecead75294886b881616ca1a93) Importer(815301076,1909f56bfc062723c751e8b465ee728b)
Start importing Assets/Prefabs/Enemies/Defenders/Wingman 4.prefab using Guid(bbb2eaecead75294886b881616ca1a93) Importer(815301076,1909f56bfc062723c751e8b465ee728b)  -> (artifact id: '3c87d6407709c2dfb5bde070934ae7f0') in 0.021506 seconds 
========================================================================
Received Import Request.
  Time since last request: 0.000018 seconds.
  path: Assets/Prefabs/Enemies/Defenders/Wingman 5.prefab
  artifactKey: Guid(670793b8dd32e554390fe2cbccd54173) Importer(815301076,1909f56bfc062723c751e8b465ee728b)
Start importing Assets/Prefabs/Enemies/Defenders/Wingman 5.prefab using Guid(670793b8dd32e554390fe2cbccd54173) Importer(815301076,1909f56bfc062723c751e8b465ee728b)  -> (artifact id: '4aeebb26c51c95bbbe6f413bfcb2d669') in 0.020418 seconds 
========================================================================
Received Import Request.
  Time since last request: 0.000029 seconds.
  path: Assets/Prefabs/Enemies/Defenders/Wingman 1.prefab
  artifactKey: Guid(b6516d198970a8c4cac0735eef04682e) Importer(815301076,1909f56bfc062723c751e8b465ee728b)
Start importing Assets/Prefabs/Enemies/Defenders/Wingman 1.prefab using Guid(b6516d198970a8c4cac0735eef04682e) Importer(815301076,1909f56bfc062723c751e8b465ee728b)  -> (artifact id: '18f64f2b293fa7425f20d24d655849e2') in 0.019581 seconds 
========================================================================
Received Import Request.
  Time since last request: 0.000025 seconds.
  path: Assets/Prefabs/Enemies/Defenders/Lineman 5.prefab
  artifactKey: Guid(6ed910e13f31a404c8fd58febc3e5a78) Importer(815301076,1909f56bfc062723c751e8b465ee728b)
Start importing Assets/Prefabs/Enemies/Defenders/Lineman 5.prefab using Guid(6ed910e13f31a404c8fd58febc3e5a78) Importer(815301076,1909f56bfc062723c751e8b465ee728b)  -> (artifact id: '0d9e155b690a2344a07b8adb1909b997') in 0.019251 seconds 
========================================================================
Received Import Request.
  Time since last request: 6.117421 seconds.
  path: Assets/Prefabs/Enemies/Defenders/Lineman 0.prefab
  artifactKey: Guid(f43c4947c8d2d834cb2ddf47f9cf4d83) Importer(815301076,1909f56bfc062723c751e8b465ee728b)
Start importing Assets/Prefabs/Enemies/Defenders/Lineman 0.prefab using Guid(f43c4947c8d2d834cb2ddf47f9cf4d83) Importer(815301076,1909f56bfc062723c751e8b465ee728b)  -> (artifact id: '47cbfbcdcc84fddce59d15aa6226ac27') in 0.018906 seconds 
========================================================================
Received Import Request.
  Time since last request: 0.000022 seconds.
  path: Assets/Prefabs/Enemies/Defenders/Wingman 3.prefab
  artifactKey: Guid(2bcdd6bf69280934b810231427f70198) Importer(815301076,1909f56bfc062723c751e8b465ee728b)
Start importing Assets/Prefabs/Enemies/Defenders/Wingman 3.prefab using Guid(2bcdd6bf69280934b810231427f70198) Importer(815301076,1909f56bfc062723c751e8b465ee728b)  -> (artifact id: 'e98077e146e073db57aea8903a83beb9') in 0.023682 seconds 
========================================================================
Received Import Request.
  Time since last request: 0.000038 seconds.
  path: Assets/Prefabs/Enemies/Defenders/Wingman 5.prefab
  artifactKey: Guid(670793b8dd32e554390fe2cbccd54173) Importer(815301076,1909f56bfc062723c751e8b465ee728b)
Start importing Assets/Prefabs/Enemies/Defenders/Wingman 5.prefab using Guid(670793b8dd32e554390fe2cbccd54173) Importer(815301076,1909f56bfc062723c751e8b465ee728b)  -> (artifact id: 'fc2db73cc9a6b7662e89fe0126209ee5') in 0.020453 seconds 
========================================================================
Received Import Request.
  Time since last request: 0.000019 seconds.
  path: Assets/Prefabs/Enemies/Defenders/Lineman 4.prefab
  artifactKey: Guid(5554b1bd4f149424fa97a27f4900998e) Importer(815301076,1909f56bfc062723c751e8b465ee728b)
Start importing Assets/Prefabs/Enemies/Defenders/Lineman 4.prefab using Guid(5554b1bd4f149424fa97a27f4900998e) Importer(815301076,1909f56bfc062723c751e8b465ee728b)  -> (artifact id: '0f97a3f281ba3f08d61aaf211922ca17') in 0.019005 seconds 
========================================================================
Received Import Request.
  Time since last request: 0.000049 seconds.
  path: Assets/Prefabs/Enemies/Defenders/Lineman 5.prefab
  artifactKey: Guid(6ed910e13f31a404c8fd58febc3e5a78) Importer(815301076,1909f56bfc062723c751e8b465ee728b)
Start importing Assets/Prefabs/Enemies/Defenders/Lineman 5.prefab using Guid(6ed910e13f31a404c8fd58febc3e5a78) Importer(815301076,1909f56bfc062723c751e8b465ee728b)  -> (artifact id: '3d80ae0d27b83e9dcfa213015f198b0d') in 0.020472 seconds 
========================================================================
Received Import Request.
  Time since last request: 0.000029 seconds.
  path: Assets/Prefabs/Enemies/Defenders/Lineman 3.prefab
  artifactKey: Guid(90746c78e9e662b4fb00169aa613cf37) Importer(815301076,1909f56bfc062723c751e8b465ee728b)
Start importing Assets/Prefabs/Enemies/Defenders/Lineman 3.prefab using Guid(90746c78e9e662b4fb00169aa613cf37) Importer(815301076,1909f56bfc062723c751e8b465ee728b)  -> (artifact id: 'f4282790c4ae00223730e84cb0df94be') in 0.015334 seconds 
========================================================================
Received Import Request.
  Time since last request: 4.392176 seconds.
  path: Assets/Prefabs/Enemies/Defenders/Lineman 0.prefab
  artifactKey: Guid(f43c4947c8d2d834cb2ddf47f9cf4d83) Importer(815301076,1909f56bfc062723c751e8b465ee728b)
Start importing Assets/Prefabs/Enemies/Defenders/Lineman 0.prefab using Guid(f43c4947c8d2d834cb2ddf47f9cf4d83) Importer(815301076,1909f56bfc062723c751e8b465ee728b)  -> (artifact id: '884523af1d05fded1f3f3862c0194e07') in 0.023902 seconds 
========================================================================
Received Import Request.
  Time since last request: 0.000024 seconds.
  path: Assets/Prefabs/Enemies/Defenders/Wingman 4.prefab
  artifactKey: Guid(bbb2eaecead75294886b881616ca1a93) Importer(815301076,1909f56bfc062723c751e8b465ee728b)
Start importing Assets/Prefabs/Enemies/Defenders/Wingman 4.prefab using Guid(bbb2eaecead75294886b881616ca1a93) Importer(815301076,1909f56bfc062723c751e8b465ee728b)  -> (artifact id: '3c1452493a11871447a6487c5c32eb1e') in 0.022574 seconds 
========================================================================
Received Import Request.
  Time since last request: 0.000019 seconds.
  path: Assets/Prefabs/Enemies/Defenders/Wingman 7.prefab
  artifactKey: Guid(8aa6c826ded9ced49809944ee1a19bdb) Importer(815301076,1909f56bfc062723c751e8b465ee728b)
Start importing Assets/Prefabs/Enemies/Defenders/Wingman 7.prefab using Guid(8aa6c826ded9ced49809944ee1a19bdb) Importer(815301076,1909f56bfc062723c751e8b465ee728b)  -> (artifact id: '996b62bcd84b6d1768ada88ec922bd6b') in 0.024711 seconds 
========================================================================
Received Import Request.
  Time since last request: 0.000019 seconds.
  path: Assets/Prefabs/Enemies/Defenders/Lineman 4.prefab
  artifactKey: Guid(5554b1bd4f149424fa97a27f4900998e) Importer(815301076,1909f56bfc062723c751e8b465ee728b)
Start importing Assets/Prefabs/Enemies/Defenders/Lineman 4.prefab using Guid(5554b1bd4f149424fa97a27f4900998e) Importer(815301076,1909f56bfc062723c751e8b465ee728b)  -> (artifact id: '1f3b091301c24108f06c91d7cf318c7a') in 0.019389 seconds 
========================================================================
Received Import Request.
  Time since last request: 0.000024 seconds.
  path: Assets/Prefabs/Enemies/Defenders/Lineman 5.prefab
  artifactKey: Guid(6ed910e13f31a404c8fd58febc3e5a78) Importer(815301076,1909f56bfc062723c751e8b465ee728b)
Start importing Assets/Prefabs/Enemies/Defenders/Lineman 5.prefab using Guid(6ed910e13f31a404c8fd58febc3e5a78) Importer(815301076,1909f56bfc062723c751e8b465ee728b)  -> (artifact id: '76d0f6370089b69ff10553ed82886c41') in 0.019491 seconds 
========================================================================
Received Import Request.
  Time since last request: 0.000031 seconds.
  path: Assets/Prefabs/Enemies/Defenders/Lineman 3.prefab
  artifactKey: Guid(90746c78e9e662b4fb00169aa613cf37) Importer(815301076,1909f56bfc062723c751e8b465ee728b)
Start importing Assets/Prefabs/Enemies/Defenders/Lineman 3.prefab using Guid(90746c78e9e662b4fb00169aa613cf37) Importer(815301076,1909f56bfc062723c751e8b465ee728b)  -> (artifact id: 'aa9f766748080f260c8817cc74cd2123') in 0.017665 seconds 
========================================================================
Received Import Request.
  Time since last request: 1.914030 seconds.
  path: Assets/Prefabs/Enemies/Defenders/Lineman 0.prefab
  artifactKey: Guid(f43c4947c8d2d834cb2ddf47f9cf4d83) Importer(815301076,1909f56bfc062723c751e8b465ee728b)
Start importing Assets/Prefabs/Enemies/Defenders/Lineman 0.prefab using Guid(f43c4947c8d2d834cb2ddf47f9cf4d83) Importer(815301076,1909f56bfc062723c751e8b465ee728b)  -> (artifact id: '453c6c37c7194acf3cb47d6c5b97fae9') in 0.023608 seconds 
========================================================================
Received Import Request.
  Time since last request: 0.000037 seconds.
  path: Assets/Prefabs/Enemies/Defenders/Wingman 6.prefab
  artifactKey: Guid(506d46024c271f34cbc7b90b9ec93a3c) Importer(815301076,1909f56bfc062723c751e8b465ee728b)
Start importing Assets/Prefabs/Enemies/Defenders/Wingman 6.prefab using Guid(506d46024c271f34cbc7b90b9ec93a3c) Importer(815301076,1909f56bfc062723c751e8b465ee728b)  -> (artifact id: '1305d3fa9d3380bcecffd49968ea17ff') in 0.020063 seconds 
========================================================================
Received Import Request.
  Time since last request: 0.000040 seconds.
  path: Assets/Prefabs/Enemies/Defenders/Wingman 7.prefab
  artifactKey: Guid(8aa6c826ded9ced49809944ee1a19bdb) Importer(815301076,1909f56bfc062723c751e8b465ee728b)
Start importing Assets/Prefabs/Enemies/Defenders/Wingman 7.prefab using Guid(8aa6c826ded9ced49809944ee1a19bdb) Importer(815301076,1909f56bfc062723c751e8b465ee728b)  -> (artifact id: 'cd4febebf2c72f181e23a0482cfe8234') in 0.028013 seconds 
========================================================================
Received Import Request.
  Time since last request: 0.000020 seconds.
  path: Assets/Prefabs/Enemies/Defenders/Wingman 1.prefab
  artifactKey: Guid(b6516d198970a8c4cac0735eef04682e) Importer(815301076,1909f56bfc062723c751e8b465ee728b)
Start importing Assets/Prefabs/Enemies/Defenders/Wingman 1.prefab using Guid(b6516d198970a8c4cac0735eef04682e) Importer(815301076,1909f56bfc062723c751e8b465ee728b)  -> (artifact id: 'cb7c1aa125c9bfcb45d89a5bb50830ae') in 0.025678 seconds 
========================================================================
Received Import Request.
  Time since last request: 0.000019 seconds.
  path: Assets/Prefabs/Enemies/Defenders/Lineman 5.prefab
  artifactKey: Guid(6ed910e13f31a404c8fd58febc3e5a78) Importer(815301076,1909f56bfc062723c751e8b465ee728b)
Start importing Assets/Prefabs/Enemies/Defenders/Lineman 5.prefab using Guid(6ed910e13f31a404c8fd58febc3e5a78) Importer(815301076,1909f56bfc062723c751e8b465ee728b)  -> (artifact id: 'bbddf3df8a28bfa6e639d67e829b7bcb') in 0.025377 seconds 
========================================================================
Received Import Request.
  Time since last request: 0.000024 seconds.
  path: Assets/Prefabs/Enemies/Defenders/Lineman 3.prefab
  artifactKey: Guid(90746c78e9e662b4fb00169aa613cf37) Importer(815301076,1909f56bfc062723c751e8b465ee728b)
Start importing Assets/Prefabs/Enemies/Defenders/Lineman 3.prefab using Guid(90746c78e9e662b4fb00169aa613cf37) Importer(815301076,1909f56bfc062723c751e8b465ee728b)  -> (artifact id: 'ef5300b60ee54b1071586d0761f96426') in 0.022418 seconds 
========================================================================
Received Prepare
Registering precompiled user dll's ...
Registered in 0.006209 seconds.
Begin MonoManager ReloadAssembly
Symbol file LoadedFromMemory is not a mono symbol file
Native extension for WindowsStandalone target not found
Native extension for WebGL target not found
Refreshing native plugins compatible for Editor in 2.96 ms, found 2 plugins.
Preloading 0 native plugins for Editor in 0.00 ms.
Warning: Annotation not found!
UnityEngine.StackTraceUtility:ExtractStackTrace ()
UnityEditor.ProBuilder.EditorUtility:SetGizmoIconEnabled (System.Type,bool) (at Library/PackageCache/com.unity.probuilder@5.0.3/Editor/EditorCore/EditorUtility.cs:575)
UnityEditor.ProBuilder.HierarchyListener:.cctor () (at Library/PackageCache/com.unity.probuilder@5.0.3/Editor/EditorCore/HierarchyListener.cs:21)
System.Runtime.CompilerServices.RuntimeHelpers:RunClassConstructor (System.RuntimeTypeHandle)
UnityEditor.EditorAssemblies:ProcessInitializeOnLoadAttributes (System.Type[])

[Library/PackageCache/com.unity.probuilder@5.0.3/Editor/EditorCore/EditorUtility.cs line 575]

Mono: successfully reloaded assembly
- Completed reload, in  1.383 seconds
Domain Reload Profiling:
	ReloadAssembly (1384ms)
		BeginReloadAssembly (147ms)
			ExecutionOrderSort (0ms)
			DisableScriptedObjects (7ms)
			BackupInstance (0ms)
			ReleaseScriptingObjects (0ms)
			CreateAndSetChildDomain (37ms)
		EndReloadAssembly (1140ms)
			LoadAssemblies (96ms)
			RebuildTransferFunctionScriptingTraits (0ms)
			SetupTypeCache (250ms)
			ReleaseScriptCaches (2ms)
			RebuildScriptCaches (59ms)
			SetupLoadedEditorAssemblies (623ms)
				LogAssemblyErrors (0ms)
				InitializePlatformSupportModulesInManaged (16ms)
				SetLoadedEditorAssemblies (0ms)
				RefreshPlugins (3ms)
				BeforeProcessingInitializeOnLoad (93ms)
				ProcessInitializeOnLoadAttributes (396ms)
				ProcessInitializeOnLoadMethodAttributes (103ms)
				AfterProcessingInitializeOnLoad (11ms)
				EditorAssembliesLoaded (0ms)
			ExecutionOrderSort2 (0ms)
			AwakeInstancesAfterBackupRestoration (18ms)
Platform modules already initialized, skipping
Refreshing native plugins compatible for Editor in 4.77 ms, found 2 plugins.
Preloading 0 native plugins for Editor in 0.00 ms.
Unloading 3633 Unused Serialized files (Serialized files now loaded: 0)
Unloading 21 unused Assets / (463.8 KB). Loaded Objects now: 4307.
Memory consumption went from 195.8 MB to 195.4 MB.
Total: 6.737900 ms (FindLiveObjects: 0.344500 ms CreateObjectMapping: 0.297400 ms MarkObjects: 5.464600 ms  DeleteObjects: 0.630400 ms)

AssetImportParameters requested are different than current active one (requested -> active):
  custom:video-decoder-ogg-theora: a1e56fd34408186e4bbccfd4996cb3dc -> 
  custom:container-muxer-webm: aa71ff27fc2769a1b78a27578f13a17b -> 
  custom:container-demuxer-webm: 4f35f7cbe854078d1ac9338744f61a02 -> 
  custom:video-encoder-webm-vp8: eb34c28f22e8b96e1ab97ce403110664 -> 
  custom:audio-encoder-webm-vorbis: bf7c407c2cedff20999df2af8eb42d56 -> 
  custom:framework-win-MediaFoundation: 216162199b28c13a410421893ffa2e32 -> 
  custom:container-demuxer-ogg: 62fdf1f143b41e24485cea50d1cbac27 -> 
  custom:video-decoder-webm-vp8: 9c59270c3fd7afecdb556c50c9e8de78 -> 
  custom:audio-decoder-ogg-vorbis: bf7c407c2cedff20999df2af8eb42d56 -> 
========================================================================
Received Prepare
Registering precompiled user dll's ...
Registered in 0.007238 seconds.
Begin MonoManager ReloadAssembly
Symbol file LoadedFromMemory is not a mono symbol file
Native extension for WindowsStandalone target not found
Native extension for WebGL target not found
Refreshing native plugins compatible for Editor in 0.99 ms, found 2 plugins.
Preloading 0 native plugins for Editor in 0.00 ms.
Warning: Annotation not found!
UnityEngine.StackTraceUtility:ExtractStackTrace ()
UnityEditor.ProBuilder.EditorUtility:SetGizmoIconEnabled (System.Type,bool) (at Library/PackageCache/com.unity.probuilder@5.0.3/Editor/EditorCore/EditorUtility.cs:575)
UnityEditor.ProBuilder.HierarchyListener:.cctor () (at Library/PackageCache/com.unity.probuilder@5.0.3/Editor/EditorCore/HierarchyListener.cs:21)
System.Runtime.CompilerServices.RuntimeHelpers:RunClassConstructor (System.RuntimeTypeHandle)
UnityEditor.EditorAssemblies:ProcessInitializeOnLoadAttributes (System.Type[])

[Library/PackageCache/com.unity.probuilder@5.0.3/Editor/EditorCore/EditorUtility.cs line 575]

Mono: successfully reloaded assembly
- Completed reload, in  1.148 seconds
Domain Reload Profiling:
	ReloadAssembly (1149ms)
		BeginReloadAssembly (141ms)
			ExecutionOrderSort (0ms)
			DisableScriptedObjects (5ms)
			BackupInstance (0ms)
			ReleaseScriptingObjects (0ms)
			CreateAndSetChildDomain (34ms)
		EndReloadAssembly (903ms)
			LoadAssemblies (94ms)
			RebuildTransferFunctionScriptingTraits (0ms)
			SetupTypeCache (219ms)
			ReleaseScriptCaches (2ms)
			RebuildScriptCaches (41ms)
			SetupLoadedEditorAssemblies (452ms)
				LogAssemblyErrors (0ms)
				InitializePlatformSupportModulesInManaged (13ms)
				SetLoadedEditorAssemblies (0ms)
				RefreshPlugins (1ms)
				BeforeProcessingInitializeOnLoad (77ms)
				ProcessInitializeOnLoadAttributes (274ms)
				ProcessInitializeOnLoadMethodAttributes (76ms)
				AfterProcessingInitializeOnLoad (9ms)
				EditorAssembliesLoaded (0ms)
			ExecutionOrderSort2 (0ms)
			AwakeInstancesAfterBackupRestoration (14ms)
Platform modules already initialized, skipping
Refreshing native plugins compatible for Editor in 1.87 ms, found 2 plugins.
Preloading 0 native plugins for Editor in 0.00 ms.
Unloading 3634 Unused Serialized files (Serialized files now loaded: 0)
Unloading 21 unused Assets / (470.9 KB). Loaded Objects now: 4310.
Memory consumption went from 195.9 MB to 195.4 MB.
Total: 4.017300 ms (FindLiveObjects: 0.311400 ms CreateObjectMapping: 0.220500 ms MarkObjects: 3.090100 ms  DeleteObjects: 0.394500 ms)

AssetImportParameters requested are different than current active one (requested -> active):
  custom:video-decoder-ogg-theora: a1e56fd34408186e4bbccfd4996cb3dc -> 
  custom:container-muxer-webm: aa71ff27fc2769a1b78a27578f13a17b -> 
  custom:container-demuxer-webm: 4f35f7cbe854078d1ac9338744f61a02 -> 
  custom:video-encoder-webm-vp8: eb34c28f22e8b96e1ab97ce403110664 -> 
  custom:audio-encoder-webm-vorbis: bf7c407c2cedff20999df2af8eb42d56 -> 
  custom:framework-win-MediaFoundation: 216162199b28c13a410421893ffa2e32 -> 
  custom:container-demuxer-ogg: 62fdf1f143b41e24485cea50d1cbac27 -> 
  custom:video-decoder-webm-vp8: 9c59270c3fd7afecdb556c50c9e8de78 -> 
  custom:audio-decoder-ogg-vorbis: bf7c407c2cedff20999df2af8eb42d56 -> 
========================================================================
Received Prepare
Registering precompiled user dll's ...
Registered in 0.006511 seconds.
Begin MonoManager ReloadAssembly
Symbol file LoadedFromMemory is not a mono symbol file
Native extension for WindowsStandalone target not found
Native extension for WebGL target not found
Refreshing native plugins compatible for Editor in 0.98 ms, found 2 plugins.
Preloading 0 native plugins for Editor in 0.00 ms.
Warning: Annotation not found!
UnityEngine.StackTraceUtility:ExtractStackTrace ()
UnityEditor.ProBuilder.EditorUtility:SetGizmoIconEnabled (System.Type,bool) (at Library/PackageCache/com.unity.probuilder@5.0.3/Editor/EditorCore/EditorUtility.cs:575)
UnityEditor.ProBuilder.HierarchyListener:.cctor () (at Library/PackageCache/com.unity.probuilder@5.0.3/Editor/EditorCore/HierarchyListener.cs:21)
System.Runtime.CompilerServices.RuntimeHelpers:RunClassConstructor (System.RuntimeTypeHandle)
UnityEditor.EditorAssemblies:ProcessInitializeOnLoadAttributes (System.Type[])

[Library/PackageCache/com.unity.probuilder@5.0.3/Editor/EditorCore/EditorUtility.cs line 575]

Mono: successfully reloaded assembly
- Completed reload, in  1.115 seconds
Domain Reload Profiling:
	ReloadAssembly (1115ms)
		BeginReloadAssembly (140ms)
			ExecutionOrderSort (0ms)
			DisableScriptedObjects (6ms)
			BackupInstance (0ms)
			ReleaseScriptingObjects (0ms)
			CreateAndSetChildDomain (32ms)
		EndReloadAssembly (867ms)
			LoadAssemblies (96ms)
			RebuildTransferFunctionScriptingTraits (0ms)
			SetupTypeCache (227ms)
			ReleaseScriptCaches (1ms)
			RebuildScriptCaches (42ms)
			SetupLoadedEditorAssemblies (436ms)
				LogAssemblyErrors (0ms)
				InitializePlatformSupportModulesInManaged (14ms)
				SetLoadedEditorAssemblies (0ms)
				RefreshPlugins (1ms)
				BeforeProcessingInitializeOnLoad (74ms)
				ProcessInitializeOnLoadAttributes (263ms)
				ProcessInitializeOnLoadMethodAttributes (74ms)
				AfterProcessingInitializeOnLoad (9ms)
				EditorAssembliesLoaded (0ms)
			ExecutionOrderSort2 (0ms)
			AwakeInstancesAfterBackupRestoration (14ms)
Platform modules already initialized, skipping
Refreshing native plugins compatible for Editor in 2.02 ms, found 2 plugins.
Preloading 0 native plugins for Editor in 0.00 ms.
Unloading 3634 Unused Serialized files (Serialized files now loaded: 0)
Unloading 21 unused Assets / (463.3 KB). Loaded Objects now: 4313.
Memory consumption went from 195.9 MB to 195.5 MB.
Total: 3.280000 ms (FindLiveObjects: 0.282000 ms CreateObjectMapping: 0.201200 ms MarkObjects: 2.510600 ms  DeleteObjects: 0.285400 ms)

AssetImportParameters requested are different than current active one (requested -> active):
  custom:video-decoder-ogg-theora: a1e56fd34408186e4bbccfd4996cb3dc -> 
  custom:container-muxer-webm: aa71ff27fc2769a1b78a27578f13a17b -> 
  custom:container-demuxer-webm: 4f35f7cbe854078d1ac9338744f61a02 -> 
  custom:video-encoder-webm-vp8: eb34c28f22e8b96e1ab97ce403110664 -> 
  custom:audio-encoder-webm-vorbis: bf7c407c2cedff20999df2af8eb42d56 -> 
  custom:framework-win-MediaFoundation: 216162199b28c13a410421893ffa2e32 -> 
  custom:container-demuxer-ogg: 62fdf1f143b41e24485cea50d1cbac27 -> 
  custom:video-decoder-webm-vp8: 9c59270c3fd7afecdb556c50c9e8de78 -> 
  custom:audio-decoder-ogg-vorbis: bf7c407c2cedff20999df2af8eb42d56 -> 
========================================================================
Received Prepare
Registering precompiled user dll's ...
Registered in 0.006187 seconds.
Begin MonoManager ReloadAssembly
Symbol file LoadedFromMemory is not a mono symbol file
Native extension for WindowsStandalone target not found
Native extension for WebGL target not found
Refreshing native plugins compatible for Editor in 1.36 ms, found 2 plugins.
Preloading 0 native plugins for Editor in 0.00 ms.
Warning: Annotation not found!
UnityEngine.StackTraceUtility:ExtractStackTrace ()
UnityEditor.ProBuilder.EditorUtility:SetGizmoIconEnabled (System.Type,bool) (at Library/PackageCache/com.unity.probuilder@5.0.3/Editor/EditorCore/EditorUtility.cs:575)
UnityEditor.ProBuilder.HierarchyListener:.cctor () (at Library/PackageCache/com.unity.probuilder@5.0.3/Editor/EditorCore/HierarchyListener.cs:21)
System.Runtime.CompilerServices.RuntimeHelpers:RunClassConstructor (System.RuntimeTypeHandle)
UnityEditor.EditorAssemblies:ProcessInitializeOnLoadAttributes (System.Type[])

[Library/PackageCache/com.unity.probuilder@5.0.3/Editor/EditorCore/EditorUtility.cs line 575]

Mono: successfully reloaded assembly
- Completed reload, in  1.258 seconds
Domain Reload Profiling:
	ReloadAssembly (1259ms)
		BeginReloadAssembly (136ms)
			ExecutionOrderSort (0ms)
			DisableScriptedObjects (6ms)
			BackupInstance (0ms)
			ReleaseScriptingObjects (0ms)
			CreateAndSetChildDomain (31ms)
		EndReloadAssembly (1020ms)
			LoadAssemblies (88ms)
			RebuildTransferFunctionScriptingTraits (0ms)
			SetupTypeCache (240ms)
			ReleaseScriptCaches (2ms)
			RebuildScriptCaches (58ms)
			SetupLoadedEditorAssemblies (536ms)
				LogAssemblyErrors (0ms)
				InitializePlatformSupportModulesInManaged (16ms)
				SetLoadedEditorAssemblies (1ms)
				RefreshPlugins (1ms)
				BeforeProcessingInitializeOnLoad (87ms)
				ProcessInitializeOnLoadAttributes (324ms)
				ProcessInitializeOnLoadMethodAttributes (96ms)
				AfterProcessingInitializeOnLoad (10ms)
				EditorAssembliesLoaded (0ms)
			ExecutionOrderSort2 (0ms)
			AwakeInstancesAfterBackupRestoration (18ms)
Platform modules already initialized, skipping
Refreshing native plugins compatible for Editor in 3.90 ms, found 2 plugins.
Preloading 0 native plugins for Editor in 0.00 ms.
Unloading 3634 Unused Serialized files (Serialized files now loaded: 0)
Unloading 21 unused Assets / (470.5 KB). Loaded Objects now: 4316.
Memory consumption went from 195.9 MB to 195.5 MB.
Total: 5.373200 ms (FindLiveObjects: 0.417500 ms CreateObjectMapping: 0.772900 ms MarkObjects: 3.810800 ms  DeleteObjects: 0.370800 ms)

AssetImportParameters requested are different than current active one (requested -> active):
  custom:video-decoder-ogg-theora: a1e56fd34408186e4bbccfd4996cb3dc -> 
  custom:container-muxer-webm: aa71ff27fc2769a1b78a27578f13a17b -> 
  custom:container-demuxer-webm: 4f35f7cbe854078d1ac9338744f61a02 -> 
  custom:video-encoder-webm-vp8: eb34c28f22e8b96e1ab97ce403110664 -> 
  custom:audio-encoder-webm-vorbis: bf7c407c2cedff20999df2af8eb42d56 -> 
  custom:framework-win-MediaFoundation: 216162199b28c13a410421893ffa2e32 -> 
  custom:container-demuxer-ogg: 62fdf1f143b41e24485cea50d1cbac27 -> 
  custom:video-decoder-webm-vp8: 9c59270c3fd7afecdb556c50c9e8de78 -> 
  custom:audio-decoder-ogg-vorbis: bf7c407c2cedff20999df2af8eb42d56 -> 
========================================================================
Received Prepare
Registering precompiled user dll's ...
Registered in 0.005596 seconds.
Begin MonoManager ReloadAssembly
Symbol file LoadedFromMemory is not a mono symbol file
Native extension for WindowsStandalone target not found
Native extension for WebGL target not found
Refreshing native plugins compatible for Editor in 1.56 ms, found 2 plugins.
Preloading 0 native plugins for Editor in 0.00 ms.
Warning: Annotation not found!
UnityEngine.StackTraceUtility:ExtractStackTrace ()
UnityEditor.ProBuilder.EditorUtility:SetGizmoIconEnabled (System.Type,bool) (at Library/PackageCache/com.unity.probuilder@5.0.3/Editor/EditorCore/EditorUtility.cs:575)
UnityEditor.ProBuilder.HierarchyListener:.cctor () (at Library/PackageCache/com.unity.probuilder@5.0.3/Editor/EditorCore/HierarchyListener.cs:21)
System.Runtime.CompilerServices.RuntimeHelpers:RunClassConstructor (System.RuntimeTypeHandle)
UnityEditor.EditorAssemblies:ProcessInitializeOnLoadAttributes (System.Type[])

[Library/PackageCache/com.unity.probuilder@5.0.3/Editor/EditorCore/EditorUtility.cs line 575]

Mono: successfully reloaded assembly
- Completed reload, in  1.171 seconds
Domain Reload Profiling:
	ReloadAssembly (1172ms)
		BeginReloadAssembly (133ms)
			ExecutionOrderSort (0ms)
			DisableScriptedObjects (6ms)
			BackupInstance (0ms)
			ReleaseScriptingObjects (0ms)
			CreateAndSetChildDomain (32ms)
		EndReloadAssembly (924ms)
			LoadAssemblies (89ms)
			RebuildTransferFunctionScriptingTraits (0ms)
			SetupTypeCache (223ms)
			ReleaseScriptCaches (1ms)
			RebuildScriptCaches (40ms)
			SetupLoadedEditorAssemblies (498ms)
				LogAssemblyErrors (0ms)
				InitializePlatformSupportModulesInManaged (15ms)
				SetLoadedEditorAssemblies (1ms)
				RefreshPlugins (2ms)
				BeforeProcessingInitializeOnLoad (106ms)
				ProcessInitializeOnLoadAttributes (278ms)
				ProcessInitializeOnLoadMethodAttributes (87ms)
				AfterProcessingInitializeOnLoad (9ms)
				EditorAssembliesLoaded (0ms)
			ExecutionOrderSort2 (0ms)
			AwakeInstancesAfterBackupRestoration (15ms)
Platform modules already initialized, skipping
Refreshing native plugins compatible for Editor in 1.98 ms, found 2 plugins.
Preloading 0 native plugins for Editor in 0.00 ms.
Unloading 3634 Unused Serialized files (Serialized files now loaded: 0)
Unloading 21 unused Assets / (470.9 KB). Loaded Objects now: 4319.
Memory consumption went from 195.9 MB to 195.5 MB.
Total: 3.488600 ms (FindLiveObjects: 0.278600 ms CreateObjectMapping: 0.159200 ms MarkObjects: 2.757800 ms  DeleteObjects: 0.291700 ms)

AssetImportParameters requested are different than current active one (requested -> active):
  custom:video-decoder-ogg-theora: a1e56fd34408186e4bbccfd4996cb3dc -> 
  custom:container-muxer-webm: aa71ff27fc2769a1b78a27578f13a17b -> 
  custom:container-demuxer-webm: 4f35f7cbe854078d1ac9338744f61a02 -> 
  custom:video-encoder-webm-vp8: eb34c28f22e8b96e1ab97ce403110664 -> 
  custom:audio-encoder-webm-vorbis: bf7c407c2cedff20999df2af8eb42d56 -> 
  custom:framework-win-MediaFoundation: 216162199b28c13a410421893ffa2e32 -> 
  custom:container-demuxer-ogg: 62fdf1f143b41e24485cea50d1cbac27 -> 
  custom:video-decoder-webm-vp8: 9c59270c3fd7afecdb556c50c9e8de78 -> 
  custom:audio-decoder-ogg-vorbis: bf7c407c2cedff20999df2af8eb42d56 -> 
========================================================================
Received Prepare
Registering precompiled user dll's ...
Registered in 0.005713 seconds.
Begin MonoManager ReloadAssembly
Symbol file LoadedFromMemory is not a mono symbol file
Native extension for WindowsStandalone target not found
Native extension for WebGL target not found
Refreshing native plugins compatible for Editor in 2.04 ms, found 2 plugins.
Preloading 0 native plugins for Editor in 0.00 ms.
Warning: Annotation not found!
UnityEngine.StackTraceUtility:ExtractStackTrace ()
UnityEditor.ProBuilder.EditorUtility:SetGizmoIconEnabled (System.Type,bool) (at Library/PackageCache/com.unity.probuilder@5.0.3/Editor/EditorCore/EditorUtility.cs:575)
UnityEditor.ProBuilder.HierarchyListener:.cctor () (at Library/PackageCache/com.unity.probuilder@5.0.3/Editor/EditorCore/HierarchyListener.cs:21)
System.Runtime.CompilerServices.RuntimeHelpers:RunClassConstructor (System.RuntimeTypeHandle)
UnityEditor.EditorAssemblies:ProcessInitializeOnLoadAttributes (System.Type[])

[Library/PackageCache/com.unity.probuilder@5.0.3/Editor/EditorCore/EditorUtility.cs line 575]

Mono: successfully reloaded assembly
- Completed reload, in  1.221 seconds
Domain Reload Profiling:
	ReloadAssembly (1222ms)
		BeginReloadAssembly (143ms)
			ExecutionOrderSort (0ms)
			DisableScriptedObjects (7ms)
			BackupInstance (0ms)
			ReleaseScriptingObjects (0ms)
			CreateAndSetChildDomain (37ms)
		EndReloadAssembly (985ms)
			LoadAssemblies (94ms)
			RebuildTransferFunctionScriptingTraits (0ms)
			SetupTypeCache (227ms)
			ReleaseScriptCaches (2ms)
			RebuildScriptCaches (47ms)
			SetupLoadedEditorAssemblies (525ms)
				LogAssemblyErrors (0ms)
				InitializePlatformSupportModulesInManaged (21ms)
				SetLoadedEditorAssemblies (1ms)
				RefreshPlugins (2ms)
				BeforeProcessingInitializeOnLoad (84ms)
				ProcessInitializeOnLoadAttributes (312ms)
				ProcessInitializeOnLoadMethodAttributes (95ms)
				AfterProcessingInitializeOnLoad (11ms)
				EditorAssembliesLoaded (0ms)
			ExecutionOrderSort2 (0ms)
			AwakeInstancesAfterBackupRestoration (20ms)
Platform modules already initialized, skipping
Refreshing native plugins compatible for Editor in 2.60 ms, found 2 plugins.
Preloading 0 native plugins for Editor in 0.00 ms.
Unloading 3634 Unused Serialized files (Serialized files now loaded: 0)
Unloading 21 unused Assets / (470.9 KB). Loaded Objects now: 4322.
Memory consumption went from 195.9 MB to 195.5 MB.
Total: 7.843500 ms (FindLiveObjects: 0.609000 ms CreateObjectMapping: 0.522100 ms MarkObjects: 6.292300 ms  DeleteObjects: 0.418400 ms)

AssetImportParameters requested are different than current active one (requested -> active):
  custom:video-decoder-ogg-theora: a1e56fd34408186e4bbccfd4996cb3dc -> 
  custom:container-muxer-webm: aa71ff27fc2769a1b78a27578f13a17b -> 
  custom:container-demuxer-webm: 4f35f7cbe854078d1ac9338744f61a02 -> 
  custom:video-encoder-webm-vp8: eb34c28f22e8b96e1ab97ce403110664 -> 
  custom:audio-encoder-webm-vorbis: bf7c407c2cedff20999df2af8eb42d56 -> 
  custom:framework-win-MediaFoundation: 216162199b28c13a410421893ffa2e32 -> 
  custom:container-demuxer-ogg: 62fdf1f143b41e24485cea50d1cbac27 -> 
  custom:video-decoder-webm-vp8: 9c59270c3fd7afecdb556c50c9e8de78 -> 
  custom:audio-decoder-ogg-vorbis: bf7c407c2cedff20999df2af8eb42d56 -> 
========================================================================
Received Import Request.
  Time since last request: 327.119928 seconds.
  path: Assets/Animations/Defender_Run.controller
  artifactKey: Guid(0dbe445a5bd41b34ea4b9fa52c170b9e) Importer(815301076,1909f56bfc062723c751e8b465ee728b)
Start importing Assets/Animations/Defender_Run.controller using Guid(0dbe445a5bd41b34ea4b9fa52c170b9e) Importer(815301076,1909f56bfc062723c751e8b465ee728b)  -> (artifact id: 'f4a39f5f0f943d3888fc5ff8c1a762a1') in 0.016958 seconds 
========================================================================
Received Import Request.
  Time since last request: 25.283045 seconds.
  path: Assets/Import/Animation/Kevin Iglesias/Basic Motions/Animations/Movement/BasicMotions@Jump01.fbx
  artifactKey: Guid(067cc188e25b78b4a940a9fa67cd6ee7) Importer(815301076,1909f56bfc062723c751e8b465ee728b)
Start importing Assets/Import/Animation/Kevin Iglesias/Basic Motions/Animations/Movement/BasicMotions@Jump01.fbx using Guid(067cc188e25b78b4a940a9fa67cd6ee7) Importer(815301076,1909f56bfc062723c751e8b465ee728b)  -> (artifact id: '87716aa5e8f9626bf509f244a98d842d') in 0.045265 seconds 
========================================================================
Received Import Request.
  Time since last request: 0.000031 seconds.
  path: Assets/Import/Animation/Kevin Iglesias/Basic Motions/Animations/Movement/BasicMotions@Walk01.fbx
  artifactKey: Guid(0536f044bd409ff419dd726bc69d2676) Importer(815301076,1909f56bfc062723c751e8b465ee728b)
Start importing Assets/Import/Animation/Kevin Iglesias/Basic Motions/Animations/Movement/BasicMotions@Walk01.fbx using Guid(0536f044bd409ff419dd726bc69d2676) Importer(815301076,1909f56bfc062723c751e8b465ee728b)  -> (artifact id: '5c090fda15e1c589f49302caa66dd509') in 0.021924 seconds 
========================================================================
Received Import Request.
  Time since last request: 0.000030 seconds.
  path: Assets/Import/Animation/Kevin Iglesias/Basic Motions/Animations/Movement/BasicMotions@Sprint01 [RM].fbx
  artifactKey: Guid(7eebd174ff53112419b27f9d903573d7) Importer(815301076,1909f56bfc062723c751e8b465ee728b)
Start importing Assets/Import/Animation/Kevin Iglesias/Basic Motions/Animations/Movement/BasicMotions@Sprint01 [RM].fbx using Guid(7eebd174ff53112419b27f9d903573d7) Importer(815301076,1909f56bfc062723c751e8b465ee728b)  -> (artifact id: '9cad146ee2f0d6c3ef2dc4a0cb78ba6c') in 0.022269 seconds 
========================================================================
Received Import Request.
  Time since last request: 1.295784 seconds.
  path: Assets/Import/Supercyan Character Pack Zombie Sample/Animations/free_sample_zombie@zombie_walk_backwards.FBX
  artifactKey: Guid(170ca84ebfa7e0e42ba6f49d42cd0c51) Importer(815301076,1909f56bfc062723c751e8b465ee728b)
Start importing Assets/Import/Supercyan Character Pack Zombie Sample/Animations/free_sample_zombie@zombie_walk_backwards.FBX using Guid(170ca84ebfa7e0e42ba6f49d42cd0c51) Importer(815301076,1909f56bfc062723c751e8b465ee728b)  -> (artifact id: 'a907a0cd7539f0d4eccd71d5989f20fd') in 0.013473 seconds 
Editor requested this worker to shutdown with reason: Scaling down because of idle timeout
AssetImportWorker is now disconnected from the server
Process exiting
Exiting without the bug reporter. Application will terminate with return code 0